{"C:\\Users\\DehBarca\\Projects\\Orbit\\src\\app\\routes.ts": {"path":"C:\\Users\\DehBarca\\Projects\\Orbit\\src\\app\\routes.ts","statementMap":{"0":{"start":{"line":1,"column":0},"end":{"line":1,"column":31}},"1":{"start":{"line":2,"column":0},"end":{"line":2,"column":44}},"2":{"start":{"line":3,"column":0},"end":{"line":3,"column":45}},"3":{"start":{"line":4,"column":0},"end":{"line":4,"column":48}},"4":{"start":{"line":5,"column":0},"end":{"line":5,"column":61}},"5":{"start":{"line":6,"column":0},"end":{"line":6,"column":54}},"6":{"start":{"line":7,"column":0},"end":{"line":7,"column":45}},"7":{"start":{"line":8,"column":0},"end":{"line":8,"column":69}},"8":{"start":{"line":10,"column":15},"end":{"line":10,"column":23}},"9":{"start":{"line":12,"column":0},"end":{"line":12,"column":32}},"10":{"start":{"line":13,"column":0},"end":{"line":13,"column":33}},"11":{"start":{"line":14,"column":0},"end":{"line":14,"column":35}},"12":{"start":{"line":15,"column":0},"end":{"line":15,"column":44}},"13":{"start":{"line":16,"column":0},"end":{"line":16,"column":39}},"14":{"start":{"line":17,"column":0},"end":{"line":17,"column":33}},"15":{"start":{"line":18,"column":0},"end":{"line":18,"column":49}},"16":{"start":{"line":19,"column":0},"end":{"line":19,"column":22}}},"fnMap":{},"branchMap":{},"s":{"0":2,"1":2,"2":2,"3":2,"4":2,"5":2,"6":2,"7":2,"8":2,"9":2,"10":2,"11":2,"12":2,"13":2,"14":2,"15":2,"16":2},"f":{},"b":{}}
,"C:\\Users\\DehBarca\\Projects\\Orbit\\src\\app\\auth\\auth.controller.ts": {"path":"C:\\Users\\DehBarca\\Projects\\Orbit\\src\\app\\auth\\auth.controller.ts","statementMap":{"0":{"start":{"line":1,"column":0},"end":{"line":1,"column":42}},"1":{"start":{"line":3,"column":0},"end":{"line":3,"column":30}},"2":{"start":{"line":4,"column":0},"end":{"line":4,"column":31}},"3":{"start":{"line":5,"column":0},"end":{"line":5,"column":98}},"4":{"start":{"line":6,"column":0},"end":{"line":6,"column":33}},"5":{"start":{"line":8,"column":21},"end":{"line":27,"column":1}},"6":{"start":{"line":9,"column":30},"end":{"line":9,"column":38}},"7":{"start":{"line":10,"column":2},"end":{"line":26,"column":3}},"8":{"start":{"line":11,"column":17},"end":{"line":11,"column":30}},"9":{"start":{"line":12,"column":17},"end":{"line":12,"column":44}},"10":{"start":{"line":13,"column":4},"end":{"line":13,"column":91}},"11":{"start":{"line":13,"column":14},"end":{"line":13,"column":91}},"12":{"start":{"line":14,"column":20},"end":{"line":14,"column":65}},"13":{"start":{"line":15,"column":4},"end":{"line":15,"column":94}},"14":{"start":{"line":15,"column":17},"end":{"line":15,"column":94}},"15":{"start":{"line":17,"column":4},"end":{"line":21,"column":5}},"16":{"start":{"line":18,"column":6},"end":{"line":20,"column":9}},"17":{"start":{"line":22,"column":18},"end":{"line":22,"column":106}},"18":{"start":{"line":23,"column":4},"end":{"line":23,"column":72}},"19":{"start":{"line":25,"column":4},"end":{"line":25,"column":81}},"20":{"start":{"line":8,"column":13},"end":{"line":8,"column":21}},"21":{"start":{"line":29,"column":22},"end":{"line":75,"column":1}},"22":{"start":{"line":30,"column":35},"end":{"line":30,"column":43}},"23":{"start":{"line":31,"column":2},"end":{"line":74,"column":3}},"24":{"start":{"line":32,"column":17},"end":{"line":32,"column":30}},"25":{"start":{"line":33,"column":19},"end":{"line":33,"column":46}},"26":{"start":{"line":34,"column":4},"end":{"line":34,"column":87}},"27":{"start":{"line":34,"column":15},"end":{"line":34,"column":87}},"28":{"start":{"line":36,"column":27},"end":{"line":36,"column":58}},"29":{"start":{"line":37,"column":29},"end":{"line":37,"column":55}},"30":{"start":{"line":39,"column":20},"end":{"line":45,"column":6}},"31":{"start":{"line":47,"column":4},"end":{"line":47,"column":25}},"32":{"start":{"line":50,"column":22},"end":{"line":55,"column":6}},"33":{"start":{"line":57,"column":4},"end":{"line":59,"column":5}},"34":{"start":{"line":61,"column":4},"end":{"line":70,"column":7}},"35":{"start":{"line":72,"column":4},"end":{"line":72,"column":42}},"36":{"start":{"line":73,"column":4},"end":{"line":73,"column":99}},"37":{"start":{"line":29,"column":13},"end":{"line":29,"column":22}},"38":{"start":{"line":77,"column":27},"end":{"line":111,"column":1}},"39":{"start":{"line":78,"column":26},"end":{"line":78,"column":34}},"40":{"start":{"line":80,"column":2},"end":{"line":110,"column":3}},"41":{"start":{"line":81,"column":17},"end":{"line":81,"column":30}},"42":{"start":{"line":82,"column":17},"end":{"line":82,"column":70}},"43":{"start":{"line":84,"column":4},"end":{"line":86,"column":5}},"44":{"start":{"line":85,"column":6},"end":{"line":85,"column":95}},"45":{"start":{"line":88,"column":4},"end":{"line":88,"column":27}},"46":{"start":{"line":89,"column":4},"end":{"line":89,"column":38}},"47":{"start":{"line":90,"column":4},"end":{"line":90,"column":22}},"48":{"start":{"line":93,"column":4},"end":{"line":97,"column":7}},"49":{"start":{"line":99,"column":4},"end":{"line":107,"column":7}},"50":{"start":{"line":109,"column":4},"end":{"line":109,"column":79}},"51":{"start":{"line":77,"column":13},"end":{"line":77,"column":27}},"52":{"start":{"line":113,"column":30},"end":{"line":149,"column":1}},"53":{"start":{"line":114,"column":20},"end":{"line":114,"column":28}},"54":{"start":{"line":116,"column":2},"end":{"line":148,"column":3}},"55":{"start":{"line":117,"column":17},"end":{"line":117,"column":30}},"56":{"start":{"line":118,"column":17},"end":{"line":118,"column":46}},"57":{"start":{"line":120,"column":4},"end":{"line":125,"column":5}},"58":{"start":{"line":122,"column":6},"end":{"line":124,"column":9}},"59":{"start":{"line":127,"column":23},"end":{"line":127,"column":43}},"60":{"start":{"line":128,"column":29},"end":{"line":128,"column":59}},"61":{"start":{"line":130,"column":4},"end":{"line":130,"column":41}},"62":{"start":{"line":131,"column":4},"end":{"line":131,"column":48}},"63":{"start":{"line":132,"column":4},"end":{"line":132,"column":22}},"64":{"start":{"line":135,"column":22},"end":{"line":140,"column":6}},"65":{"start":{"line":142,"column":4},"end":{"line":145,"column":7}},"66":{"start":{"line":147,"column":4},"end":{"line":147,"column":79}},"67":{"start":{"line":113,"column":13},"end":{"line":113,"column":30}},"68":{"start":{"line":151,"column":29},"end":{"line":177,"column":1}},"69":{"start":{"line":152,"column":33},"end":{"line":152,"column":41}},"70":{"start":{"line":154,"column":2},"end":{"line":176,"column":3}},"71":{"start":{"line":155,"column":17},"end":{"line":155,"column":30}},"72":{"start":{"line":156,"column":17},"end":{"line":159,"column":6}},"73":{"start":{"line":161,"column":4},"end":{"line":163,"column":5}},"74":{"start":{"line":162,"column":6},"end":{"line":162,"column":105}},"75":{"start":{"line":165,"column":27},"end":{"line":165,"column":61}},"76":{"start":{"line":166,"column":4},"end":{"line":166,"column":35}},"77":{"start":{"line":167,"column":4},"end":{"line":167,"column":40}},"78":{"start":{"line":168,"column":4},"end":{"line":168,"column":41}},"79":{"start":{"line":169,"column":4},"end":{"line":169,"column":22}},"80":{"start":{"line":171,"column":4},"end":{"line":173,"column":7}},"81":{"start":{"line":175,"column":4},"end":{"line":175,"column":79}},"82":{"start":{"line":151,"column":13},"end":{"line":151,"column":29}},"83":{"start":{"line":180,"column":33},"end":{"line":211,"column":1}},"84":{"start":{"line":181,"column":26},"end":{"line":181,"column":35}},"85":{"start":{"line":183,"column":2},"end":{"line":185,"column":3}},"86":{"start":{"line":184,"column":4},"end":{"line":184,"column":91}},"87":{"start":{"line":187,"column":2},"end":{"line":210,"column":3}},"88":{"start":{"line":188,"column":17},"end":{"line":188,"column":30}},"89":{"start":{"line":189,"column":17},"end":{"line":189,"column":70}},"90":{"start":{"line":191,"column":4},"end":{"line":193,"column":5}},"91":{"start":{"line":192,"column":6},"end":{"line":192,"column":95}},"92":{"start":{"line":195,"column":4},"end":{"line":195,"column":27}},"93":{"start":{"line":196,"column":4},"end":{"line":196,"column":38}},"94":{"start":{"line":197,"column":4},"end":{"line":197,"column":22}},"95":{"start":{"line":200,"column":4},"end":{"line":204,"column":7}},"96":{"start":{"line":207,"column":4},"end":{"line":207,"column":102}},"97":{"start":{"line":209,"column":4},"end":{"line":209,"column":114}},"98":{"start":{"line":180,"column":13},"end":{"line":180,"column":33}},"99":{"start":{"line":213,"column":38},"end":{"line":248,"column":1}},"100":{"start":{"line":214,"column":20},"end":{"line":214,"column":28}},"101":{"start":{"line":216,"column":2},"end":{"line":247,"column":3}},"102":{"start":{"line":217,"column":17},"end":{"line":217,"column":30}},"103":{"start":{"line":218,"column":17},"end":{"line":218,"column":46}},"104":{"start":{"line":220,"column":4},"end":{"line":222,"column":5}},"105":{"start":{"line":221,"column":6},"end":{"line":221,"column":83}},"106":{"start":{"line":224,"column":4},"end":{"line":226,"column":5}},"107":{"start":{"line":225,"column":6},"end":{"line":225,"column":91}},"108":{"start":{"line":229,"column":29},"end":{"line":229,"column":55}},"109":{"start":{"line":230,"column":4},"end":{"line":230,"column":45}},"110":{"start":{"line":231,"column":4},"end":{"line":231,"column":22}},"111":{"start":{"line":234,"column":22},"end":{"line":239,"column":6}},"112":{"start":{"line":241,"column":4},"end":{"line":244,"column":7}},"113":{"start":{"line":246,"column":4},"end":{"line":246,"column":79}},"114":{"start":{"line":213,"column":13},"end":{"line":213,"column":38}}},"fnMap":{"0":{"name":"(anonymous_1)","decl":{"start":{"line":8,"column":21},"end":{"line":8,"column":26}},"loc":{"start":{"line":8,"column":59},"end":{"line":27,"column":1}}},"1":{"name":"(anonymous_2)","decl":{"start":{"line":29,"column":22},"end":{"line":29,"column":27}},"loc":{"start":{"line":29,"column":60},"end":{"line":75,"column":1}}},"2":{"name":"(anonymous_3)","decl":{"start":{"line":77,"column":27},"end":{"line":77,"column":32}},"loc":{"start":{"line":77,"column":65},"end":{"line":111,"column":1}}},"3":{"name":"(anonymous_4)","decl":{"start":{"line":113,"column":30},"end":{"line":113,"column":35}},"loc":{"start":{"line":113,"column":68},"end":{"line":149,"column":1}}},"4":{"name":"(anonymous_5)","decl":{"start":{"line":151,"column":29},"end":{"line":151,"column":34}},"loc":{"start":{"line":151,"column":67},"end":{"line":177,"column":1}}},"5":{"name":"(anonymous_6)","decl":{"start":{"line":180,"column":33},"end":{"line":180,"column":38}},"loc":{"start":{"line":180,"column":71},"end":{"line":211,"column":1}}},"6":{"name":"(anonymous_7)","decl":{"start":{"line":213,"column":38},"end":{"line":213,"column":43}},"loc":{"start":{"line":213,"column":76},"end":{"line":248,"column":1}}}},"branchMap":{"0":{"loc":{"start":{"line":13,"column":4},"end":{"line":13,"column":91}},"type":"if","locations":[{"start":{"line":13,"column":4},"end":{"line":13,"column":91}},{"start":{},"end":{}}]},"1":{"loc":{"start":{"line":15,"column":4},"end":{"line":15,"column":94}},"type":"if","locations":[{"start":{"line":15,"column":4},"end":{"line":15,"column":94}},{"start":{},"end":{}}]},"2":{"loc":{"start":{"line":17,"column":4},"end":{"line":21,"column":5}},"type":"if","locations":[{"start":{"line":17,"column":4},"end":{"line":21,"column":5}},{"start":{},"end":{}}]},"3":{"loc":{"start":{"line":34,"column":4},"end":{"line":34,"column":87}},"type":"if","locations":[{"start":{"line":34,"column":4},"end":{"line":34,"column":87}},{"start":{},"end":{}}]},"4":{"loc":{"start":{"line":57,"column":4},"end":{"line":59,"column":5}},"type":"if","locations":[{"start":{"line":57,"column":4},"end":{"line":59,"column":5}},{"start":{},"end":{}}]},"5":{"loc":{"start":{"line":84,"column":4},"end":{"line":86,"column":5}},"type":"if","locations":[{"start":{"line":84,"column":4},"end":{"line":86,"column":5}},{"start":{},"end":{}}]},"6":{"loc":{"start":{"line":120,"column":4},"end":{"line":125,"column":5}},"type":"if","locations":[{"start":{"line":120,"column":4},"end":{"line":125,"column":5}},{"start":{},"end":{}}]},"7":{"loc":{"start":{"line":161,"column":4},"end":{"line":163,"column":5}},"type":"if","locations":[{"start":{"line":161,"column":4},"end":{"line":163,"column":5}},{"start":{},"end":{}}]},"8":{"loc":{"start":{"line":183,"column":2},"end":{"line":185,"column":3}},"type":"if","locations":[{"start":{"line":183,"column":2},"end":{"line":185,"column":3}},{"start":{},"end":{}}]},"9":{"loc":{"start":{"line":183,"column":6},"end":{"line":183,"column":21}},"type":"binary-expr","locations":[{"start":{"line":183,"column":6},"end":{"line":183,"column":12}},{"start":{"line":183,"column":16},"end":{"line":183,"column":21}}]},"10":{"loc":{"start":{"line":191,"column":4},"end":{"line":193,"column":5}},"type":"if","locations":[{"start":{"line":191,"column":4},"end":{"line":193,"column":5}},{"start":{},"end":{}}]},"11":{"loc":{"start":{"line":207,"column":27},"end":{"line":207,"column":78}},"type":"binary-expr","locations":[{"start":{"line":207,"column":27},"end":{"line":207,"column":51}},{"start":{"line":207,"column":55},"end":{"line":207,"column":78}}]},"12":{"loc":{"start":{"line":209,"column":27},"end":{"line":209,"column":78}},"type":"binary-expr","locations":[{"start":{"line":209,"column":27},"end":{"line":209,"column":51}},{"start":{"line":209,"column":55},"end":{"line":209,"column":78}}]},"13":{"loc":{"start":{"line":220,"column":4},"end":{"line":222,"column":5}},"type":"if","locations":[{"start":{"line":220,"column":4},"end":{"line":222,"column":5}},{"start":{},"end":{}}]},"14":{"loc":{"start":{"line":224,"column":4},"end":{"line":226,"column":5}},"type":"if","locations":[{"start":{"line":224,"column":4},"end":{"line":226,"column":5}},{"start":{},"end":{}}]}},"s":{"0":3,"1":3,"2":3,"3":3,"4":3,"5":3,"6":8,"7":8,"8":8,"9":8,"10":0,"11":0,"12":0,"13":0,"14":0,"15":0,"16":0,"17":0,"18":0,"19":8,"20":3,"21":3,"22":5,"23":5,"24":5,"25":5,"26":0,"27":0,"28":0,"29":0,"30":0,"31":0,"32":0,"33":0,"34":0,"35":5,"36":5,"37":3,"38":3,"39":1,"40":1,"41":1,"42":1,"43":0,"44":0,"45":0,"46":0,"47":0,"48":0,"49":0,"50":1,"51":3,"52":3,"53":1,"54":1,"55":1,"56":1,"57":0,"58":0,"59":0,"60":0,"61":0,"62":0,"63":0,"64":0,"65":0,"66":1,"67":3,"68":3,"69":0,"70":0,"71":0,"72":0,"73":0,"74":0,"75":0,"76":0,"77":0,"78":0,"79":0,"80":0,"81":0,"82":3,"83":3,"84":0,"85":0,"86":0,"87":0,"88":0,"89":0,"90":0,"91":0,"92":0,"93":0,"94":0,"95":0,"96":0,"97":0,"98":3,"99":3,"100":0,"101":0,"102":0,"103":0,"104":0,"105":0,"106":0,"107":0,"108":0,"109":0,"110":0,"111":0,"112":0,"113":0,"114":3},"f":{"0":8,"1":5,"2":1,"3":1,"4":0,"5":0,"6":0},"b":{"0":[0,0],"1":[0,0],"2":[0,0],"3":[0,0],"4":[0,0],"5":[0,0],"6":[0,0],"7":[0,0],"8":[0,0],"9":[0,0],"10":[0,0],"11":[0,0],"12":[0,0],"13":[0,0],"14":[0,0]}}
,"C:\\Users\\DehBarca\\Projects\\Orbit\\src\\app\\auth\\auth.routes.ts": {"path":"C:\\Users\\DehBarca\\Projects\\Orbit\\src\\app\\auth\\auth.routes.ts","statementMap":{"0":{"start":{"line":1,"column":0},"end":{"line":1,"column":33}},"1":{"start":{"line":2,"column":0},"end":{"line":2,"column":137}},"2":{"start":{"line":3,"column":0},"end":{"line":3,"column":51}},"3":{"start":{"line":4,"column":0},"end":{"line":4,"column":39}},"4":{"start":{"line":5,"column":0},"end":{"line":5,"column":31}},"5":{"start":{"line":6,"column":0},"end":{"line":6,"column":42}},"6":{"start":{"line":8,"column":15},"end":{"line":8,"column":23}},"7":{"start":{"line":9,"column":15},"end":{"line":9,"column":61}},"8":{"start":{"line":34,"column":0},"end":{"line":34,"column":29}},"9":{"start":{"line":61,"column":0},"end":{"line":61,"column":31}},"10":{"start":{"line":63,"column":0},"end":{"line":90,"column":3}},"11":{"start":{"line":64,"column":22},"end":{"line":64,"column":30}},"12":{"start":{"line":65,"column":2},"end":{"line":89,"column":3}},"13":{"start":{"line":66,"column":19},"end":{"line":69,"column":6}},"14":{"start":{"line":70,"column":20},"end":{"line":70,"column":39}},"15":{"start":{"line":72,"column":15},"end":{"line":72,"column":60}},"16":{"start":{"line":73,"column":4},"end":{"line":79,"column":5}},"17":{"start":{"line":74,"column":6},"end":{"line":78,"column":9}},"18":{"start":{"line":81,"column":18},"end":{"line":84,"column":null}},"19":{"start":{"line":86,"column":4},"end":{"line":86,"column":58}},"20":{"start":{"line":88,"column":4},"end":{"line":88,"column":87}},"21":{"start":{"line":113,"column":0},"end":{"line":113,"column":41}},"22":{"start":{"line":139,"column":0},"end":{"line":139,"column":42}},"23":{"start":{"line":163,"column":0},"end":{"line":163,"column":60}},"24":{"start":{"line":185,"column":0},"end":{"line":185,"column":48}},"25":{"start":{"line":211,"column":0},"end":{"line":211,"column":46}},"26":{"start":{"line":213,"column":0},"end":{"line":213,"column":22}}},"fnMap":{"0":{"name":"(anonymous_1)","decl":{"start":{"line":63,"column":23},"end":{"line":63,"column":28}},"loc":{"start":{"line":63,"column":42},"end":{"line":90,"column":1}}}},"branchMap":{"0":{"loc":{"start":{"line":73,"column":4},"end":{"line":79,"column":5}},"type":"if","locations":[{"start":{"line":73,"column":4},"end":{"line":79,"column":5}},{"start":{},"end":{}}]}},"s":{"0":2,"1":2,"2":2,"3":2,"4":2,"5":2,"6":2,"7":2,"8":2,"9":2,"10":2,"11":0,"12":0,"13":0,"14":0,"15":0,"16":0,"17":0,"18":0,"19":0,"20":0,"21":2,"22":2,"23":2,"24":2,"25":2,"26":2},"f":{"0":0},"b":{"0":[0,0]}}
,"C:\\Users\\DehBarca\\Projects\\Orbit\\src\\app\\communities\\community.controller.ts": {"path":"C:\\Users\\DehBarca\\Projects\\Orbit\\src\\app\\communities\\community.controller.ts","statementMap":{"0":{"start":{"line":2,"column":0},"end":{"line":2,"column":42}},"1":{"start":{"line":3,"column":0},"end":{"line":3,"column":54}},"2":{"start":{"line":4,"column":0},"end":{"line":4,"column":42}},"3":{"start":{"line":6,"column":32},"end":{"line":16,"column":1}},"4":{"start":{"line":7,"column":17},"end":{"line":7,"column":28}},"5":{"start":{"line":8,"column":2},"end":{"line":15,"column":3}},"6":{"start":{"line":9,"column":29},"end":{"line":9,"column":75}},"7":{"start":{"line":10,"column":25},"end":{"line":10,"column":67}},"8":{"start":{"line":10,"column":53},"end":{"line":10,"column":66}},"9":{"start":{"line":11,"column":25},"end":{"line":11,"column":77}},"10":{"start":{"line":12,"column":4},"end":{"line":12,"column":57}},"11":{"start":{"line":14,"column":4},"end":{"line":14,"column":81}},"12":{"start":{"line":6,"column":13},"end":{"line":6,"column":32}},"13":{"start":{"line":17,"column":35},"end":{"line":26,"column":1}},"14":{"start":{"line":18,"column":22},"end":{"line":18,"column":44}},"15":{"start":{"line":19,"column":18},"end":{"line":19,"column":29}},"16":{"start":{"line":20,"column":2},"end":{"line":25,"column":3}},"17":{"start":{"line":21,"column":29},"end":{"line":21,"column":89}},"18":{"start":{"line":22,"column":4},"end":{"line":22,"column":61}},"19":{"start":{"line":24,"column":4},"end":{"line":24,"column":53}},"20":{"start":{"line":17,"column":13},"end":{"line":17,"column":35}},"21":{"start":{"line":27,"column":32},"end":{"line":35,"column":1}},"22":{"start":{"line":28,"column":22},"end":{"line":28,"column":44}},"23":{"start":{"line":29,"column":2},"end":{"line":34,"column":3}},"24":{"start":{"line":30,"column":22},"end":{"line":30,"column":59}},"25":{"start":{"line":31,"column":4},"end":{"line":31,"column":69}},"26":{"start":{"line":33,"column":4},"end":{"line":33,"column":81}},"27":{"start":{"line":27,"column":13},"end":{"line":27,"column":32}},"28":{"start":{"line":37,"column":31},"end":{"line":66,"column":1}},"29":{"start":{"line":38,"column":43},"end":{"line":38,"column":51}},"30":{"start":{"line":39,"column":17},"end":{"line":39,"column":28}},"31":{"start":{"line":40,"column":2},"end":{"line":65,"column":3}},"32":{"start":{"line":41,"column":25},"end":{"line":41,"column":49}},"33":{"start":{"line":42,"column":4},"end":{"line":42,"column":30}},"34":{"start":{"line":44,"column":24},"end":{"line":44,"column":40}},"35":{"start":{"line":45,"column":31},"end":{"line":49,"column":6}},"36":{"start":{"line":50,"column":4},"end":{"line":50,"column":36}},"37":{"start":{"line":53,"column":4},"end":{"line":61,"column":5}},"38":{"start":{"line":54,"column":24},"end":{"line":58,"column":8}},"39":{"start":{"line":59,"column":6},"end":{"line":59,"column":29}},"40":{"start":{"line":62,"column":4},"end":{"line":62,"column":57}},"41":{"start":{"line":64,"column":4},"end":{"line":64,"column":54}},"42":{"start":{"line":37,"column":13},"end":{"line":37,"column":31}},"43":{"start":{"line":68,"column":35},"end":{"line":81,"column":1}},"44":{"start":{"line":69,"column":35},"end":{"line":69,"column":43}},"45":{"start":{"line":70,"column":2},"end":{"line":80,"column":3}},"46":{"start":{"line":71,"column":29},"end":{"line":71,"column":31}},"47":{"start":{"line":72,"column":4},"end":{"line":76,"column":7}},"48":{"start":{"line":73,"column":30},"end":{"line":73,"column":74}},"49":{"start":{"line":74,"column":6},"end":{"line":74,"column":35}},"50":{"start":{"line":75,"column":6},"end":{"line":75,"column":45}},"51":{"start":{"line":77,"column":4},"end":{"line":77,"column":61}},"52":{"start":{"line":79,"column":4},"end":{"line":79,"column":81}},"53":{"start":{"line":68,"column":13},"end":{"line":68,"column":35}},"54":{"start":{"line":83,"column":35},"end":{"line":98,"column":1}},"55":{"start":{"line":84,"column":58},"end":{"line":84,"column":66}},"56":{"start":{"line":86,"column":2},"end":{"line":97,"column":3}},"57":{"start":{"line":87,"column":29},"end":{"line":90,"column":null}},"58":{"start":{"line":92,"column":4},"end":{"line":94,"column":52}},"59":{"start":{"line":96,"column":4},"end":{"line":96,"column":81}},"60":{"start":{"line":83,"column":13},"end":{"line":83,"column":35}},"61":{"start":{"line":100,"column":31},"end":{"line":114,"column":1}},"62":{"start":{"line":101,"column":26},"end":{"line":101,"column":36}},"63":{"start":{"line":102,"column":2},"end":{"line":113,"column":3}},"64":{"start":{"line":103,"column":29},"end":{"line":103,"column":75}},"65":{"start":{"line":104,"column":36},"end":{"line":106,"column":6}},"66":{"start":{"line":107,"column":4},"end":{"line":110,"column":7}},"67":{"start":{"line":112,"column":4},"end":{"line":112,"column":81}},"68":{"start":{"line":100,"column":13},"end":{"line":100,"column":31}},"69":{"start":{"line":116,"column":37},"end":{"line":128,"column":1}},"70":{"start":{"line":117,"column":32},"end":{"line":117,"column":42}},"71":{"start":{"line":118,"column":2},"end":{"line":127,"column":3}},"72":{"start":{"line":119,"column":35},"end":{"line":120,"column":null}},"73":{"start":{"line":122,"column":4},"end":{"line":124,"column":64}},"74":{"start":{"line":126,"column":4},"end":{"line":126,"column":81}},"75":{"start":{"line":116,"column":13},"end":{"line":116,"column":37}}},"fnMap":{"0":{"name":"(anonymous_1)","decl":{"start":{"line":6,"column":32},"end":{"line":6,"column":37}},"loc":{"start":{"line":6,"column":70},"end":{"line":16,"column":1}}},"1":{"name":"(anonymous_2)","decl":{"start":{"line":10,"column":46},"end":{"line":10,"column":47}},"loc":{"start":{"line":10,"column":53},"end":{"line":10,"column":66}}},"2":{"name":"(anonymous_3)","decl":{"start":{"line":17,"column":35},"end":{"line":17,"column":40}},"loc":{"start":{"line":17,"column":73},"end":{"line":26,"column":1}}},"3":{"name":"(anonymous_4)","decl":{"start":{"line":27,"column":32},"end":{"line":27,"column":37}},"loc":{"start":{"line":27,"column":70},"end":{"line":35,"column":1}}},"4":{"name":"(anonymous_5)","decl":{"start":{"line":37,"column":31},"end":{"line":37,"column":36}},"loc":{"start":{"line":37,"column":69},"end":{"line":66,"column":1}}},"5":{"name":"(anonymous_6)","decl":{"start":{"line":68,"column":35},"end":{"line":68,"column":40}},"loc":{"start":{"line":68,"column":73},"end":{"line":81,"column":1}}},"6":{"name":"(anonymous_7)","decl":{"start":{"line":72,"column":20},"end":{"line":72,"column":25}},"loc":{"start":{"line":72,"column":45},"end":{"line":76,"column":5}}},"7":{"name":"(anonymous_8)","decl":{"start":{"line":83,"column":35},"end":{"line":83,"column":40}},"loc":{"start":{"line":83,"column":73},"end":{"line":98,"column":1}}},"8":{"name":"(anonymous_9)","decl":{"start":{"line":100,"column":31},"end":{"line":100,"column":36}},"loc":{"start":{"line":100,"column":69},"end":{"line":114,"column":1}}},"9":{"name":"(anonymous_10)","decl":{"start":{"line":116,"column":37},"end":{"line":116,"column":42}},"loc":{"start":{"line":116,"column":75},"end":{"line":128,"column":1}}}},"branchMap":{},"s":{"0":2,"1":2,"2":2,"3":2,"4":0,"5":0,"6":0,"7":0,"8":0,"9":0,"10":0,"11":0,"12":2,"13":2,"14":0,"15":0,"16":0,"17":0,"18":0,"19":0,"20":2,"21":2,"22":0,"23":0,"24":0,"25":0,"26":0,"27":2,"28":2,"29":0,"30":0,"31":0,"32":0,"33":0,"34":0,"35":0,"36":0,"37":0,"38":0,"39":0,"40":0,"41":0,"42":2,"43":2,"44":0,"45":0,"46":0,"47":0,"48":0,"49":0,"50":0,"51":0,"52":0,"53":2,"54":2,"55":0,"56":0,"57":0,"58":0,"59":0,"60":2,"61":2,"62":0,"63":0,"64":0,"65":0,"66":0,"67":0,"68":2,"69":2,"70":0,"71":0,"72":0,"73":0,"74":0,"75":2},"f":{"0":0,"1":0,"2":0,"3":0,"4":0,"5":0,"6":0,"7":0,"8":0,"9":0},"b":{}}
,"C:\\Users\\DehBarca\\Projects\\Orbit\\src\\app\\communities\\community.model.ts": {"path":"C:\\Users\\DehBarca\\Projects\\Orbit\\src\\app\\communities\\community.model.ts","statementMap":{"0":{"start":{"line":2,"column":0},"end":{"line":2,"column":41}},"1":{"start":{"line":4,"column":24},"end":{"line":15,"column":2}},"2":{"start":{"line":17,"column":18},"end":{"line":17,"column":53}},"3":{"start":{"line":18,"column":0},"end":{"line":18,"column":25}}},"fnMap":{},"branchMap":{},"s":{"0":2,"1":2,"2":2,"3":2},"f":{},"b":{}}
,"C:\\Users\\DehBarca\\Projects\\Orbit\\src\\app\\communities\\community.routes.ts": {"path":"C:\\Users\\DehBarca\\Projects\\Orbit\\src\\app\\communities\\community.routes.ts","statementMap":{"0":{"start":{"line":2,"column":0},"end":{"line":2,"column":33}},"1":{"start":{"line":3,"column":0},"end":{"line":3,"column":53}},"2":{"start":{"line":4,"column":0},"end":{"line":4,"column":62}},"3":{"start":{"line":5,"column":15},"end":{"line":5,"column":23}},"4":{"start":{"line":16,"column":0},"end":{"line":16,"column":84}},"5":{"start":{"line":17,"column":0},"end":{"line":17,"column":103}},"6":{"start":{"line":33,"column":0},"end":{"line":33,"column":82}},"7":{"start":{"line":51,"column":0},"end":{"line":51,"column":70}},"8":{"start":{"line":73,"column":0},"end":{"line":73,"column":94}},"9":{"start":{"line":97,"column":0},"end":{"line":97,"column":94}},"10":{"start":{"line":114,"column":0},"end":{"line":114,"column":84}},"11":{"start":{"line":136,"column":0},"end":{"line":136,"column":121}},"12":{"start":{"line":138,"column":0},"end":{"line":138,"column":22}}},"fnMap":{},"branchMap":{},"s":{"0":2,"1":2,"2":2,"3":2,"4":2,"5":2,"6":2,"7":2,"8":2,"9":2,"10":2,"11":2,"12":2},"f":{},"b":{}}
,"C:\\Users\\DehBarca\\Projects\\Orbit\\src\\app\\communities\\communityMember.model.ts": {"path":"C:\\Users\\DehBarca\\Projects\\Orbit\\src\\app\\communities\\communityMember.model.ts","statementMap":{"0":{"start":{"line":2,"column":0},"end":{"line":2,"column":41}},"1":{"start":{"line":4,"column":30},"end":{"line":20,"column":2}},"2":{"start":{"line":22,"column":24},"end":{"line":22,"column":71}},"3":{"start":{"line":23,"column":0},"end":{"line":23,"column":31}}},"fnMap":{},"branchMap":{},"s":{"0":2,"1":2,"2":2,"3":2},"f":{},"b":{}}
,"C:\\Users\\DehBarca\\Projects\\Orbit\\src\\app\\groups\\group.controller.ts": {"path":"C:\\Users\\DehBarca\\Projects\\Orbit\\src\\app\\groups\\group.controller.ts","statementMap":{"0":{"start":{"line":1,"column":0},"end":{"line":1,"column":34}},"1":{"start":{"line":2,"column":0},"end":{"line":2,"column":46}},"2":{"start":{"line":5,"column":0},"end":{"line":5,"column":42}},"3":{"start":{"line":6,"column":0},"end":{"line":6,"column":48}},"4":{"start":{"line":7,"column":0},"end":{"line":7,"column":54}},"5":{"start":{"line":8,"column":30},"end":{"line":20,"column":1}},"6":{"start":{"line":9,"column":17},"end":{"line":9,"column":28}},"7":{"start":{"line":10,"column":2},"end":{"line":19,"column":3}},"8":{"start":{"line":11,"column":25},"end":{"line":11,"column":67}},"9":{"start":{"line":12,"column":21},"end":{"line":12,"column":57}},"10":{"start":{"line":12,"column":46},"end":{"line":12,"column":56}},"11":{"start":{"line":14,"column":21},"end":{"line":14,"column":65}},"12":{"start":{"line":16,"column":4},"end":{"line":16,"column":53}},"13":{"start":{"line":18,"column":4},"end":{"line":18,"column":81}},"14":{"start":{"line":8,"column":13},"end":{"line":8,"column":30}},"15":{"start":{"line":23,"column":27},"end":{"line":38,"column":1}},"16":{"start":{"line":24,"column":17},"end":{"line":24,"column":28}},"17":{"start":{"line":25,"column":2},"end":{"line":37,"column":3}},"18":{"start":{"line":26,"column":25},"end":{"line":26,"column":67}},"19":{"start":{"line":27,"column":21},"end":{"line":27,"column":57}},"20":{"start":{"line":27,"column":46},"end":{"line":27,"column":56}},"21":{"start":{"line":29,"column":21},"end":{"line":32,"column":6}},"22":{"start":{"line":34,"column":4},"end":{"line":34,"column":53}},"23":{"start":{"line":36,"column":4},"end":{"line":36,"column":81}},"24":{"start":{"line":23,"column":13},"end":{"line":23,"column":27}},"25":{"start":{"line":40,"column":36},"end":{"line":56,"column":1}},"26":{"start":{"line":41,"column":17},"end":{"line":41,"column":28}},"27":{"start":{"line":42,"column":22},"end":{"line":42,"column":44}},"28":{"start":{"line":43,"column":2},"end":{"line":55,"column":3}},"29":{"start":{"line":44,"column":25},"end":{"line":44,"column":67}},"30":{"start":{"line":45,"column":21},"end":{"line":45,"column":57}},"31":{"start":{"line":45,"column":46},"end":{"line":45,"column":56}},"32":{"start":{"line":47,"column":30},"end":{"line":50,"column":6}},"33":{"start":{"line":52,"column":4},"end":{"line":52,"column":62}},"34":{"start":{"line":54,"column":4},"end":{"line":54,"column":81}},"35":{"start":{"line":40,"column":13},"end":{"line":40,"column":36}},"36":{"start":{"line":58,"column":28},"end":{"line":68,"column":1}},"37":{"start":{"line":59,"column":18},"end":{"line":59,"column":36}},"38":{"start":{"line":60,"column":2},"end":{"line":67,"column":3}},"39":{"start":{"line":61,"column":18},"end":{"line":61,"column":47}},"40":{"start":{"line":62,"column":4},"end":{"line":63,"column":79}},"41":{"start":{"line":63,"column":6},"end":{"line":63,"column":79}},"42":{"start":{"line":64,"column":4},"end":{"line":64,"column":50}},"43":{"start":{"line":66,"column":4},"end":{"line":66,"column":81}},"44":{"start":{"line":58,"column":13},"end":{"line":58,"column":28}},"45":{"start":{"line":70,"column":32},"end":{"line":83,"column":1}},"46":{"start":{"line":71,"column":18},"end":{"line":71,"column":36}},"47":{"start":{"line":72,"column":17},"end":{"line":72,"column":28}},"48":{"start":{"line":73,"column":2},"end":{"line":82,"column":3}},"49":{"start":{"line":74,"column":26},"end":{"line":74,"column":72}},"50":{"start":{"line":75,"column":4},"end":{"line":78,"column":50}},"51":{"start":{"line":76,"column":6},"end":{"line":78,"column":50}},"52":{"start":{"line":79,"column":4},"end":{"line":79,"column":58}},"53":{"start":{"line":81,"column":4},"end":{"line":81,"column":81}},"54":{"start":{"line":70,"column":13},"end":{"line":70,"column":32}},"55":{"start":{"line":85,"column":31},"end":{"line":99,"column":1}},"56":{"start":{"line":86,"column":18},"end":{"line":86,"column":36}},"57":{"start":{"line":87,"column":2},"end":{"line":98,"column":3}},"58":{"start":{"line":88,"column":25},"end":{"line":89,"column":null}},"59":{"start":{"line":91,"column":4},"end":{"line":94,"column":53}},"60":{"start":{"line":92,"column":6},"end":{"line":94,"column":53}},"61":{"start":{"line":95,"column":4},"end":{"line":95,"column":57}},"62":{"start":{"line":97,"column":4},"end":{"line":97,"column":81}},"63":{"start":{"line":85,"column":13},"end":{"line":85,"column":31}},"64":{"start":{"line":101,"column":27},"end":{"line":131,"column":1}},"65":{"start":{"line":102,"column":17},"end":{"line":102,"column":28}},"66":{"start":{"line":103,"column":39},"end":{"line":103,"column":47}},"67":{"start":{"line":107,"column":2},"end":{"line":130,"column":3}},"68":{"start":{"line":108,"column":21},"end":{"line":108,"column":37}},"69":{"start":{"line":109,"column":4},"end":{"line":109,"column":26}},"70":{"start":{"line":111,"column":20},"end":{"line":111,"column":43}},"71":{"start":{"line":112,"column":22},"end":{"line":112,"column":73}},"72":{"start":{"line":113,"column":4},"end":{"line":113,"column":27}},"73":{"start":{"line":116,"column":4},"end":{"line":124,"column":5}},"74":{"start":{"line":117,"column":24},"end":{"line":121,"column":8}},"75":{"start":{"line":122,"column":6},"end":{"line":122,"column":29}},"76":{"start":{"line":127,"column":4},"end":{"line":127,"column":67}},"77":{"start":{"line":129,"column":4},"end":{"line":129,"column":81}},"78":{"start":{"line":101,"column":13},"end":{"line":101,"column":27}},"79":{"start":{"line":133,"column":26},"end":{"line":148,"column":1}},"80":{"start":{"line":134,"column":31},"end":{"line":134,"column":39}},"81":{"start":{"line":135,"column":2},"end":{"line":147,"column":3}},"82":{"start":{"line":136,"column":20},"end":{"line":136,"column":22}},"83":{"start":{"line":137,"column":4},"end":{"line":141,"column":7}},"84":{"start":{"line":138,"column":21},"end":{"line":138,"column":57}},"85":{"start":{"line":139,"column":6},"end":{"line":139,"column":26}},"86":{"start":{"line":140,"column":6},"end":{"line":140,"column":27}},"87":{"start":{"line":144,"column":4},"end":{"line":144,"column":52}},"88":{"start":{"line":146,"column":4},"end":{"line":146,"column":81}},"89":{"start":{"line":133,"column":13},"end":{"line":133,"column":26}},"90":{"start":{"line":150,"column":31},"end":{"line":162,"column":1}},"91":{"start":{"line":151,"column":42},"end":{"line":151,"column":50}},"92":{"start":{"line":152,"column":2},"end":{"line":161,"column":3}},"93":{"start":{"line":153,"column":25},"end":{"line":156,"column":null}},"94":{"start":{"line":158,"column":4},"end":{"line":158,"column":75}},"95":{"start":{"line":160,"column":4},"end":{"line":160,"column":81}},"96":{"start":{"line":150,"column":13},"end":{"line":150,"column":31}},"97":{"start":{"line":164,"column":25},"end":{"line":179,"column":1}},"98":{"start":{"line":165,"column":18},"end":{"line":165,"column":36}},"99":{"start":{"line":166,"column":16},"end":{"line":166,"column":30}},"100":{"start":{"line":167,"column":2},"end":{"line":178,"column":3}},"101":{"start":{"line":168,"column":21},"end":{"line":171,"column":null}},"102":{"start":{"line":173,"column":4},"end":{"line":174,"column":79}},"103":{"start":{"line":174,"column":6},"end":{"line":174,"column":79}},"104":{"start":{"line":175,"column":4},"end":{"line":175,"column":59}},"105":{"start":{"line":177,"column":4},"end":{"line":177,"column":81}},"106":{"start":{"line":164,"column":13},"end":{"line":164,"column":25}},"107":{"start":{"line":181,"column":28},"end":{"line":202,"column":1}},"108":{"start":{"line":182,"column":15},"end":{"line":182,"column":48}},"109":{"start":{"line":183,"column":18},"end":{"line":183,"column":36}},"110":{"start":{"line":184,"column":2},"end":{"line":186,"column":3}},"111":{"start":{"line":185,"column":4},"end":{"line":185,"column":79}},"112":{"start":{"line":187,"column":2},"end":{"line":201,"column":3}},"113":{"start":{"line":188,"column":22},"end":{"line":191,"column":null}},"114":{"start":{"line":193,"column":4},"end":{"line":194,"column":79}},"115":{"start":{"line":194,"column":6},"end":{"line":194,"column":79}},"116":{"start":{"line":195,"column":4},"end":{"line":197,"column":5}},"117":{"start":{"line":196,"column":6},"end":{"line":196,"column":47}},"118":{"start":{"line":198,"column":4},"end":{"line":198,"column":58}},"119":{"start":{"line":200,"column":4},"end":{"line":200,"column":81}},"120":{"start":{"line":181,"column":13},"end":{"line":181,"column":28}},"121":{"start":{"line":204,"column":30},"end":{"line":220,"column":1}},"122":{"start":{"line":205,"column":28},"end":{"line":205,"column":38}},"123":{"start":{"line":206,"column":2},"end":{"line":219,"column":3}},"124":{"start":{"line":207,"column":21},"end":{"line":210,"column":null}},"125":{"start":{"line":212,"column":4},"end":{"line":215,"column":53}},"126":{"start":{"line":213,"column":6},"end":{"line":215,"column":53}},"127":{"start":{"line":216,"column":4},"end":{"line":216,"column":53}},"128":{"start":{"line":218,"column":4},"end":{"line":218,"column":81}},"129":{"start":{"line":204,"column":13},"end":{"line":204,"column":30}},"130":{"start":{"line":222,"column":27},"end":{"line":234,"column":1}},"131":{"start":{"line":223,"column":22},"end":{"line":223,"column":32}},"132":{"start":{"line":224,"column":2},"end":{"line":233,"column":3}},"133":{"start":{"line":225,"column":25},"end":{"line":225,"column":63}},"134":{"start":{"line":226,"column":27},"end":{"line":226,"column":77}},"135":{"start":{"line":227,"column":4},"end":{"line":227,"column":51}},"136":{"start":{"line":228,"column":4},"end":{"line":230,"column":76}},"137":{"start":{"line":232,"column":4},"end":{"line":232,"column":77}},"138":{"start":{"line":222,"column":13},"end":{"line":222,"column":27}},"139":{"start":{"line":236,"column":33},"end":{"line":245,"column":1}},"140":{"start":{"line":237,"column":28},"end":{"line":237,"column":38}},"141":{"start":{"line":238,"column":2},"end":{"line":244,"column":3}},"142":{"start":{"line":239,"column":26},"end":{"line":239,"column":76}},"143":{"start":{"line":241,"column":4},"end":{"line":241,"column":77}},"144":{"start":{"line":243,"column":4},"end":{"line":243,"column":81}},"145":{"start":{"line":236,"column":13},"end":{"line":236,"column":33}},"146":{"start":{"line":247,"column":26},"end":{"line":259,"column":1}},"147":{"start":{"line":248,"column":18},"end":{"line":248,"column":28}},"148":{"start":{"line":249,"column":17},"end":{"line":249,"column":28}},"149":{"start":{"line":250,"column":2},"end":{"line":258,"column":3}},"150":{"start":{"line":251,"column":26},"end":{"line":254,"column":6}},"151":{"start":{"line":255,"column":4},"end":{"line":255,"column":58}},"152":{"start":{"line":257,"column":4},"end":{"line":257,"column":81}},"153":{"start":{"line":247,"column":13},"end":{"line":247,"column":26}}},"fnMap":{"0":{"name":"(anonymous_1)","decl":{"start":{"line":8,"column":30},"end":{"line":8,"column":35}},"loc":{"start":{"line":8,"column":68},"end":{"line":20,"column":1}}},"1":{"name":"(anonymous_2)","decl":{"start":{"line":12,"column":38},"end":{"line":12,"column":39}},"loc":{"start":{"line":12,"column":46},"end":{"line":12,"column":56}}},"2":{"name":"(anonymous_3)","decl":{"start":{"line":23,"column":27},"end":{"line":23,"column":32}},"loc":{"start":{"line":23,"column":65},"end":{"line":38,"column":1}}},"3":{"name":"(anonymous_4)","decl":{"start":{"line":27,"column":38},"end":{"line":27,"column":39}},"loc":{"start":{"line":27,"column":46},"end":{"line":27,"column":56}}},"4":{"name":"(anonymous_5)","decl":{"start":{"line":40,"column":36},"end":{"line":40,"column":41}},"loc":{"start":{"line":40,"column":74},"end":{"line":56,"column":1}}},"5":{"name":"(anonymous_6)","decl":{"start":{"line":45,"column":38},"end":{"line":45,"column":39}},"loc":{"start":{"line":45,"column":46},"end":{"line":45,"column":56}}},"6":{"name":"(anonymous_7)","decl":{"start":{"line":58,"column":28},"end":{"line":58,"column":33}},"loc":{"start":{"line":58,"column":66},"end":{"line":68,"column":1}}},"7":{"name":"(anonymous_8)","decl":{"start":{"line":70,"column":32},"end":{"line":70,"column":37}},"loc":{"start":{"line":70,"column":70},"end":{"line":83,"column":1}}},"8":{"name":"(anonymous_9)","decl":{"start":{"line":85,"column":31},"end":{"line":85,"column":36}},"loc":{"start":{"line":85,"column":69},"end":{"line":99,"column":1}}},"9":{"name":"(anonymous_10)","decl":{"start":{"line":101,"column":27},"end":{"line":101,"column":32}},"loc":{"start":{"line":101,"column":65},"end":{"line":131,"column":1}}},"10":{"name":"(anonymous_11)","decl":{"start":{"line":133,"column":26},"end":{"line":133,"column":31}},"loc":{"start":{"line":133,"column":64},"end":{"line":148,"column":1}}},"11":{"name":"(anonymous_12)","decl":{"start":{"line":137,"column":20},"end":{"line":137,"column":25}},"loc":{"start":{"line":137,"column":45},"end":{"line":141,"column":5}}},"12":{"name":"(anonymous_13)","decl":{"start":{"line":150,"column":31},"end":{"line":150,"column":36}},"loc":{"start":{"line":150,"column":69},"end":{"line":162,"column":1}}},"13":{"name":"(anonymous_14)","decl":{"start":{"line":164,"column":25},"end":{"line":164,"column":30}},"loc":{"start":{"line":164,"column":63},"end":{"line":179,"column":1}}},"14":{"name":"(anonymous_15)","decl":{"start":{"line":181,"column":28},"end":{"line":181,"column":33}},"loc":{"start":{"line":181,"column":66},"end":{"line":202,"column":1}}},"15":{"name":"(anonymous_16)","decl":{"start":{"line":204,"column":30},"end":{"line":204,"column":35}},"loc":{"start":{"line":204,"column":68},"end":{"line":220,"column":1}}},"16":{"name":"(anonymous_17)","decl":{"start":{"line":222,"column":27},"end":{"line":222,"column":32}},"loc":{"start":{"line":222,"column":65},"end":{"line":234,"column":1}}},"17":{"name":"(anonymous_18)","decl":{"start":{"line":236,"column":33},"end":{"line":236,"column":38}},"loc":{"start":{"line":236,"column":71},"end":{"line":245,"column":1}}},"18":{"name":"(anonymous_19)","decl":{"start":{"line":247,"column":26},"end":{"line":247,"column":31}},"loc":{"start":{"line":247,"column":64},"end":{"line":259,"column":1}}}},"branchMap":{"0":{"loc":{"start":{"line":62,"column":4},"end":{"line":63,"column":79}},"type":"if","locations":[{"start":{"line":62,"column":4},"end":{"line":63,"column":79}},{"start":{},"end":{}}]},"1":{"loc":{"start":{"line":75,"column":4},"end":{"line":78,"column":50}},"type":"if","locations":[{"start":{"line":75,"column":4},"end":{"line":78,"column":50}},{"start":{},"end":{}}]},"2":{"loc":{"start":{"line":91,"column":4},"end":{"line":94,"column":53}},"type":"if","locations":[{"start":{"line":91,"column":4},"end":{"line":94,"column":53}},{"start":{},"end":{}}]},"3":{"loc":{"start":{"line":91,"column":8},"end":{"line":91,"column":45}},"type":"binary-expr","locations":[{"start":{"line":91,"column":8},"end":{"line":91,"column":21}},{"start":{"line":91,"column":25},"end":{"line":91,"column":45}}]},"4":{"loc":{"start":{"line":173,"column":4},"end":{"line":174,"column":79}},"type":"if","locations":[{"start":{"line":173,"column":4},"end":{"line":174,"column":79}},{"start":{},"end":{}}]},"5":{"loc":{"start":{"line":184,"column":2},"end":{"line":186,"column":3}},"type":"if","locations":[{"start":{"line":184,"column":2},"end":{"line":186,"column":3}},{"start":{},"end":{}}]},"6":{"loc":{"start":{"line":193,"column":4},"end":{"line":194,"column":79}},"type":"if","locations":[{"start":{"line":193,"column":4},"end":{"line":194,"column":79}},{"start":{},"end":{}}]},"7":{"loc":{"start":{"line":195,"column":4},"end":{"line":197,"column":5}},"type":"if","locations":[{"start":{"line":195,"column":4},"end":{"line":197,"column":5}},{"start":{},"end":{}}]},"8":{"loc":{"start":{"line":212,"column":4},"end":{"line":215,"column":53}},"type":"if","locations":[{"start":{"line":212,"column":4},"end":{"line":215,"column":53}},{"start":{},"end":{}}]}},"s":{"0":3,"1":3,"2":3,"3":3,"4":3,"5":3,"6":0,"7":0,"8":0,"9":0,"10":0,"11":0,"12":0,"13":0,"14":3,"15":3,"16":3,"17":3,"18":3,"19":2,"20":2,"21":2,"22":2,"23":1,"24":3,"25":3,"26":0,"27":0,"28":0,"29":0,"30":0,"31":0,"32":0,"33":0,"34":0,"35":3,"36":3,"37":3,"38":3,"39":3,"40":2,"41":1,"42":1,"43":1,"44":3,"45":3,"46":0,"47":0,"48":0,"49":0,"50":0,"51":0,"52":0,"53":0,"54":3,"55":3,"56":0,"57":0,"58":0,"59":0,"60":0,"61":0,"62":0,"63":3,"64":3,"65":7,"66":7,"67":7,"68":7,"69":7,"70":5,"71":5,"72":5,"73":5,"74":6,"75":6,"76":4,"77":3,"78":3,"79":3,"80":0,"81":0,"82":0,"83":0,"84":0,"85":0,"86":0,"87":0,"88":0,"89":3,"90":3,"91":0,"92":0,"93":0,"94":0,"95":0,"96":3,"97":3,"98":0,"99":0,"100":0,"101":0,"102":0,"103":0,"104":0,"105":0,"106":3,"107":3,"108":0,"109":0,"110":0,"111":0,"112":0,"113":0,"114":0,"115":0,"116":0,"117":0,"118":0,"119":0,"120":3,"121":3,"122":0,"123":0,"124":0,"125":0,"126":0,"127":0,"128":0,"129":3,"130":3,"131":0,"132":0,"133":0,"134":0,"135":0,"136":0,"137":0,"138":3,"139":3,"140":0,"141":0,"142":0,"143":0,"144":0,"145":3,"146":3,"147":0,"148":0,"149":0,"150":0,"151":0,"152":0,"153":3},"f":{"0":0,"1":0,"2":3,"3":2,"4":0,"5":0,"6":3,"7":0,"8":0,"9":7,"10":0,"11":0,"12":0,"13":0,"14":0,"15":0,"16":0,"17":0,"18":0},"b":{"0":[1,1],"1":[0,0],"2":[0,0],"3":[0,0],"4":[0,0],"5":[0,0],"6":[0,0],"7":[0,0],"8":[0,0]}}
,"C:\\Users\\DehBarca\\Projects\\Orbit\\src\\app\\groups\\group.model.ts": {"path":"C:\\Users\\DehBarca\\Projects\\Orbit\\src\\app\\groups\\group.model.ts","statementMap":{"0":{"start":{"line":1,"column":0},"end":{"line":1,"column":40}},"1":{"start":{"line":3,"column":20},"end":{"line":27,"column":null}},"2":{"start":{"line":30,"column":14},"end":{"line":30,"column":41}},"3":{"start":{"line":31,"column":0},"end":{"line":31,"column":21}}},"fnMap":{},"branchMap":{},"s":{"0":2,"1":2,"2":2,"3":2},"f":{},"b":{}}
,"C:\\Users\\DehBarca\\Projects\\Orbit\\src\\app\\groups\\group.routes.ts": {"path":"C:\\Users\\DehBarca\\Projects\\Orbit\\src\\app\\groups\\group.routes.ts","statementMap":{"0":{"start":{"line":2,"column":0},"end":{"line":2,"column":33}},"1":{"start":{"line":3,"column":0},"end":{"line":3,"column":53}},"2":{"start":{"line":4,"column":0},"end":{"line":4,"column":54}},"3":{"start":{"line":5,"column":0},"end":{"line":5,"column":45}},"4":{"start":{"line":6,"column":0},"end":{"line":6,"column":55}},"5":{"start":{"line":7,"column":15},"end":{"line":7,"column":23}},"6":{"start":{"line":9,"column":0},"end":{"line":9,"column":77}},"7":{"start":{"line":19,"column":0},"end":{"line":19,"column":70}},"8":{"start":{"line":20,"column":0},"end":{"line":20,"column":102}},"9":{"start":{"line":21,"column":0},"end":{"line":21,"column":90}},"10":{"start":{"line":22,"column":0},"end":{"line":22,"column":87}},"11":{"start":{"line":38,"column":0},"end":{"line":38,"column":70}},"12":{"start":{"line":55,"column":0},"end":{"line":55,"column":62}},"13":{"start":{"line":77,"column":0},"end":{"line":77,"column":91}},"14":{"start":{"line":101,"column":0},"end":{"line":101,"column":96}},"15":{"start":{"line":102,"column":0},"end":{"line":102,"column":92}},"16":{"start":{"line":103,"column":0},"end":{"line":103,"column":127}},"17":{"start":{"line":104,"column":0},"end":{"line":104,"column":112}},"18":{"start":{"line":120,"column":0},"end":{"line":120,"column":86}},"19":{"start":{"line":142,"column":0},"end":{"line":142,"column":121}},"20":{"start":{"line":144,"column":0},"end":{"line":144,"column":83}},"21":{"start":{"line":145,"column":0},"end":{"line":145,"column":22}}},"fnMap":{},"branchMap":{},"s":{"0":2,"1":2,"2":2,"3":2,"4":2,"5":2,"6":2,"7":2,"8":2,"9":2,"10":2,"11":2,"12":2,"13":2,"14":2,"15":2,"16":2,"17":2,"18":2,"19":2,"20":2,"21":2},"f":{},"b":{}}
,"C:\\Users\\DehBarca\\Projects\\Orbit\\src\\app\\groups\\group.service.ts": {"path":"C:\\Users\\DehBarca\\Projects\\Orbit\\src\\app\\groups\\group.service.ts","statementMap":{"0":{"start":{"line":2,"column":0},"end":{"line":2,"column":46}},"1":{"start":{"line":5,"column":31},"end":{"line":7,"column":1}},"2":{"start":{"line":6,"column":2},"end":{"line":6,"column":48}},"3":{"start":{"line":5,"column":13},"end":{"line":5,"column":31}}},"fnMap":{"0":{"name":"(anonymous_1)","decl":{"start":{"line":5,"column":31},"end":{"line":5,"column":36}},"loc":{"start":{"line":5,"column":89},"end":{"line":7,"column":1}}}},"branchMap":{},"s":{"0":2,"1":2,"2":0,"3":2},"f":{"0":0},"b":{}}
,"C:\\Users\\DehBarca\\Projects\\Orbit\\src\\app\\groups\\groupMember.model.ts": {"path":"C:\\Users\\DehBarca\\Projects\\Orbit\\src\\app\\groups\\groupMember.model.ts","statementMap":{"0":{"start":{"line":1,"column":0},"end":{"line":1,"column":47}},"1":{"start":{"line":9,"column":26},"end":{"line":27,"column":null}},"2":{"start":{"line":30,"column":20},"end":{"line":30,"column":73}},"3":{"start":{"line":31,"column":0},"end":{"line":31,"column":27}}},"fnMap":{},"branchMap":{},"s":{"0":2,"1":2,"2":2,"3":2},"f":{},"b":{}}
,"C:\\Users\\DehBarca\\Projects\\Orbit\\src\\app\\interfaces\\Status.ts": {"path":"C:\\Users\\DehBarca\\Projects\\Orbit\\src\\app\\interfaces\\Status.ts","statementMap":{"0":{"start":{"line":1,"column":0},"end":{"line":1,"column":null}},"1":{"start":{"line":2,"column":1},"end":{"line":2,"column":null}},"2":{"start":{"line":3,"column":1},"end":{"line":3,"column":null}},"3":{"start":{"line":4,"column":1},"end":{"line":4,"column":null}},"4":{"start":{"line":5,"column":1},"end":{"line":5,"column":null}},"5":{"start":{"line":6,"column":1},"end":{"line":6,"column":null}},"6":{"start":{"line":7,"column":1},"end":{"line":7,"column":null}},"7":{"start":{"line":8,"column":1},"end":{"line":8,"column":null}},"8":{"start":{"line":9,"column":1},"end":{"line":9,"column":null}},"9":{"start":{"line":10,"column":1},"end":{"line":10,"column":null}},"10":{"start":{"line":12,"column":0},"end":{"line":12,"column":22}}},"fnMap":{"0":{"name":"(anonymous_0)","decl":{"start":{"line":1,"column":0},"end":{"line":1,"column":5}},"loc":{"start":{"line":1,"column":11},"end":{"line":11,"column":1}}}},"branchMap":{"0":{"loc":{"start":{"line":1,"column":5},"end":{"line":1,"column":null}},"type":"binary-expr","locations":[{"start":{"line":1,"column":5},"end":{"line":1,"column":11}},{"start":{"line":1,"column":5},"end":{"line":1,"column":null}}]}},"s":{"0":6,"1":6,"2":6,"3":6,"4":6,"5":6,"6":6,"7":6,"8":6,"9":6,"10":6},"f":{"0":6},"b":{"0":[6,6]}}
,"C:\\Users\\DehBarca\\Projects\\Orbit\\src\\app\\messages\\message.controller.ts": {"path":"C:\\Users\\DehBarca\\Projects\\Orbit\\src\\app\\messages\\message.controller.ts","statementMap":{"0":{"start":{"line":1,"column":0},"end":{"line":1,"column":38}},"1":{"start":{"line":2,"column":0},"end":{"line":2,"column":40}},"2":{"start":{"line":5,"column":0},"end":{"line":5,"column":42}},"3":{"start":{"line":6,"column":0},"end":{"line":6,"column":68}},"4":{"start":{"line":7,"column":0},"end":{"line":7,"column":58}},"5":{"start":{"line":11,"column":32},"end":{"line":33,"column":1}},"6":{"start":{"line":12,"column":22},"end":{"line":12,"column":32}},"7":{"start":{"line":13,"column":23},"end":{"line":13,"column":66}},"8":{"start":{"line":14,"column":19},"end":{"line":14,"column":22}},"9":{"start":{"line":15,"column":2},"end":{"line":32,"column":3}},"10":{"start":{"line":17,"column":26},"end":{"line":20,"column":29}},"11":{"start":{"line":29,"column":4},"end":{"line":29,"column":58}},"12":{"start":{"line":31,"column":4},"end":{"line":31,"column":81}},"13":{"start":{"line":11,"column":13},"end":{"line":11,"column":32}},"14":{"start":{"line":35,"column":30},"end":{"line":45,"column":1}},"15":{"start":{"line":36,"column":20},"end":{"line":36,"column":40}},"16":{"start":{"line":37,"column":2},"end":{"line":44,"column":3}},"17":{"start":{"line":38,"column":20},"end":{"line":38,"column":53}},"18":{"start":{"line":39,"column":4},"end":{"line":40,"column":79}},"19":{"start":{"line":40,"column":6},"end":{"line":40,"column":79}},"20":{"start":{"line":41,"column":4},"end":{"line":41,"column":65}},"21":{"start":{"line":43,"column":4},"end":{"line":43,"column":81}},"22":{"start":{"line":35,"column":13},"end":{"line":35,"column":30}},"23":{"start":{"line":47,"column":29},"end":{"line":69,"column":1}},"24":{"start":{"line":48,"column":17},"end":{"line":48,"column":28}},"25":{"start":{"line":49,"column":44},"end":{"line":49,"column":60}},"26":{"start":{"line":50,"column":13},"end":{"line":50,"column":30}},"27":{"start":{"line":51,"column":2},"end":{"line":68,"column":3}},"28":{"start":{"line":52,"column":23},"end":{"line":52,"column":77}},"29":{"start":{"line":53,"column":4},"end":{"line":53,"column":28}},"30":{"start":{"line":54,"column":22},"end":{"line":54,"column":36}},"31":{"start":{"line":57,"column":4},"end":{"line":57,"column":52}},"32":{"start":{"line":58,"column":38},"end":{"line":58,"column":125}},"33":{"start":{"line":58,"column":83},"end":{"line":58,"column":124}},"34":{"start":{"line":61,"column":4},"end":{"line":61,"column":57}},"35":{"start":{"line":63,"column":4},"end":{"line":65,"column":62}},"36":{"start":{"line":67,"column":4},"end":{"line":67,"column":81}},"37":{"start":{"line":47,"column":13},"end":{"line":47,"column":29}},"38":{"start":{"line":71,"column":34},"end":{"line":107,"column":1}},"39":{"start":{"line":72,"column":17},"end":{"line":72,"column":28}},"40":{"start":{"line":73,"column":38},"end":{"line":73,"column":46}},"41":{"start":{"line":74,"column":15},"end":{"line":74,"column":48}},"42":{"start":{"line":75,"column":13},"end":{"line":75,"column":30}},"43":{"start":{"line":77,"column":2},"end":{"line":79,"column":3}},"44":{"start":{"line":78,"column":4},"end":{"line":78,"column":79}},"45":{"start":{"line":81,"column":2},"end":{"line":106,"column":3}},"46":{"start":{"line":82,"column":23},"end":{"line":89,"column":6}},"47":{"start":{"line":91,"column":4},"end":{"line":91,"column":28}},"48":{"start":{"line":92,"column":22},"end":{"line":92,"column":36}},"49":{"start":{"line":95,"column":4},"end":{"line":95,"column":52}},"50":{"start":{"line":96,"column":38},"end":{"line":96,"column":125}},"51":{"start":{"line":96,"column":83},"end":{"line":96,"column":124}},"52":{"start":{"line":99,"column":4},"end":{"line":99,"column":57}},"53":{"start":{"line":101,"column":4},"end":{"line":103,"column":62}},"54":{"start":{"line":105,"column":4},"end":{"line":105,"column":84}},"55":{"start":{"line":71,"column":13},"end":{"line":71,"column":34}},"56":{"start":{"line":109,"column":30},"end":{"line":131,"column":1}},"57":{"start":{"line":110,"column":17},"end":{"line":110,"column":28}},"58":{"start":{"line":111,"column":35},"end":{"line":111,"column":43}},"59":{"start":{"line":112,"column":2},"end":{"line":130,"column":3}},"60":{"start":{"line":113,"column":27},"end":{"line":118,"column":null}},"61":{"start":{"line":120,"column":4},"end":{"line":121,"column":79}},"62":{"start":{"line":121,"column":6},"end":{"line":121,"column":79}},"63":{"start":{"line":122,"column":24},"end":{"line":122,"column":70}},"64":{"start":{"line":123,"column":4},"end":{"line":123,"column":29}},"65":{"start":{"line":125,"column":4},"end":{"line":127,"column":74}},"66":{"start":{"line":129,"column":4},"end":{"line":129,"column":81}},"67":{"start":{"line":109,"column":13},"end":{"line":109,"column":30}},"68":{"start":{"line":133,"column":29},"end":{"line":149,"column":1}},"69":{"start":{"line":134,"column":20},"end":{"line":134,"column":40}},"70":{"start":{"line":135,"column":2},"end":{"line":148,"column":3}},"71":{"start":{"line":136,"column":27},"end":{"line":141,"column":null}},"72":{"start":{"line":143,"column":4},"end":{"line":144,"column":79}},"73":{"start":{"line":144,"column":6},"end":{"line":144,"column":79}},"74":{"start":{"line":145,"column":4},"end":{"line":145,"column":79}},"75":{"start":{"line":147,"column":4},"end":{"line":147,"column":81}},"76":{"start":{"line":133,"column":13},"end":{"line":133,"column":29}},"77":{"start":{"line":151,"column":29},"end":{"line":161,"column":1}},"78":{"start":{"line":152,"column":20},"end":{"line":152,"column":40}},"79":{"start":{"line":153,"column":2},"end":{"line":160,"column":3}},"80":{"start":{"line":154,"column":27},"end":{"line":154,"column":69}},"81":{"start":{"line":155,"column":4},"end":{"line":156,"column":79}},"82":{"start":{"line":156,"column":6},"end":{"line":156,"column":79}},"83":{"start":{"line":157,"column":4},"end":{"line":157,"column":79}},"84":{"start":{"line":159,"column":4},"end":{"line":159,"column":81}},"85":{"start":{"line":151,"column":13},"end":{"line":151,"column":29}},"86":{"start":{"line":163,"column":30},"end":{"line":179,"column":1}},"87":{"start":{"line":164,"column":21},"end":{"line":164,"column":42}},"88":{"start":{"line":165,"column":2},"end":{"line":178,"column":17}},"89":{"start":{"line":166,"column":28},"end":{"line":166,"column":72}},"90":{"start":{"line":167,"column":4},"end":{"line":168,"column":80}},"91":{"start":{"line":168,"column":6},"end":{"line":168,"column":80}},"92":{"start":{"line":169,"column":27},"end":{"line":172,"column":null}},"93":{"start":{"line":174,"column":4},"end":{"line":177,"column":7}},"94":{"start":{"line":163,"column":13},"end":{"line":163,"column":30}}},"fnMap":{"0":{"name":"(anonymous_1)","decl":{"start":{"line":11,"column":32},"end":{"line":11,"column":37}},"loc":{"start":{"line":11,"column":70},"end":{"line":33,"column":1}}},"1":{"name":"(anonymous_2)","decl":{"start":{"line":35,"column":30},"end":{"line":35,"column":35}},"loc":{"start":{"line":35,"column":68},"end":{"line":45,"column":1}}},"2":{"name":"(anonymous_3)","decl":{"start":{"line":47,"column":29},"end":{"line":47,"column":34}},"loc":{"start":{"line":47,"column":67},"end":{"line":69,"column":1}}},"3":{"name":"(anonymous_4)","decl":{"start":{"line":58,"column":78},"end":{"line":58,"column":79}},"loc":{"start":{"line":58,"column":83},"end":{"line":58,"column":124}}},"4":{"name":"(anonymous_5)","decl":{"start":{"line":71,"column":34},"end":{"line":71,"column":39}},"loc":{"start":{"line":71,"column":72},"end":{"line":107,"column":1}}},"5":{"name":"(anonymous_6)","decl":{"start":{"line":96,"column":78},"end":{"line":96,"column":79}},"loc":{"start":{"line":96,"column":83},"end":{"line":96,"column":124}}},"6":{"name":"(anonymous_7)","decl":{"start":{"line":109,"column":30},"end":{"line":109,"column":35}},"loc":{"start":{"line":109,"column":68},"end":{"line":131,"column":1}}},"7":{"name":"(anonymous_8)","decl":{"start":{"line":133,"column":29},"end":{"line":133,"column":34}},"loc":{"start":{"line":133,"column":67},"end":{"line":149,"column":1}}},"8":{"name":"(anonymous_9)","decl":{"start":{"line":151,"column":29},"end":{"line":151,"column":34}},"loc":{"start":{"line":151,"column":67},"end":{"line":161,"column":1}}},"9":{"name":"(anonymous_10)","decl":{"start":{"line":163,"column":30},"end":{"line":163,"column":35}},"loc":{"start":{"line":163,"column":68},"end":{"line":179,"column":1}}}},"branchMap":{"0":{"loc":{"start":{"line":13,"column":23},"end":{"line":13,"column":66}},"type":"binary-expr","locations":[{"start":{"line":13,"column":23},"end":{"line":13,"column":61}},{"start":{"line":13,"column":65},"end":{"line":13,"column":66}}]},"1":{"loc":{"start":{"line":39,"column":4},"end":{"line":40,"column":79}},"type":"if","locations":[{"start":{"line":39,"column":4},"end":{"line":40,"column":79}},{"start":{},"end":{}}]},"2":{"loc":{"start":{"line":77,"column":2},"end":{"line":79,"column":3}},"type":"if","locations":[{"start":{"line":77,"column":2},"end":{"line":79,"column":3}},{"start":{},"end":{}}]},"3":{"loc":{"start":{"line":84,"column":12},"end":{"line":84,"column":22}},"type":"binary-expr","locations":[{"start":{"line":84,"column":12},"end":{"line":84,"column":16}},{"start":{"line":84,"column":20},"end":{"line":84,"column":22}}]},"4":{"loc":{"start":{"line":120,"column":4},"end":{"line":121,"column":79}},"type":"if","locations":[{"start":{"line":120,"column":4},"end":{"line":121,"column":79}},{"start":{},"end":{}}]},"5":{"loc":{"start":{"line":143,"column":4},"end":{"line":144,"column":79}},"type":"if","locations":[{"start":{"line":143,"column":4},"end":{"line":144,"column":79}},{"start":{},"end":{}}]},"6":{"loc":{"start":{"line":155,"column":4},"end":{"line":156,"column":79}},"type":"if","locations":[{"start":{"line":155,"column":4},"end":{"line":156,"column":79}},{"start":{},"end":{}}]},"7":{"loc":{"start":{"line":167,"column":4},"end":{"line":168,"column":80}},"type":"if","locations":[{"start":{"line":167,"column":4},"end":{"line":168,"column":80}},{"start":{},"end":{}}]}},"s":{"0":3,"1":3,"2":3,"3":3,"4":3,"5":3,"6":2,"7":2,"8":2,"9":2,"10":2,"11":2,"12":0,"13":3,"14":3,"15":3,"16":3,"17":3,"18":2,"19":1,"20":1,"21":1,"22":3,"23":3,"24":5,"25":5,"26":5,"27":5,"28":5,"29":5,"30":5,"31":5,"32":4,"33":8,"34":4,"35":4,"36":1,"37":3,"38":3,"39":0,"40":0,"41":0,"42":0,"43":0,"44":0,"45":0,"46":0,"47":0,"48":0,"49":0,"50":0,"51":0,"52":0,"53":0,"54":0,"55":3,"56":3,"57":0,"58":0,"59":0,"60":0,"61":0,"62":0,"63":0,"64":0,"65":0,"66":0,"67":3,"68":3,"69":0,"70":0,"71":0,"72":0,"73":0,"74":0,"75":0,"76":3,"77":3,"78":0,"79":0,"80":0,"81":0,"82":0,"83":0,"84":0,"85":3,"86":3,"87":0,"88":0,"89":0,"90":0,"91":0,"92":0,"93":0,"94":3},"f":{"0":2,"1":3,"2":5,"3":8,"4":0,"5":0,"6":0,"7":0,"8":0,"9":0},"b":{"0":[2,1],"1":[1,1],"2":[0,0],"3":[0,0],"4":[0,0],"5":[0,0],"6":[0,0],"7":[0,0]}}
,"C:\\Users\\DehBarca\\Projects\\Orbit\\src\\app\\messages\\message.model.ts": {"path":"C:\\Users\\DehBarca\\Projects\\Orbit\\src\\app\\messages\\message.model.ts","statementMap":{"0":{"start":{"line":1,"column":0},"end":{"line":1,"column":41}},"1":{"start":{"line":2,"column":22},"end":{"line":37,"column":null}},"2":{"start":{"line":12,"column":8},"end":{"line":12,"column":61}},"3":{"start":{"line":18,"column":8},"end":{"line":18,"column":37}},"4":{"start":{"line":39,"column":16},"end":{"line":39,"column":47}},"5":{"start":{"line":40,"column":0},"end":{"line":40,"column":23}}},"fnMap":{"0":{"name":"(anonymous_0)","decl":{"start":{"line":11,"column":16},"end":{"line":11,"column":null}},"loc":{"start":{"line":11,"column":16},"end":{"line":13,"column":7}}},"1":{"name":"(anonymous_1)","decl":{"start":{"line":17,"column":16},"end":{"line":17,"column":null}},"loc":{"start":{"line":17,"column":16},"end":{"line":19,"column":7}}}},"branchMap":{"0":{"loc":{"start":{"line":12,"column":15},"end":{"line":12,"column":60}},"type":"binary-expr","locations":[{"start":{"line":12,"column":15},"end":{"line":12,"column":35}},{"start":{"line":12,"column":39},"end":{"line":12,"column":60}}]}},"s":{"0":2,"1":2,"2":0,"3":0,"4":2,"5":2},"f":{"0":0,"1":0},"b":{"0":[0,0]}}
,"C:\\Users\\DehBarca\\Projects\\Orbit\\src\\app\\messages\\message.routes.ts": {"path":"C:\\Users\\DehBarca\\Projects\\Orbit\\src\\app\\messages\\message.routes.ts","statementMap":{"0":{"start":{"line":1,"column":0},"end":{"line":1,"column":33}},"1":{"start":{"line":2,"column":0},"end":{"line":2,"column":53}},"2":{"start":{"line":3,"column":0},"end":{"line":3,"column":58}},"3":{"start":{"line":4,"column":0},"end":{"line":4,"column":45}},"4":{"start":{"line":6,"column":15},"end":{"line":6,"column":23}},"5":{"start":{"line":30,"column":0},"end":{"line":30,"column":90}},"6":{"start":{"line":48,"column":0},"end":{"line":48,"column":76}},"7":{"start":{"line":73,"column":0},"end":{"line":73,"column":66}},"8":{"start":{"line":100,"column":0},"end":{"line":100,"column":102}},"9":{"start":{"line":122,"column":0},"end":{"line":122,"column":75}},"10":{"start":{"line":151,"column":0},"end":{"line":151,"column":75}},"11":{"start":{"line":169,"column":0},"end":{"line":169,"column":78}},"12":{"start":{"line":187,"column":0},"end":{"line":187,"column":89}},"13":{"start":{"line":189,"column":0},"end":{"line":189,"column":22}}},"fnMap":{},"branchMap":{},"s":{"0":2,"1":2,"2":2,"3":2,"4":2,"5":2,"6":2,"7":2,"8":2,"9":2,"10":2,"11":2,"12":2,"13":2},"f":{},"b":{}}
,"C:\\Users\\DehBarca\\Projects\\Orbit\\src\\app\\messages\\reaction.model.ts": {"path":"C:\\Users\\DehBarca\\Projects\\Orbit\\src\\app\\messages\\reaction.model.ts","statementMap":{"0":{"start":{"line":1,"column":0},"end":{"line":1,"column":41}},"1":{"start":{"line":3,"column":23},"end":{"line":18,"column":2}},"2":{"start":{"line":20,"column":17},"end":{"line":20,"column":50}},"3":{"start":{"line":21,"column":0},"end":{"line":21,"column":24}}},"fnMap":{},"branchMap":{},"s":{"0":2,"1":2,"2":2,"3":2},"f":{},"b":{}}
,"C:\\Users\\DehBarca\\Projects\\Orbit\\src\\app\\middlewares\\auth.ts": {"path":"C:\\Users\\DehBarca\\Projects\\Orbit\\src\\app\\middlewares\\auth.ts","statementMap":{"0":{"start":{"line":13,"column":0},"end":{"line":13,"column":16}},"1":{"start":{"line":3,"column":0},"end":{"line":3,"column":31}},"2":{"start":{"line":4,"column":0},"end":{"line":4,"column":42}},"3":{"start":{"line":14,"column":21},"end":{"line":14,"column":46}},"4":{"start":{"line":15,"column":2},"end":{"line":17,"column":3}},"5":{"start":{"line":16,"column":4},"end":{"line":16,"column":69}},"6":{"start":{"line":18,"column":16},"end":{"line":18,"column":40}},"7":{"start":{"line":19,"column":2},"end":{"line":21,"column":3}},"8":{"start":{"line":20,"column":4},"end":{"line":20,"column":43}},"9":{"start":{"line":22,"column":2},"end":{"line":28,"column":3}},"10":{"start":{"line":23,"column":20},"end":{"line":23,"column":79}},"11":{"start":{"line":24,"column":4},"end":{"line":24,"column":23}},"12":{"start":{"line":25,"column":4},"end":{"line":25,"column":18}},"13":{"start":{"line":27,"column":4},"end":{"line":27,"column":71}}},"fnMap":{"0":{"name":"authMiddleware","decl":{"start":{"line":13,"column":16},"end":{"line":13,"column":30}},"loc":{"start":{"line":13,"column":78},"end":{"line":29,"column":1}}}},"branchMap":{"0":{"loc":{"start":{"line":15,"column":2},"end":{"line":17,"column":3}},"type":"if","locations":[{"start":{"line":15,"column":2},"end":{"line":17,"column":3}},{"start":{},"end":{}}]},"1":{"loc":{"start":{"line":19,"column":2},"end":{"line":21,"column":3}},"type":"if","locations":[{"start":{"line":19,"column":2},"end":{"line":21,"column":3}},{"start":{},"end":{}}]}},"s":{"0":2,"1":2,"2":2,"3":1,"4":1,"5":1,"6":0,"7":0,"8":0,"9":0,"10":0,"11":0,"12":0,"13":0},"f":{"0":1},"b":{"0":[1,0],"1":[0,0]}}
,"C:\\Users\\DehBarca\\Projects\\Orbit\\src\\app\\middlewares\\isGroupAdmin.ts": {"path":"C:\\Users\\DehBarca\\Projects\\Orbit\\src\\app\\middlewares\\isGroupAdmin.ts","statementMap":{"0":{"start":{"line":1,"column":0},"end":{"line":1,"column":42}},"1":{"start":{"line":2,"column":0},"end":{"line":2,"column":54}},"2":{"start":{"line":5,"column":28},"end":{"line":38,"column":1}},"3":{"start":{"line":10,"column":16},"end":{"line":10,"column":18}},"4":{"start":{"line":11,"column":2},"end":{"line":19,"column":3}},"5":{"start":{"line":12,"column":4},"end":{"line":12,"column":31}},"6":{"start":{"line":13,"column":9},"end":{"line":19,"column":3}},"7":{"start":{"line":14,"column":4},"end":{"line":14,"column":33}},"8":{"start":{"line":16,"column":4},"end":{"line":18,"column":50}},"9":{"start":{"line":21,"column":17},"end":{"line":21,"column":28}},"10":{"start":{"line":22,"column":2},"end":{"line":37,"column":3}},"11":{"start":{"line":23,"column":26},"end":{"line":23,"column":72}},"12":{"start":{"line":24,"column":4},"end":{"line":27,"column":53}},"13":{"start":{"line":25,"column":6},"end":{"line":27,"column":53}},"14":{"start":{"line":28,"column":4},"end":{"line":33,"column":5}},"15":{"start":{"line":30,"column":6},"end":{"line":32,"column":67}},"16":{"start":{"line":34,"column":4},"end":{"line":34,"column":18}},"17":{"start":{"line":36,"column":4},"end":{"line":36,"column":81}},"18":{"start":{"line":5,"column":13},"end":{"line":5,"column":28}},"19":{"start":{"line":40,"column":0},"end":{"line":40,"column":28}}},"fnMap":{"0":{"name":"(anonymous_1)","decl":{"start":{"line":5,"column":28},"end":{"line":5,"column":33}},"loc":{"start":{"line":9,"column":4},"end":{"line":38,"column":1}}}},"branchMap":{"0":{"loc":{"start":{"line":11,"column":2},"end":{"line":19,"column":3}},"type":"if","locations":[{"start":{"line":11,"column":2},"end":{"line":19,"column":3}},{"start":{"line":13,"column":9},"end":{"line":19,"column":3}}]},"1":{"loc":{"start":{"line":11,"column":6},"end":{"line":11,"column":34}},"type":"binary-expr","locations":[{"start":{"line":11,"column":6},"end":{"line":11,"column":14}},{"start":{"line":11,"column":18},"end":{"line":11,"column":34}}]},"2":{"loc":{"start":{"line":13,"column":9},"end":{"line":19,"column":3}},"type":"if","locations":[{"start":{"line":13,"column":9},"end":{"line":19,"column":3}},{"start":{"line":15,"column":9},"end":{"line":19,"column":3}}]},"3":{"loc":{"start":{"line":13,"column":13},"end":{"line":13,"column":45}},"type":"binary-expr","locations":[{"start":{"line":13,"column":13},"end":{"line":13,"column":23}},{"start":{"line":13,"column":27},"end":{"line":13,"column":45}}]},"4":{"loc":{"start":{"line":24,"column":4},"end":{"line":27,"column":53}},"type":"if","locations":[{"start":{"line":24,"column":4},"end":{"line":27,"column":53}},{"start":{},"end":{}}]},"5":{"loc":{"start":{"line":28,"column":4},"end":{"line":33,"column":5}},"type":"if","locations":[{"start":{"line":28,"column":4},"end":{"line":33,"column":5}},{"start":{},"end":{}}]}},"s":{"0":2,"1":2,"2":2,"3":0,"4":0,"5":0,"6":0,"7":0,"8":0,"9":0,"10":0,"11":0,"12":0,"13":0,"14":0,"15":0,"16":0,"17":0,"18":2,"19":2},"f":{"0":0},"b":{"0":[0,0],"1":[0,0],"2":[0,0],"3":[0,0],"4":[0,0],"5":[0,0]}}
,"C:\\Users\\DehBarca\\Projects\\Orbit\\src\\app\\middlewares\\mail.ts": {"path":"C:\\Users\\DehBarca\\Projects\\Orbit\\src\\app\\middlewares\\mail.ts","statementMap":{"0":{"start":{"line":1,"column":0},"end":{"line":1,"column":36}},"1":{"start":{"line":5,"column":26},"end":{"line":15,"column":1}},"2":{"start":{"line":6,"column":2},"end":{"line":14,"column":5}},"3":{"start":{"line":34,"column":25},"end":{"line":59,"column":1}},"4":{"start":{"line":36,"column":2},"end":{"line":39,"column":3}},"5":{"start":{"line":37,"column":4},"end":{"line":37,"column":102}},"6":{"start":{"line":38,"column":4},"end":{"line":38,"column":16}},"7":{"start":{"line":41,"column":2},"end":{"line":58,"column":3}},"8":{"start":{"line":42,"column":24},"end":{"line":42,"column":43}},"9":{"start":{"line":44,"column":24},"end":{"line":50,"column":6}},"10":{"start":{"line":52,"column":4},"end":{"line":52,"column":44}},"11":{"start":{"line":54,"column":4},"end":{"line":54,"column":16}},"12":{"start":{"line":57,"column":4},"end":{"line":57,"column":17}},"13":{"start":{"line":34,"column":13},"end":{"line":34,"column":25}},"14":{"start":{"line":62,"column":25},"end":{"line":149,"column":1}},"15":{"start":{"line":63,"column":53},"end":{"line":63,"column":57}},"16":{"start":{"line":65,"column":2},"end":{"line":148,"column":3}},"17":{"start":{"line":67,"column":4},"end":{"line":88,"column":6}},"18":{"start":{"line":91,"column":4},"end":{"line":115,"column":6}},"19":{"start":{"line":118,"column":4},"end":{"line":144,"column":6}},"20":{"start":{"line":147,"column":4},"end":{"line":147,"column":59}},"21":{"start":{"line":152,"column":29},"end":{"line":165,"column":1}},"22":{"start":{"line":153,"column":2},"end":{"line":164,"column":3}},"23":{"start":{"line":154,"column":21},"end":{"line":154,"column":43}},"24":{"start":{"line":156,"column":4},"end":{"line":160,"column":7}},"25":{"start":{"line":163,"column":4},"end":{"line":163,"column":17}},"26":{"start":{"line":152,"column":13},"end":{"line":152,"column":29}},"27":{"start":{"line":168,"column":31},"end":{"line":177,"column":1}},"28":{"start":{"line":169,"column":2},"end":{"line":176,"column":4}},"29":{"start":{"line":171,"column":4},"end":{"line":173,"column":6}},"30":{"start":{"line":172,"column":6},"end":{"line":172,"column":63}},"31":{"start":{"line":175,"column":4},"end":{"line":175,"column":11}},"32":{"start":{"line":168,"column":13},"end":{"line":168,"column":31}},"33":{"start":{"line":189,"column":40},"end":{"line":191,"column":1}},"34":{"start":{"line":190,"column":2},"end":{"line":190,"column":64}},"35":{"start":{"line":189,"column":13},"end":{"line":189,"column":40}},"36":{"start":{"line":194,"column":34},"end":{"line":202,"column":1}},"37":{"start":{"line":195,"column":2},"end":{"line":201,"column":3}},"38":{"start":{"line":196,"column":19},"end":{"line":196,"column":36}},"39":{"start":{"line":197,"column":4},"end":{"line":197,"column":50}},"40":{"start":{"line":200,"column":4},"end":{"line":200,"column":101}},"41":{"start":{"line":194,"column":13},"end":{"line":194,"column":34}}},"fnMap":{"0":{"name":"(anonymous_1)","decl":{"start":{"line":5,"column":26},"end":{"line":5,"column":29}},"loc":{"start":{"line":5,"column":31},"end":{"line":15,"column":1}}},"1":{"name":"(anonymous_2)","decl":{"start":{"line":34,"column":25},"end":{"line":34,"column":30}},"loc":{"start":{"line":34,"column":75},"end":{"line":59,"column":1}}},"2":{"name":"(anonymous_3)","decl":{"start":{"line":62,"column":25},"end":{"line":62,"column":26}},"loc":{"start":{"line":62,"column":84},"end":{"line":149,"column":1}}},"3":{"name":"(anonymous_4)","decl":{"start":{"line":152,"column":29},"end":{"line":152,"column":34}},"loc":{"start":{"line":152,"column":77},"end":{"line":165,"column":1}}},"4":{"name":"(anonymous_5)","decl":{"start":{"line":168,"column":31},"end":{"line":168,"column":32}},"loc":{"start":{"line":168,"column":92},"end":{"line":177,"column":1}}},"5":{"name":"(anonymous_6)","decl":{"start":{"line":169,"column":9},"end":{"line":169,"column":14}},"loc":{"start":{"line":169,"column":67},"end":{"line":176,"column":3}}},"6":{"name":"(anonymous_7)","decl":{"start":{"line":171,"column":24},"end":{"line":171,"column":29}},"loc":{"start":{"line":171,"column":68},"end":{"line":173,"column":5}}},"7":{"name":"(anonymous_8)","decl":{"start":{"line":189,"column":40},"end":{"line":189,"column":51}},"loc":{"start":{"line":189,"column":53},"end":{"line":191,"column":1}}},"8":{"name":"(anonymous_9)","decl":{"start":{"line":194,"column":34},"end":{"line":194,"column":45}},"loc":{"start":{"line":194,"column":47},"end":{"line":202,"column":1}}}},"branchMap":{"0":{"loc":{"start":{"line":7,"column":10},"end":{"line":7,"column":51}},"type":"binary-expr","locations":[{"start":{"line":7,"column":10},"end":{"line":7,"column":31}},{"start":{"line":7,"column":35},"end":{"line":7,"column":51}}]},"1":{"loc":{"start":{"line":8,"column":19},"end":{"line":8,"column":49}},"type":"binary-expr","locations":[{"start":{"line":8,"column":19},"end":{"line":8,"column":40}},{"start":{"line":8,"column":44},"end":{"line":8,"column":49}}]},"2":{"loc":{"start":{"line":36,"column":2},"end":{"line":39,"column":3}},"type":"if","locations":[{"start":{"line":36,"column":2},"end":{"line":39,"column":3}},{"start":{},"end":{}}]},"3":{"loc":{"start":{"line":49,"column":12},"end":{"line":49,"column":64}},"type":"binary-expr","locations":[{"start":{"line":49,"column":12},"end":{"line":49,"column":24}},{"start":{"line":49,"column":28},"end":{"line":49,"column":64}}]},"4":{"loc":{"start":{"line":65,"column":2},"end":{"line":148,"column":3}},"type":"switch","locations":[{"start":{"line":66,"column":2},"end":{"line":88,"column":6}},{"start":{"line":90,"column":2},"end":{"line":115,"column":6}},{"start":{"line":117,"column":2},"end":{"line":144,"column":6}},{"start":{"line":146,"column":2},"end":{"line":147,"column":59}}]},"5":{"loc":{"start":{"line":77,"column":25},"end":{"line":77,"column":76}},"type":"binary-expr","locations":[{"start":{"line":77,"column":25},"end":{"line":77,"column":49}},{"start":{"line":77,"column":53},"end":{"line":77,"column":76}}]},"6":{"loc":{"start":{"line":82,"column":14},"end":{"line":82,"column":148}},"type":"cond-expr","locations":[{"start":{"line":82,"column":21},"end":{"line":82,"column":143}},{"start":{"line":82,"column":146},"end":{"line":82,"column":148}}]},"7":{"loc":{"start":{"line":101,"column":25},"end":{"line":101,"column":76}},"type":"binary-expr","locations":[{"start":{"line":101,"column":25},"end":{"line":101,"column":49}},{"start":{"line":101,"column":53},"end":{"line":101,"column":76}}]},"8":{"loc":{"start":{"line":106,"column":14},"end":{"line":106,"column":136}},"type":"cond-expr","locations":[{"start":{"line":106,"column":21},"end":{"line":106,"column":131}},{"start":{"line":106,"column":134},"end":{"line":106,"column":136}}]},"9":{"loc":{"start":{"line":134,"column":25},"end":{"line":134,"column":76}},"type":"binary-expr","locations":[{"start":{"line":134,"column":25},"end":{"line":134,"column":49}},{"start":{"line":134,"column":53},"end":{"line":134,"column":76}}]}},"s":{"0":3,"1":3,"2":0,"3":3,"4":0,"5":0,"6":0,"7":0,"8":0,"9":0,"10":0,"11":0,"12":0,"13":3,"14":3,"15":0,"16":0,"17":0,"18":0,"19":0,"20":0,"21":3,"22":0,"23":0,"24":0,"25":0,"26":3,"27":3,"28":0,"29":0,"30":0,"31":0,"32":3,"33":3,"34":13,"35":3,"36":3,"37":4,"38":4,"39":4,"40":0,"41":3},"f":{"0":0,"1":0,"2":0,"3":0,"4":0,"5":0,"6":0,"7":13,"8":4},"b":{"0":[0,0],"1":[0,0],"2":[0,0],"3":[0,0],"4":[0,0,0,0],"5":[0,0],"6":[0,0],"7":[0,0],"8":[0,0],"9":[0,0]}}
,"C:\\Users\\DehBarca\\Projects\\Orbit\\src\\app\\middlewares\\s3.ts": {"path":"C:\\Users\\DehBarca\\Projects\\Orbit\\src\\app\\middlewares\\s3.ts","statementMap":{"0":{"start":{"line":2,"column":0},"end":{"line":2,"column":52}},"1":{"start":{"line":3,"column":0},"end":{"line":3,"column":67}},"2":{"start":{"line":4,"column":0},"end":{"line":4,"column":33}},"3":{"start":{"line":6,"column":11},"end":{"line":12,"column":2}},"4":{"start":{"line":14,"column":18},"end":{"line":33,"column":2}},"5":{"start":{"line":18,"column":20},"end":{"line":18,"column":54}},"6":{"start":{"line":19,"column":4},"end":{"line":19,"column":56}},"7":{"start":{"line":20,"column":17},"end":{"line":20,"column":27}},"8":{"start":{"line":21,"column":4},"end":{"line":21,"column":42}},"9":{"start":{"line":22,"column":4},"end":{"line":22,"column":34}},"10":{"start":{"line":23,"column":4},"end":{"line":23,"column":26}},"11":{"start":{"line":27,"column":20},"end":{"line":27,"column":54}},"12":{"start":{"line":28,"column":4},"end":{"line":28,"column":56}},"13":{"start":{"line":29,"column":17},"end":{"line":29,"column":27}},"14":{"start":{"line":30,"column":4},"end":{"line":30,"column":42}},"15":{"start":{"line":31,"column":4},"end":{"line":31,"column":24}},"16":{"start":{"line":35,"column":19},"end":{"line":41,"column":1}},"17":{"start":{"line":40,"column":2},"end":{"line":40,"column":47}},"18":{"start":{"line":43,"column":13},"end":{"line":46,"column":3}},"19":{"start":{"line":48,"column":33},"end":{"line":54,"column":1}},"20":{"start":{"line":49,"column":17},"end":{"line":52,"column":4}},"21":{"start":{"line":53,"column":2},"end":{"line":53,"column":49}},"22":{"start":{"line":48,"column":13},"end":{"line":48,"column":33}}},"fnMap":{"0":{"name":"(anonymous_1)","decl":{"start":{"line":17,"column":12},"end":{"line":17,"column":13}},"loc":{"start":{"line":17,"column":30},"end":{"line":24,"column":3}}},"1":{"name":"(anonymous_2)","decl":{"start":{"line":26,"column":7},"end":{"line":26,"column":8}},"loc":{"start":{"line":26,"column":25},"end":{"line":32,"column":3}}},"2":{"name":"(anonymous_3)","decl":{"start":{"line":35,"column":19},"end":{"line":35,"column":null}},"loc":{"start":{"line":39,"column":4},"end":{"line":41,"column":1}}},"3":{"name":"(anonymous_4)","decl":{"start":{"line":48,"column":33},"end":{"line":48,"column":38}},"loc":{"start":{"line":48,"column":55},"end":{"line":54,"column":1}}}},"branchMap":{"0":{"loc":{"start":{"line":9,"column":17},"end":{"line":9,"column":48}},"type":"binary-expr","locations":[{"start":{"line":9,"column":17},"end":{"line":9,"column":42}},{"start":{"line":9,"column":46},"end":{"line":9,"column":48}}]},"1":{"loc":{"start":{"line":10,"column":21},"end":{"line":10,"column":52}},"type":"binary-expr","locations":[{"start":{"line":10,"column":21},"end":{"line":10,"column":46}},{"start":{"line":10,"column":50},"end":{"line":10,"column":52}}]}},"s":{"0":3,"1":3,"2":3,"3":3,"4":3,"5":0,"6":0,"7":0,"8":0,"9":0,"10":0,"11":0,"12":0,"13":0,"14":0,"15":0,"16":3,"17":0,"18":3,"19":3,"20":0,"21":0,"22":3},"f":{"0":0,"1":0,"2":0,"3":0},"b":{"0":[3,3],"1":[3,3]}}
[...]
n":4},"end":{"line":25,"column":49}},"19":{"start":{"line":27,"column":4},"end":{"line":27,"column":77}},"20":{"start":{"line":19,"column":13},"end":{"line":19,"column":25}},"21":{"start":{"line":31,"column":27},"end":{"line":39,"column":1}},"22":{"start":{"line":32,"column":17},"end":{"line":32,"column":34}},"23":{"start":{"line":33,"column":2},"end":{"line":38,"column":3}},"24":{"start":{"line":34,"column":17},"end":{"line":34,"column":44}},"25":{"start":{"line":35,"column":4},"end":{"line":35,"column":59}},"26":{"start":{"line":37,"column":4},"end":{"line":37,"column":77}},"27":{"start":{"line":31,"column":13},"end":{"line":31,"column":27}},"28":{"start":{"line":41,"column":27},"end":{"line":52,"column":1}},"29":{"start":{"line":42,"column":19},"end":{"line":42,"column":47}},"30":{"start":{"line":43,"column":2},"end":{"line":51,"column":3}},"31":{"start":{"line":44,"column":18},"end":{"line":46,"column":35}},"32":{"start":{"line":48,"column":4},"end":{"line":48,"column":50}},"33":{"start":{"line":50,"column":4},"end":{"line":50,"column":77}},"34":{"start":{"line":41,"column":13},"end":{"line":41,"column":27}},"35":{"start":{"line":54,"column":26},"end":{"line":68,"column":1}},"36":{"start":{"line":55,"column":63},"end":{"line":55,"column":71}},"37":{"start":{"line":56,"column":2},"end":{"line":67,"column":3}},"38":{"start":{"line":57,"column":17},"end":{"line":60,"column":null}},"39":{"start":{"line":62,"column":4},"end":{"line":63,"column":78}},"40":{"start":{"line":63,"column":6},"end":{"line":63,"column":78}},"41":{"start":{"line":64,"column":4},"end":{"line":64,"column":66}},"42":{"start":{"line":66,"column":4},"end":{"line":66,"column":77}},"43":{"start":{"line":54,"column":13},"end":{"line":54,"column":26}},"44":{"start":{"line":70,"column":28},"end":{"line":85,"column":1}},"45":{"start":{"line":71,"column":19},"end":{"line":71,"column":36}},"46":{"start":{"line":72,"column":17},"end":{"line":72,"column":28}},"47":{"start":{"line":73,"column":2},"end":{"line":84,"column":3}},"48":{"start":{"line":74,"column":17},"end":{"line":77,"column":null}},"49":{"start":{"line":79,"column":4},"end":{"line":80,"column":78}},"50":{"start":{"line":80,"column":6},"end":{"line":80,"column":78}},"51":{"start":{"line":81,"column":4},"end":{"line":81,"column":49}},"52":{"start":{"line":83,"column":4},"end":{"line":83,"column":77}},"53":{"start":{"line":70,"column":13},"end":{"line":70,"column":28}},"54":{"start":{"line":87,"column":26},"end":{"line":95,"column":1}},"55":{"start":{"line":88,"column":17},"end":{"line":88,"column":34}},"56":{"start":{"line":89,"column":2},"end":{"line":94,"column":3}},"57":{"start":{"line":90,"column":24},"end":{"line":90,"column":60}},"58":{"start":{"line":91,"column":4},"end":{"line":91,"column":73}},"59":{"start":{"line":93,"column":4},"end":{"line":93,"column":77}},"60":{"start":{"line":87,"column":13},"end":{"line":87,"column":26}},"61":{"start":{"line":97,"column":33},"end":{"line":117,"column":1}},"62":{"start":{"line":98,"column":17},"end":{"line":98,"column":28}},"63":{"start":{"line":99,"column":23},"end":{"line":99,"column":31}},"64":{"start":{"line":100,"column":13},"end":{"line":100,"column":30}},"65":{"start":{"line":101,"column":2},"end":{"line":116,"column":3}},"66":{"start":{"line":102,"column":19},"end":{"line":102,"column":65}},"67":{"start":{"line":103,"column":4},"end":{"line":106,"column":49}},"68":{"start":{"line":104,"column":6},"end":{"line":106,"column":49}},"69":{"start":{"line":107,"column":23},"end":{"line":107,"column":78}},"70":{"start":{"line":108,"column":4},"end":{"line":108,"column":28}},"71":{"start":{"line":111,"column":4},"end":{"line":111,"column":103}},"72":{"start":{"line":113,"column":4},"end":{"line":113,"column":59}},"73":{"start":{"line":115,"column":4},"end":{"line":115,"column":77}},"74":{"start":{"line":97,"column":13},"end":{"line":97,"column":33}},"75":{"start":{"line":119,"column":35},"end":{"line":151,"column":1}},"76":{"start":{"line":120,"column":17},"end":{"line":120,"column":28}},"77":{"start":{"line":121,"column":27},"end":{"line":121,"column":35}},"78":{"start":{"line":122,"column":13},"end":{"line":122,"column":30}},"79":{"start":{"line":123,"column":2},"end":{"line":150,"column":3}},"80":{"start":{"line":124,"column":23},"end":{"line":127,"column":null}},"81":{"start":{"line":129,"column":4},"end":{"line":130,"column":79}},"82":{"start":{"line":130,"column":6},"end":{"line":130,"column":79}},"83":{"start":{"line":132,"column":30},"end":{"line":136,"column":6}},"84":{"start":{"line":137,"column":4},"end":{"line":137,"column":35}},"85":{"start":{"line":138,"column":4},"end":{"line":143,"column":6}},"86":{"start":{"line":145,"column":4},"end":{"line":147,"column":76}},"87":{"start":{"line":149,"column":4},"end":{"line":149,"column":77}},"88":{"start":{"line":119,"column":13},"end":{"line":119,"column":35}},"89":{"start":{"line":153,"column":26},"end":{"line":168,"column":1}},"90":{"start":{"line":154,"column":17},"end":{"line":154,"column":28}},"91":{"start":{"line":155,"column":2},"end":{"line":167,"column":3}},"92":{"start":{"line":156,"column":24},"end":{"line":159,"column":27}},"93":{"start":{"line":160,"column":4},"end":{"line":163,"column":50}},"94":{"start":{"line":161,"column":6},"end":{"line":163,"column":50}},"95":{"start":{"line":164,"column":4},"end":{"line":164,"column":56}},"96":{"start":{"line":166,"column":4},"end":{"line":166,"column":77}},"97":{"start":{"line":153,"column":13},"end":{"line":153,"column":26}},"98":{"start":{"line":170,"column":35},"end":{"line":187,"column":1}},"99":{"start":{"line":171,"column":17},"end":{"line":171,"column":28}},"100":{"start":{"line":172,"column":2},"end":{"line":186,"column":3}},"101":{"start":{"line":173,"column":27},"end":{"line":176,"column":6}},"102":{"start":{"line":177,"column":4},"end":{"line":180,"column":62}},"103":{"start":{"line":178,"column":6},"end":{"line":180,"column":62}},"104":{"start":{"line":181,"column":4},"end":{"line":181,"column":59}},"105":{"start":{"line":183,"column":4},"end":{"line":185,"column":46}},"106":{"start":{"line":170,"column":13},"end":{"line":170,"column":35}},"107":{"start":{"line":189,"column":32},"end":{"line":206,"column":1}},"108":{"start":{"line":190,"column":27},"end":{"line":190,"column":35}},"109":{"start":{"line":191,"column":2},"end":{"line":205,"column":3}},"110":{"start":{"line":192,"column":20},"end":{"line":192,"column":68}},"111":{"start":{"line":193,"column":4},"end":{"line":196,"column":49}},"112":{"start":{"line":194,"column":6},"end":{"line":196,"column":49}},"113":{"start":{"line":198,"column":4},"end":{"line":201,"column":7}},"114":{"start":{"line":202,"column":4},"end":{"line":202,"column":56}},"115":{"start":{"line":204,"column":4},"end":{"line":204,"column":77}},"116":{"start":{"line":189,"column":13},"end":{"line":189,"column":32}},"117":{"start":{"line":207,"column":27},"end":{"line":224,"column":1}},"118":{"start":{"line":208,"column":17},"end":{"line":208,"column":28}},"119":{"start":{"line":209,"column":23},"end":{"line":209,"column":31}},"120":{"start":{"line":210,"column":2},"end":{"line":223,"column":3}},"121":{"start":{"line":211,"column":23},"end":{"line":214,"column":null}},"122":{"start":{"line":216,"column":4},"end":{"line":219,"column":49}},"123":{"start":{"line":217,"column":6},"end":{"line":219,"column":49}},"124":{"start":{"line":220,"column":4},"end":{"line":220,"column":71}},"125":{"start":{"line":222,"column":4},"end":{"line":222,"column":77}},"126":{"start":{"line":207,"column":13},"end":{"line":207,"column":27}},"127":{"start":{"line":225,"column":26},"end":{"line":242,"column":1}},"128":{"start":{"line":226,"column":17},"end":{"line":226,"column":28}},"129":{"start":{"line":227,"column":23},"end":{"line":227,"column":31}},"130":{"start":{"line":228,"column":2},"end":{"line":241,"column":3}},"131":{"start":{"line":229,"column":23},"end":{"line":232,"column":null}},"132":{"start":{"line":234,"column":4},"end":{"line":237,"column":49}},"133":{"start":{"line":235,"column":6},"end":{"line":237,"column":49}},"134":{"start":{"line":238,"column":4},"end":{"line":238,"column":71}},"135":{"start":{"line":240,"column":4},"end":{"line":240,"column":77}},"136":{"start":{"line":225,"column":13},"end":{"line":225,"column":26}},"137":{"start":{"line":243,"column":32},"end":{"line":256,"column":1}},"138":{"start":{"line":244,"column":17},"end":{"line":244,"column":28}},"139":{"start":{"line":245,"column":17},"end":{"line":245,"column":34}},"140":{"start":{"line":246,"column":2},"end":{"line":255,"column":3}},"141":{"start":{"line":247,"column":20},"end":{"line":250,"column":null}},"142":{"start":{"line":252,"column":4},"end":{"line":252,"column":52}},"143":{"start":{"line":254,"column":4},"end":{"line":254,"column":77}},"144":{"start":{"line":243,"column":13},"end":{"line":243,"column":32}},"145":{"start":{"line":257,"column":30},"end":{"line":276,"column":1}},"146":{"start":{"line":258,"column":17},"end":{"line":258,"column":28}},"147":{"start":{"line":259,"column":15},"end":{"line":259,"column":48}},"148":{"start":{"line":260,"column":2},"end":{"line":262,"column":3}},"149":{"start":{"line":261,"column":4},"end":{"line":261,"column":79}},"150":{"start":{"line":263,"column":2},"end":{"line":275,"column":3}},"151":{"start":{"line":264,"column":21},"end":{"line":267,"column":null}},"152":{"start":{"line":269,"column":4},"end":{"line":271,"column":5}},"153":{"start":{"line":270,"column":6},"end":{"line":270,"column":48}},"154":{"start":{"line":272,"column":4},"end":{"line":272,"column":58}},"155":{"start":{"line":274,"column":4},"end":{"line":274,"column":81}},"156":{"start":{"line":257,"column":13},"end":{"line":257,"column":30}}},"fnMap":{"0":{"name":"(anonymous_1)","decl":{"start":{"line":10,"column":27},"end":{"line":10,"column":32}},"loc":{"start":{"line":10,"column":65},"end":{"line":17,"column":1}}},"1":{"name":"(anonymous_2)","decl":{"start":{"line":19,"column":25},"end":{"line":19,"column":30}},"loc":{"start":{"line":19,"column":63},"end":{"line":29,"column":1}}},"2":{"name":"(anonymous_3)","decl":{"start":{"line":31,"column":27},"end":{"line":31,"column":32}},"loc":{"start":{"line":31,"column":65},"end":{"line":39,"column":1}}},"3":{"name":"(anonymous_4)","decl":{"start":{"line":41,"column":27},"end":{"line":41,"column":32}},"loc":{"start":{"line":41,"column":65},"end":{"line":52,"column":1}}},"4":{"name":"(anonymous_5)","decl":{"start":{"line":54,"column":26},"end":{"line":54,"column":31}},"loc":{"start":{"line":54,"column":64},"end":{"line":68,"column":1}}},"5":{"name":"(anonymous_6)","decl":{"start":{"line":70,"column":28},"end":{"line":70,"column":33}},"loc":{"start":{"line":70,"column":66},"end":{"line":85,"column":1}}},"6":{"name":"(anonymous_7)","decl":{"start":{"line":87,"column":26},"end":{"line":87,"column":31}},"loc":{"start":{"line":87,"column":64},"end":{"line":95,"column":1}}},"7":{"name":"(anonymous_8)","decl":{"start":{"line":97,"column":33},"end":{"line":97,"column":38}},"loc":{"start":{"line":97,"column":71},"end":{"line":117,"column":1}}},"8":{"name":"(anonymous_9)","decl":{"start":{"line":119,"column":35},"end":{"line":119,"column":40}},"loc":{"start":{"line":119,"column":73},"end":{"line":151,"column":1}}},"9":{"name":"(anonymous_10)","decl":{"start":{"line":153,"column":26},"end":{"line":153,"column":31}},"loc":{"start":{"line":153,"column":64},"end":{"line":168,"column":1}}},"10":{"name":"(anonymous_11)","decl":{"start":{"line":170,"column":35},"end":{"line":170,"column":40}},"loc":{"start":{"line":170,"column":73},"end":{"line":187,"column":1}}},"11":{"name":"(anonymous_12)","decl":{"start":{"line":189,"column":32},"end":{"line":189,"column":37}},"loc":{"start":{"line":189,"column":70},"end":{"line":206,"column":1}}},"12":{"name":"(anonymous_13)","decl":{"start":{"line":207,"column":27},"end":{"line":207,"column":32}},"loc":{"start":{"line":207,"column":65},"end":{"line":224,"column":1}}},"13":{"name":"(anonymous_14)","decl":{"start":{"line":225,"column":26},"end":{"line":225,"column":31}},"loc":{"start":{"line":225,"column":64},"end":{"line":242,"column":1}}},"14":{"name":"(anonymous_15)","decl":{"start":{"line":243,"column":32},"end":{"line":243,"column":37}},"loc":{"start":{"line":243,"column":70},"end":{"line":256,"column":1}}},"15":{"name":"(anonymous_16)","decl":{"start":{"line":257,"column":30},"end":{"line":257,"column":35}},"loc":{"start":{"line":257,"column":68},"end":{"line":276,"column":1}}}},"branchMap":{"0":{"loc":{"start":{"line":20,"column":2},"end":{"line":22,"column":3}},"type":"if","locations":[{"start":{"line":20,"column":2},"end":{"line":22,"column":3}},{"start":{},"end":{}}]},"1":{"loc":{"start":{"line":62,"column":4},"end":{"line":63,"column":78}},"type":"if","locations":[{"start":{"line":62,"column":4},"end":{"line":63,"column":78}},{"start":{},"end":{}}]},"2":{"loc":{"start":{"line":79,"column":4},"end":{"line":80,"column":78}},"type":"if","locations":[{"start":{"line":79,"column":4},"end":{"line":80,"column":78}},{"start":{},"end":{}}]},"3":{"loc":{"start":{"line":103,"column":4},"end":{"line":106,"column":49}},"type":"if","locations":[{"start":{"line":103,"column":4},"end":{"line":106,"column":49}},{"start":{},"end":{}}]},"4":{"loc":{"start":{"line":129,"column":4},"end":{"line":130,"column":79}},"type":"if","locations":[{"start":{"line":129,"column":4},"end":{"line":130,"column":79}},{"start":{},"end":{}}]},"5":{"loc":{"start":{"line":160,"column":4},"end":{"line":163,"column":50}},"type":"if","locations":[{"start":{"line":160,"column":4},"end":{"line":163,"column":50}},{"start":{},"end":{}}]},"6":{"loc":{"start":{"line":177,"column":4},"end":{"line":180,"column":62}},"type":"if","locations":[{"start":{"line":177,"column":4},"end":{"line":180,"column":62}},{"start":{},"end":{}}]},"7":{"loc":{"start":{"line":193,"column":4},"end":{"line":196,"column":49}},"type":"if","locations":[{"start":{"line":193,"column":4},"end":{"line":196,"column":49}},{"start":{},"end":{}}]},"8":{"loc":{"start":{"line":216,"column":4},"end":{"line":219,"column":49}},"type":"if","locations":[{"start":{"line":216,"column":4},"end":{"line":219,"column":49}},{"start":{},"end":{}}]},"9":{"loc":{"start":{"line":234,"column":4},"end":{"line":237,"column":49}},"type":"if","locations":[{"start":{"line":234,"column":4},"end":{"line":237,"column":49}},{"start":{},"end":{}}]},"10":{"loc":{"start":{"line":260,"column":2},"end":{"line":262,"column":3}},"type":"if","locations":[{"start":{"line":260,"column":2},"end":{"line":262,"column":3}},{"start":{},"end":{}}]},"11":{"loc":{"start":{"line":269,"column":4},"end":{"line":271,"column":5}},"type":"if","locations":[{"start":{"line":269,"column":4},"end":{"line":271,"column":5}},{"start":{},"end":{}}]}},"s":{"0":3,"1":3,"2":3,"3":3,"4":3,"5":3,"6":3,"7":3,"8":3,"9":3,"10":2,"11":1,"12":3,"13":3,"14":3,"15":1,"16":2,"17":2,"18":1,"19":1,"20":3,"21":3,"22":4,"23":4,"24":4,"25":3,"26":1,"27":3,"28":3,"29":7,"30":7,"31":7,"32":6,"33":1,"34":3,"35":3,"36":0,"37":0,"38":0,"39":0,"40":0,"41":0,"42":0,"43":3,"44":3,"45":0,"46":0,"47":0,"48":0,"49":0,"50":0,"51":0,"52":0,"53":3,"54":3,"55":0,"56":0,"57":0,"58":0,"59":0,"60":3,"61":3,"62":0,"63":0,"64":0,"65":0,"66":0,"67":0,"68":0,"69":0,"70":0,"71":0,"72":0,"73":0,"74":3,"75":3,"76":0,"77":0,"78":0,"79":0,"80":0,"81":0,"82":0,"83":0,"84":0,"85":0,"86":0,"87":0,"88":3,"89":3,"90":0,"91":0,"92":0,"93":0,"94":0,"95":0,"96":0,"97":3,"98":3,"99":0,"100":0,"101":0,"102":0,"103":0,"104":0,"105":0,"106":3,"107":3,"108":0,"109":0,"110":0,"111":0,"112":0,"113":0,"114":0,"115":0,"116":3,"117":3,"118":0,"119":0,"120":0,"121":0,"122":0,"123":0,"124":0,"125":0,"126":3,"127":3,"128":0,"129":0,"130":0,"131":0,"132":0,"133":0,"134":0,"135":0,"136":3,"137":3,"138":0,"139":0,"140":0,"141":0,"142":0,"143":0,"144":3,"145":3,"146":0,"147":0,"148":0,"149":0,"150":0,"151":0,"152":0,"153":0,"154":0,"155":0,"156":3},"f":{"0":3,"1":3,"2":4,"3":7,"4":0,"5":0,"6":0,"7":0,"8":0,"9":0,"10":0,"11":0,"12":0,"13":0,"14":0,"15":0},"b":{"0":[1,2],"1":[0,0],"2":[0,0],"3":[0,0],"4":[0,0],"5":[0,0],"6":[0,0],"7":[0,0],"8":[0,0],"9":[0,0],"10":[0,0],"11":[0,0]}}
,"C:\\Users\\DehBarca\\Projects\\Orbit\\src\\app\\users\\user.model.ts": {"path":"C:\\Users\\DehBarca\\Projects\\Orbit\\src\\app\\users\\user.model.ts","statementMap":{"0":{"start":{"line":1,"column":0},"end":{"line":1,"column":41}},"1":{"start":{"line":3,"column":19},"end":{"line":39,"column":21}},"2":{"start":{"line":41,"column":13},"end":{"line":41,"column":38}},"3":{"start":{"line":42,"column":0},"end":{"line":42,"column":20}}},"fnMap":{},"branchMap":{},"s":{"0":3,"1":3,"2":3,"3":3},"f":{},"b":{}}
,"C:\\Users\\DehBarca\\Projects\\Orbit\\src\\app\\users\\user.routes.ts": {"path":"C:\\Users\\DehBarca\\Projects\\Orbit\\src\\app\\users\\user.routes.ts","statementMap":{"0":{"start":{"line":1,"column":0},"end":{"line":1,"column":33}},"1":{"start":{"line":2,"column":0},"end":{"line":2,"column":52}},"2":{"start":{"line":3,"column":0},"end":{"line":3,"column":55}},"3":{"start":{"line":4,"column":0},"end":{"line":4,"column":45}},"4":{"start":{"line":6,"column":15},"end":{"line":6,"column":23}},"5":{"start":{"line":18,"column":0},"end":{"line":18,"column":44}},"6":{"start":{"line":29,"column":0},"end":{"line":29,"column":65}},"7":{"start":{"line":40,"column":0},"end":{"line":40,"column":66}},"8":{"start":{"line":43,"column":0},"end":{"line":43,"column":66}},"9":{"start":{"line":56,"column":0},"end":{"line":56,"column":85}},"10":{"start":{"line":75,"column":0},"end":{"line":75,"column":67}},"11":{"start":{"line":77,"column":0},"end":{"line":77,"column":91}},"12":{"start":{"line":78,"column":0},"end":{"line":78,"column":74}},"13":{"start":{"line":79,"column":0},"end":{"line":79,"column":107}},"14":{"start":{"line":108,"column":0},"end":{"line":108,"column":69}},"15":{"start":{"line":126,"column":0},"end":{"line":126,"column":80}},"16":{"start":{"line":149,"column":0},"end":{"line":149,"column":81}},"17":{"start":{"line":172,"column":0},"end":{"line":172,"column":81}},"18":{"start":{"line":195,"column":0},"end":{"line":195,"column":72}},"19":{"start":{"line":218,"column":0},"end":{"line":218,"column":70}},"20":{"start":{"line":242,"column":0},"end":{"line":242,"column":85}},"21":{"start":{"line":246,"column":0},"end":{"line":246,"column":22}}},"fnMap":{},"branchMap":{},"s":{"0":2,"1":2,"2":2,"3":2,"4":2,"5":2,"6":2,"7":2,"8":2,"9":2,"10":2,"11":2,"12":2,"13":2,"14":2,"15":2,"16":2,"17":2,"18":2,"19":2,"20":2,"21":2},"f":{},"b":{}}
,"C:\\Users\\DehBarca\\Projects\\Orbit\\src\\database\\index.ts": {"path":"C:\\Users\\DehBarca\\Projects\\Orbit\\src\\database\\index.ts","statementMap":{"0":{"start":{"line":1,"column":0},"end":{"line":1,"column":35}},"1":{"start":{"line":3,"column":25},"end":{"line":16,"column":1}},"2":{"start":{"line":4,"column":2},"end":{"line":15,"column":3}},"3":{"start":{"line":5,"column":21},"end":{"line":5,"column":79}},"4":{"start":{"line":6,"column":4},"end":{"line":6,"column":28}},"5":{"start":{"line":10,"column":4},"end":{"line":14,"column":5}},"6":{"start":{"line":11,"column":6},"end":{"line":11,"column":22}},"7":{"start":{"line":13,"column":6},"end":{"line":13,"column":17}},"8":{"start":{"line":3,"column":13},"end":{"line":3,"column":25}}},"fnMap":{"0":{"name":"(anonymous_0)","decl":{"start":{"line":3,"column":25},"end":{"line":3,"column":30}},"loc":{"start":{"line":3,"column":36},"end":{"line":16,"column":1}}}},"branchMap":{"0":{"loc":{"start":{"line":5,"column":21},"end":{"line":5,"column":79}},"type":"binary-expr","locations":[{"start":{"line":5,"column":21},"end":{"line":5,"column":42}},{"start":{"line":5,"column":46},"end":{"line":5,"column":79}}]},"1":{"loc":{"start":{"line":10,"column":4},"end":{"line":14,"column":5}},"type":"if","locations":[{"start":{"line":10,"column":4},"end":{"line":14,"column":5}},{"start":{"line":12,"column":11},"end":{"line":14,"column":5}}]}},"s":{"0":2,"1":2,"2":0,"3":0,"4":0,"5":0,"6":0,"7":0,"8":2},"f":{"0":0},"b":{"0":[0,0],"1":[0,0]}}
}
