{"C:\\Users\\DehBarca\\Projects\\Orbit\\src\\app\\routes.ts": {"path":"C:\\Users\\DehBarca\\Projects\\Orbit\\src\\app\\routes.ts","statementMap":{"0":{"start":{"line":1,"column":0},"end":{"line":1,"column":31}},"1":{"start":{"line":2,"column":0},"end":{"line":2,"column":44}},"2":{"start":{"line":3,"column":0},"end":{"line":3,"column":45}},"3":{"start":{"line":4,"column":0},"end":{"line":4,"column":48}},"4":{"start":{"line":5,"column":0},"end":{"line":5,"column":61}},"5":{"start":{"line":6,"column":0},"end":{"line":6,"column":54}},"6":{"start":{"line":7,"column":0},"end":{"line":7,"column":45}},"7":{"start":{"line":8,"column":0},"end":{"line":8,"column":69}},"8":{"start":{"line":10,"column":15},"end":{"line":10,"column":23}},"9":{"start":{"line":12,"column":0},"end":{"line":12,"column":32}},"10":{"start":{"line":13,"column":0},"end":{"line":13,"column":33}},"11":{"start":{"line":14,"column":0},"end":{"line":14,"column":35}},"12":{"start":{"line":15,"column":0},"end":{"line":15,"column":44}},"13":{"start":{"line":16,"column":0},"end":{"line":16,"column":39}},"14":{"start":{"line":17,"column":0},"end":{"line":17,"column":33}},"15":{"start":{"line":18,"column":0},"end":{"line":18,"column":49}},"16":{"start":{"line":19,"column":0},"end":{"line":19,"column":22}}},"fnMap":{},"branchMap":{},"s":{"0":0,"1":0,"2":0,"3":0,"4":0,"5":0,"6":0,"7":0,"8":0,"9":0,"10":0,"11":0,"12":0,"13":0,"14":0,"15":0,"16":0},"f":{},"b":{}}
,"C:\\Users\\DehBarca\\Projects\\Orbit\\src\\app\\auth\\auth.controller.ts": {"path":"C:\\Users\\DehBarca\\Projects\\Orbit\\src\\app\\auth\\auth.controller.ts","statementMap":{"0":{"start":{"line":1,"column":0},"end":{"line":1,"column":39}},"1":{"start":{"line":2,"column":0},"end":{"line":2,"column":42}},"2":{"start":{"line":4,"column":0},"end":{"line":4,"column":28}},"3":{"start":{"line":5,"column":0},"end":{"line":5,"column":31}},"4":{"start":{"line":6,"column":0},"end":{"line":6,"column":98}},"5":{"start":{"line":8,"column":21},"end":{"line":21,"column":1}},"6":{"start":{"line":9,"column":29},"end":{"line":9,"column":37}},"7":{"start":{"line":10,"column":4},"end":{"line":20,"column":5}},"8":{"start":{"line":11,"column":21},"end":{"line":11,"column":48}},"9":{"start":{"line":12,"column":8},"end":{"line":12,"column":95}},"10":{"start":{"line":12,"column":18},"end":{"line":12,"column":95}},"11":{"start":{"line":13,"column":24},"end":{"line":13,"column":69}},"12":{"start":{"line":14,"column":8},"end":{"line":14,"column":98}},"13":{"start":{"line":14,"column":21},"end":{"line":14,"column":98}},"14":{"start":{"line":15,"column":22},"end":{"line":15,"column":110}},"15":{"start":{"line":16,"column":8},"end":{"line":16,"column":76}},"16":{"start":{"line":18,"column":8},"end":{"line":18,"column":null}},"17":{"start":{"line":19,"column":8},"end":{"line":19,"column":null}},"18":{"start":{"line":8,"column":13},"end":{"line":8,"column":21}},"19":{"start":{"line":23,"column":22},"end":{"line":71,"column":1}},"20":{"start":{"line":24,"column":37},"end":{"line":24,"column":45}},"21":{"start":{"line":25,"column":4},"end":{"line":70,"column":5}},"22":{"start":{"line":26,"column":23},"end":{"line":26,"column":50}},"23":{"start":{"line":27,"column":8},"end":{"line":27,"column":91}},"24":{"start":{"line":27,"column":19},"end":{"line":27,"column":91}},"25":{"start":{"line":29,"column":31},"end":{"line":29,"column":62}},"26":{"start":{"line":30,"column":33},"end":{"line":30,"column":59}},"27":{"start":{"line":32,"column":24},"end":{"line":38,"column":10}},"28":{"start":{"line":40,"column":8},"end":{"line":40,"column":29}},"29":{"start":{"line":43,"column":26},"end":{"line":48,"column":10}},"30":{"start":{"line":50,"column":8},"end":{"line":52,"column":9}},"31":{"start":{"line":51,"column":12},"end":{"line":51,"column":76}},"32":{"start":{"line":54,"column":22},"end":{"line":54,"column":118}},"33":{"start":{"line":56,"column":8},"end":{"line":66,"column":11}},"34":{"start":{"line":68,"column":8},"end":{"line":68,"column":45}},"35":{"start":{"line":69,"column":8},"end":{"line":69,"column":null}},"36":{"start":{"line":23,"column":13},"end":{"line":23,"column":22}},"37":{"start":{"line":73,"column":27},"end":{"line":107,"column":1}},"38":{"start":{"line":74,"column":28},"end":{"line":74,"column":36}},"39":{"start":{"line":76,"column":4},"end":{"line":106,"column":5}},"40":{"start":{"line":77,"column":21},"end":{"line":77,"column":74}},"41":{"start":{"line":79,"column":8},"end":{"line":81,"column":9}},"42":{"start":{"line":80,"column":12},"end":{"line":80,"column":101}},"43":{"start":{"line":83,"column":8},"end":{"line":83,"column":31}},"44":{"start":{"line":84,"column":8},"end":{"line":84,"column":42}},"45":{"start":{"line":85,"column":8},"end":{"line":85,"column":26}},"46":{"start":{"line":88,"column":8},"end":{"line":92,"column":11}},"47":{"start":{"line":94,"column":8},"end":{"line":102,"column":11}},"48":{"start":{"line":104,"column":8},"end":{"line":104,"column":50}},"49":{"start":{"line":105,"column":8},"end":{"line":105,"column":84}},"50":{"start":{"line":73,"column":13},"end":{"line":73,"column":27}},"51":{"start":{"line":109,"column":30},"end":{"line":145,"column":1}},"52":{"start":{"line":110,"column":22},"end":{"line":110,"column":30}},"53":{"start":{"line":112,"column":4},"end":{"line":144,"column":5}},"54":{"start":{"line":113,"column":21},"end":{"line":113,"column":50}},"55":{"start":{"line":115,"column":8},"end":{"line":120,"column":9}},"56":{"start":{"line":117,"column":12},"end":{"line":119,"column":15}},"57":{"start":{"line":122,"column":27},"end":{"line":122,"column":47}},"58":{"start":{"line":123,"column":33},"end":{"line":123,"column":63}},"59":{"start":{"line":125,"column":8},"end":{"line":125,"column":45}},"60":{"start":{"line":126,"column":8},"end":{"line":126,"column":52}},"61":{"start":{"line":127,"column":8},"end":{"line":127,"column":26}},"62":{"start":{"line":130,"column":26},"end":{"line":135,"column":10}},"63":{"start":{"line":137,"column":8},"end":{"line":140,"column":11}},"64":{"start":{"line":142,"column":8},"end":{"line":142,"column":53}},"65":{"start":{"line":143,"column":8},"end":{"line":143,"column":84}},"66":{"start":{"line":109,"column":13},"end":{"line":109,"column":30}},"67":{"start":{"line":147,"column":29},"end":{"line":173,"column":1}},"68":{"start":{"line":148,"column":35},"end":{"line":148,"column":43}},"69":{"start":{"line":150,"column":4},"end":{"line":172,"column":5}},"70":{"start":{"line":151,"column":21},"end":{"line":154,"column":10}},"71":{"start":{"line":156,"column":8},"end":{"line":158,"column":9}},"72":{"start":{"line":157,"column":12},"end":{"line":157,"column":111}},"73":{"start":{"line":160,"column":31},"end":{"line":160,"column":65}},"74":{"start":{"line":161,"column":8},"end":{"line":161,"column":39}},"75":{"start":{"line":162,"column":8},"end":{"line":162,"column":44}},"76":{"start":{"line":163,"column":8},"end":{"line":163,"column":45}},"77":{"start":{"line":164,"column":8},"end":{"line":164,"column":26}},"78":{"start":{"line":166,"column":8},"end":{"line":168,"column":11}},"79":{"start":{"line":170,"column":8},"end":{"line":170,"column":52}},"80":{"start":{"line":171,"column":8},"end":{"line":171,"column":84}},"81":{"start":{"line":147,"column":13},"end":{"line":147,"column":29}},"82":{"start":{"line":176,"column":33},"end":{"line":207,"column":1}},"83":{"start":{"line":177,"column":28},"end":{"line":177,"column":37}},"84":{"start":{"line":179,"column":4},"end":{"line":181,"column":5}},"85":{"start":{"line":180,"column":8},"end":{"line":180,"column":95}},"86":{"start":{"line":183,"column":4},"end":{"line":206,"column":5}},"87":{"start":{"line":184,"column":21},"end":{"line":184,"column":74}},"88":{"start":{"line":186,"column":8},"end":{"line":188,"column":9}},"89":{"start":{"line":187,"column":12},"end":{"line":187,"column":101}},"90":{"start":{"line":190,"column":8},"end":{"line":190,"column":31}},"91":{"start":{"line":191,"column":8},"end":{"line":191,"column":42}},"92":{"start":{"line":192,"column":8},"end":{"line":192,"column":26}},"93":{"start":{"line":195,"column":8},"end":{"line":199,"column":11}},"94":{"start":{"line":202,"column":8},"end":{"line":202,"column":106}},"95":{"start":{"line":204,"column":8},"end":{"line":204,"column":56}},"96":{"start":{"line":205,"column":8},"end":{"line":205,"column":118}},"97":{"start":{"line":176,"column":13},"end":{"line":176,"column":33}}},"fnMap":{"0":{"name":"(anonymous_1)","decl":{"start":{"line":8,"column":21},"end":{"line":8,"column":26}},"loc":{"start":{"line":8,"column":59},"end":{"line":21,"column":1}}},"1":{"name":"(anonymous_2)","decl":{"start":{"line":23,"column":22},"end":{"line":23,"column":27}},"loc":{"start":{"line":23,"column":60},"end":{"line":71,"column":1}}},"2":{"name":"(anonymous_3)","decl":{"start":{"line":73,"column":27},"end":{"line":73,"column":32}},"loc":{"start":{"line":73,"column":65},"end":{"line":107,"column":1}}},"3":{"name":"(anonymous_4)","decl":{"start":{"line":109,"column":30},"end":{"line":109,"column":35}},"loc":{"start":{"line":109,"column":68},"end":{"line":145,"column":1}}},"4":{"name":"(anonymous_5)","decl":{"start":{"line":147,"column":29},"end":{"line":147,"column":34}},"loc":{"start":{"line":147,"column":67},"end":{"line":173,"column":1}}},"5":{"name":"(anonymous_6)","decl":{"start":{"line":176,"column":33},"end":{"line":176,"column":38}},"loc":{"start":{"line":176,"column":71},"end":{"line":207,"column":1}}}},"branchMap":{"0":{"loc":{"start":{"line":12,"column":8},"end":{"line":12,"column":95}},"type":"if","locations":[{"start":{"line":12,"column":8},"end":{"line":12,"column":95}},{"start":{},"end":{}}]},"1":{"loc":{"start":{"line":14,"column":8},"end":{"line":14,"column":98}},"type":"if","locations":[{"start":{"line":14,"column":8},"end":{"line":14,"column":98}},{"start":{},"end":{}}]},"2":{"loc":{"start":{"line":27,"column":8},"end":{"line":27,"column":91}},"type":"if","locations":[{"start":{"line":27,"column":8},"end":{"line":27,"column":91}},{"start":{},"end":{}}]},"3":{"loc":{"start":{"line":50,"column":8},"end":{"line":52,"column":9}},"type":"if","locations":[{"start":{"line":50,"column":8},"end":{"line":52,"column":9}},{"start":{},"end":{}}]},"4":{"loc":{"start":{"line":79,"column":8},"end":{"line":81,"column":9}},"type":"if","locations":[{"start":{"line":79,"column":8},"end":{"line":81,"column":9}},{"start":{},"end":{}}]},"5":{"loc":{"start":{"line":115,"column":8},"end":{"line":120,"column":9}},"type":"if","locations":[{"start":{"line":115,"column":8},"end":{"line":120,"column":9}},{"start":{},"end":{}}]},"6":{"loc":{"start":{"line":156,"column":8},"end":{"line":158,"column":9}},"type":"if","locations":[{"start":{"line":156,"column":8},"end":{"line":158,"column":9}},{"start":{},"end":{}}]},"7":{"loc":{"start":{"line":179,"column":4},"end":{"line":181,"column":5}},"type":"if","locations":[{"start":{"line":179,"column":4},"end":{"line":181,"column":5}},{"start":{},"end":{}}]},"8":{"loc":{"start":{"line":179,"column":8},"end":{"line":179,"column":23}},"type":"binary-expr","locations":[{"start":{"line":179,"column":8},"end":{"line":179,"column":14}},{"start":{"line":179,"column":18},"end":{"line":179,"column":23}}]},"9":{"loc":{"start":{"line":186,"column":8},"end":{"line":188,"column":9}},"type":"if","locations":[{"start":{"line":186,"column":8},"end":{"line":188,"column":9}},{"start":{},"end":{}}]},"10":{"loc":{"start":{"line":202,"column":31},"end":{"line":202,"column":82}},"type":"binary-expr","locations":[{"start":{"line":202,"column":31},"end":{"line":202,"column":55}},{"start":{"line":202,"column":59},"end":{"line":202,"column":82}}]},"11":{"loc":{"start":{"line":205,"column":31},"end":{"line":205,"column":82}},"type":"binary-expr","locations":[{"start":{"line":205,"column":31},"end":{"line":205,"column":55}},{"start":{"line":205,"column":59},"end":{"line":205,"column":82}}]}},"s":{"0":1,"1":1,"2":1,"3":1,"4":1,"5":1,"6":6,"7":6,"8":6,"9":5,"10":1,"11":4,"12":4,"13":3,"14":1,"15":1,"16":1,"17":1,"18":1,"19":1,"20":5,"21":5,"22":5,"23":4,"24":1,"25":3,"26":3,"27":3,"28":0,"29":0,"30":0,"31":0,"32":0,"33":0,"34":4,"35":4,"36":1,"37":1,"38":0,"39":0,"40":0,"41":0,"42":0,"43":0,"44":0,"45":0,"46":0,"47":0,"48":0,"49":0,"50":1,"51":1,"52":0,"53":0,"54":0,"55":0,"56":0,"57":0,"58":0,"59":0,"60":0,"61":0,"62":0,"63":0,"64":0,"65":0,"66":1,"67":1,"68":0,"69":0,"70":0,"71":0,"72":0,"73":0,"74":0,"75":0,"76":0,"77":0,"78":0,"79":0,"80":0,"81":1,"82":1,"83":0,"84":0,"85":0,"86":0,"87":0,"88":0,"89":0,"90":0,"91":0,"92":0,"93":0,"94":0,"95":0,"96":0,"97":1},"f":{"0":6,"1":5,"2":0,"3":0,"4":0,"5":0},"b":{"0":[1,4],"1":[3,1],"2":[1,3],"3":[0,0],"4":[0,0],"5":[0,0],"6":[0,0],"7":[0,0],"8":[0,0],"9":[0,0],"10":[0,0],"11":[0,0]}}
,"C:\\Users\\DehBarca\\Projects\\Orbit\\src\\app\\auth\\auth.routes.ts": {"path":"C:\\Users\\DehBarca\\Projects\\Orbit\\src\\app\\auth\\auth.routes.ts","statementMap":{"0":{"start":{"line":1,"column":0},"end":{"line":1,"column":33}},"1":{"start":{"line":2,"column":0},"end":{"line":2,"column":113}},"2":{"start":{"line":3,"column":0},"end":{"line":3,"column":51}},"3":{"start":{"line":4,"column":0},"end":{"line":4,"column":39}},"4":{"start":{"line":5,"column":0},"end":{"line":5,"column":31}},"5":{"start":{"line":7,"column":15},"end":{"line":7,"column":23}},"6":{"start":{"line":8,"column":15},"end":{"line":8,"column":61}},"7":{"start":{"line":33,"column":0},"end":{"line":33,"column":29}},"8":{"start":{"line":60,"column":0},"end":{"line":60,"column":31}},"9":{"start":{"line":62,"column":0},"end":{"line":89,"column":3}},"10":{"start":{"line":63,"column":21},"end":{"line":63,"column":29}},"11":{"start":{"line":64,"column":1},"end":{"line":88,"column":2}},"12":{"start":{"line":65,"column":17},"end":{"line":68,"column":4}},"13":{"start":{"line":69,"column":18},"end":{"line":69,"column":37}},"14":{"start":{"line":71,"column":13},"end":{"line":71,"column":58}},"15":{"start":{"line":72,"column":2},"end":{"line":77,"column":3}},"16":{"start":{"line":73,"column":3},"end":{"line":76,"column":6}},"17":{"start":{"line":79,"column":16},"end":{"line":82,"column":null}},"18":{"start":{"line":85,"column":2},"end":{"line":85,"column":38}},"19":{"start":{"line":87,"column":2},"end":{"line":87,"column":62}},"20":{"start":{"line":112,"column":0},"end":{"line":112,"column":41}},"21":{"start":{"line":138,"column":0},"end":{"line":138,"column":42}},"22":{"start":{"line":160,"column":0},"end":{"line":160,"column":48}},"23":{"start":{"line":186,"column":0},"end":{"line":186,"column":46}},"24":{"start":{"line":188,"column":0},"end":{"line":188,"column":22}}},"fnMap":{"0":{"name":"(anonymous_1)","decl":{"start":{"line":62,"column":23},"end":{"line":62,"column":28}},"loc":{"start":{"line":62,"column":42},"end":{"line":89,"column":1}}}},"branchMap":{"0":{"loc":{"start":{"line":72,"column":2},"end":{"line":77,"column":3}},"type":"if","locations":[{"start":{"line":72,"column":2},"end":{"line":77,"column":3}},{"start":{},"end":{}}]}},"s":{"0":0,"1":0,"2":0,"3":0,"4":0,"5":0,"6":0,"7":0,"8":0,"9":0,"10":0,"11":0,"12":0,"13":0,"14":0,"15":0,"16":0,"17":0,"18":0,"19":0,"20":0,"21":0,"22":0,"23":0,"24":0},"f":{"0":0},"b":{"0":[0,0]}}
,"C:\\Users\\DehBarca\\Projects\\Orbit\\src\\app\\communities\\community.controller.ts": {"path":"C:\\Users\\DehBarca\\Projects\\Orbit\\src\\app\\communities\\community.controller.ts","statementMap":{"0":{"start":{"line":2,"column":0},"end":{"line":2,"column":42}},"1":{"start":{"line":3,"column":0},"end":{"line":3,"column":54}},"2":{"start":{"line":4,"column":0},"end":{"line":4,"column":42}},"3":{"start":{"line":6,"column":32},"end":{"line":18,"column":1}},"4":{"start":{"line":7,"column":16},"end":{"line":7,"column":27}},"5":{"start":{"line":8,"column":1},"end":{"line":17,"column":2}},"6":{"start":{"line":9,"column":27},"end":{"line":9,"column":73}},"7":{"start":{"line":10,"column":23},"end":{"line":10,"column":65}},"8":{"start":{"line":10,"column":51},"end":{"line":10,"column":64}},"9":{"start":{"line":11,"column":23},"end":{"line":11,"column":75}},"10":{"start":{"line":12,"column":2},"end":{"line":12,"column":73}},"11":{"start":{"line":14,"column":2},"end":{"line":16,"column":39}},"12":{"start":{"line":6,"column":13},"end":{"line":6,"column":32}},"13":{"start":{"line":20,"column":32},"end":{"line":30,"column":1}},"14":{"start":{"line":21,"column":21},"end":{"line":21,"column":43}},"15":{"start":{"line":22,"column":1},"end":{"line":29,"column":2}},"16":{"start":{"line":23,"column":20},"end":{"line":23,"column":57}},"17":{"start":{"line":24,"column":2},"end":{"line":24,"column":67}},"18":{"start":{"line":26,"column":2},"end":{"line":28,"column":39}},"19":{"start":{"line":20,"column":13},"end":{"line":20,"column":32}},"20":{"start":{"line":32,"column":31},"end":{"line":50,"column":1}},"21":{"start":{"line":33,"column":57},"end":{"line":33,"column":65}},"22":{"start":{"line":34,"column":16},"end":{"line":34,"column":27}},"23":{"start":{"line":35,"column":1},"end":{"line":49,"column":2}},"24":{"start":{"line":36,"column":23},"end":{"line":36,"column":85}},"25":{"start":{"line":37,"column":2},"end":{"line":37,"column":28}},"26":{"start":{"line":38,"column":22},"end":{"line":38,"column":38}},"27":{"start":{"line":40,"column":29},"end":{"line":40,"column":89}},"28":{"start":{"line":41,"column":2},"end":{"line":41,"column":34}},"29":{"start":{"line":42,"column":2},"end":{"line":44,"column":81}},"30":{"start":{"line":46,"column":2},"end":{"line":48,"column":39}},"31":{"start":{"line":32,"column":13},"end":{"line":32,"column":31}},"32":{"start":{"line":52,"column":34},"end":{"line":63,"column":1}},"33":{"start":{"line":53,"column":33},"end":{"line":53,"column":41}},"34":{"start":{"line":54,"column":1},"end":{"line":62,"column":2}},"35":{"start":{"line":55,"column":26},"end":{"line":55,"column":70}},"36":{"start":{"line":56,"column":2},"end":{"line":56,"column":31}},"37":{"start":{"line":57,"column":2},"end":{"line":57,"column":79}},"38":{"start":{"line":59,"column":2},"end":{"line":61,"column":38}},"39":{"start":{"line":52,"column":13},"end":{"line":52,"column":34}},"40":{"start":{"line":65,"column":35},"end":{"line":82,"column":1}},"41":{"start":{"line":66,"column":57},"end":{"line":66,"column":65}},"42":{"start":{"line":68,"column":1},"end":{"line":81,"column":2}},"43":{"start":{"line":69,"column":27},"end":{"line":72,"column":null}},"44":{"start":{"line":74,"column":2},"end":{"line":76,"column":49}},"45":{"start":{"line":78,"column":2},"end":{"line":80,"column":38}},"46":{"start":{"line":65,"column":13},"end":{"line":65,"column":35}},"47":{"start":{"line":84,"column":31},"end":{"line":93,"column":1}},"48":{"start":{"line":85,"column":25},"end":{"line":85,"column":35}},"49":{"start":{"line":86,"column":1},"end":{"line":92,"column":2}},"50":{"start":{"line":87,"column":27},"end":{"line":87,"column":73}},"51":{"start":{"line":88,"column":34},"end":{"line":88,"column":94}},"52":{"start":{"line":89,"column":2},"end":{"line":89,"column":null}},"53":{"start":{"line":91,"column":2},"end":{"line":91,"column":76}},"54":{"start":{"line":84,"column":13},"end":{"line":84,"column":31}},"55":{"start":{"line":95,"column":37},"end":{"line":103,"column":1}},"56":{"start":{"line":96,"column":31},"end":{"line":96,"column":41}},"57":{"start":{"line":97,"column":1},"end":{"line":102,"column":2}},"58":{"start":{"line":98,"column":33},"end":{"line":98,"column":91}},"59":{"start":{"line":99,"column":2},"end":{"line":99,"column":91}},"60":{"start":{"line":101,"column":2},"end":{"line":101,"column":76}},"61":{"start":{"line":95,"column":13},"end":{"line":95,"column":37}}},"fnMap":{"0":{"name":"(anonymous_1)","decl":{"start":{"line":6,"column":32},"end":{"line":6,"column":37}},"loc":{"start":{"line":6,"column":70},"end":{"line":18,"column":1}}},"1":{"name":"(anonymous_2)","decl":{"start":{"line":10,"column":44},"end":{"line":10,"column":45}},"loc":{"start":{"line":10,"column":51},"end":{"line":10,"column":64}}},"2":{"name":"(anonymous_3)","decl":{"start":{"line":20,"column":32},"end":{"line":20,"column":37}},"loc":{"start":{"line":20,"column":70},"end":{"line":30,"column":1}}},"3":{"name":"(anonymous_4)","decl":{"start":{"line":32,"column":31},"end":{"line":32,"column":36}},"loc":{"start":{"line":32,"column":69},"end":{"line":50,"column":1}}},"4":{"name":"(anonymous_5)","decl":{"start":{"line":52,"column":34},"end":{"line":52,"column":39}},"loc":{"start":{"line":52,"column":72},"end":{"line":63,"column":1}}},"5":{"name":"(anonymous_6)","decl":{"start":{"line":65,"column":35},"end":{"line":65,"column":40}},"loc":{"start":{"line":65,"column":73},"end":{"line":82,"column":1}}},"6":{"name":"(anonymous_7)","decl":{"start":{"line":84,"column":31},"end":{"line":84,"column":36}},"loc":{"start":{"line":84,"column":69},"end":{"line":93,"column":1}}},"7":{"name":"(anonymous_8)","decl":{"start":{"line":95,"column":37},"end":{"line":95,"column":42}},"loc":{"start":{"line":95,"column":75},"end":{"line":103,"column":1}}}},"branchMap":{},"s":{"0":0,"1":0,"2":0,"3":0,"4":0,"5":0,"6":0,"7":0,"8":0,"9":0,"10":0,"11":0,"12":0,"13":0,"14":0,"15":0,"16":0,"17":0,"18":0,"19":0,"20":0,"21":0,"22":0,"23":0,"24":0,"25":0,"26":0,"27":0,"28":0,"29":0,"30":0,"31":0,"32":0,"33":0,"34":0,"35":0,"36":0,"37":0,"38":0,"39":0,"40":0,"41":0,"42":0,"43":0,"44":0,"45":0,"46":0,"47":0,"48":0,"49":0,"50":0,"51":0,"52":0,"53":0,"54":0,"55":0,"56":0,"57":0,"58":0,"59":0,"60":0,"61":0},"f":{"0":0,"1":0,"2":0,"3":0,"4":0,"5":0,"6":0,"7":0},"b":{}}
,"C:\\Users\\DehBarca\\Projects\\Orbit\\src\\app\\communities\\community.model.ts": {"path":"C:\\Users\\DehBarca\\Projects\\Orbit\\src\\app\\communities\\community.model.ts","statementMap":{"0":{"start":{"line":2,"column":0},"end":{"line":2,"column":54}},"1":{"start":{"line":4,"column":24},"end":{"line":15,"column":2}},"2":{"start":{"line":17,"column":18},"end":{"line":17,"column":53}},"3":{"start":{"line":18,"column":0},"end":{"line":18,"column":25}}},"fnMap":{},"branchMap":{},"s":{"0":0,"1":0,"2":0,"3":0},"f":{},"b":{}}
,"C:\\Users\\DehBarca\\Projects\\Orbit\\src\\app\\communities\\community.routes.ts": {"path":"C:\\Users\\DehBarca\\Projects\\Orbit\\src\\app\\communities\\community.routes.ts","statementMap":{"0":{"start":{"line":2,"column":0},"end":{"line":2,"column":33}},"1":{"start":{"line":3,"column":0},"end":{"line":3,"column":53}},"2":{"start":{"line":4,"column":0},"end":{"line":4,"column":62}},"3":{"start":{"line":5,"column":15},"end":{"line":5,"column":23}},"4":{"start":{"line":16,"column":0},"end":{"line":16,"column":84}},"5":{"start":{"line":33,"column":0},"end":{"line":33,"column":null}},"6":{"start":{"line":51,"column":0},"end":{"line":51,"column":70}},"7":{"start":{"line":73,"column":0},"end":{"line":73,"column":92}},"8":{"start":{"line":97,"column":0},"end":{"line":97,"column":94}},"9":{"start":{"line":114,"column":0},"end":{"line":114,"column":84}},"10":{"start":{"line":136,"column":0},"end":{"line":136,"column":121}},"11":{"start":{"line":138,"column":0},"end":{"line":138,"column":22}}},"fnMap":{},"branchMap":{},"s":{"0":0,"1":0,"2":0,"3":0,"4":0,"5":0,"6":0,"7":0,"8":0,"9":0,"10":0,"11":0},"f":{},"b":{}}
,"C:\\Users\\DehBarca\\Projects\\Orbit\\src\\app\\communities\\communityMember.model.ts": {"path":"C:\\Users\\DehBarca\\Projects\\Orbit\\src\\app\\communities\\communityMember.model.ts","statementMap":{"0":{"start":{"line":2,"column":0},"end":{"line":2,"column":54}},"1":{"start":{"line":4,"column":30},"end":{"line":20,"column":2}},"2":{"start":{"line":22,"column":24},"end":{"line":22,"column":71}},"3":{"start":{"line":23,"column":0},"end":{"line":23,"column":31}}},"fnMap":{},"branchMap":{},"s":{"0":0,"1":0,"2":0,"3":0},"f":{},"b":{}}
,"C:\\Users\\DehBarca\\Projects\\Orbit\\src\\app\\groups\\group.controller.ts": {"path":"C:\\Users\\DehBarca\\Projects\\Orbit\\src\\app\\groups\\group.controller.ts","statementMap":{"0":{"start":{"line":1,"column":0},"end":{"line":1,"column":34}},"1":{"start":{"line":2,"column":0},"end":{"line":2,"column":46}},"2":{"start":{"line":5,"column":0},"end":{"line":5,"column":42}},"3":{"start":{"line":6,"column":0},"end":{"line":6,"column":48}},"4":{"start":{"line":8,"column":27},"end":{"line":22,"column":1}},"5":{"start":{"line":9,"column":16},"end":{"line":9,"column":27}},"6":{"start":{"line":10,"column":1},"end":{"line":21,"column":2}},"7":{"start":{"line":11,"column":23},"end":{"line":11,"column":65}},"8":{"start":{"line":12,"column":19},"end":{"line":12,"column":55}},"9":{"start":{"line":12,"column":44},"end":{"line":12,"column":54}},"10":{"start":{"line":13,"column":19},"end":{"line":13,"column":63}},"11":{"start":{"line":18,"column":2},"end":{"line":18,"column":51}},"12":{"start":{"line":20,"column":2},"end":{"line":20,"column":78}},"13":{"start":{"line":8,"column":13},"end":{"line":8,"column":27}},"14":{"start":{"line":24,"column":28},"end":{"line":32,"column":1}},"15":{"start":{"line":25,"column":17},"end":{"line":25,"column":35}},"16":{"start":{"line":26,"column":1},"end":{"line":31,"column":2}},"17":{"start":{"line":27,"column":16},"end":{"line":27,"column":45}},"18":{"start":{"line":28,"column":2},"end":{"line":28,"column":59}},"19":{"start":{"line":30,"column":2},"end":{"line":30,"column":78}},"20":{"start":{"line":24,"column":13},"end":{"line":24,"column":28}},"21":{"start":{"line":34,"column":27},"end":{"line":64,"column":1}},"22":{"start":{"line":35,"column":16},"end":{"line":35,"column":27}},"23":{"start":{"line":36,"column":38},"end":{"line":36,"column":46}},"24":{"start":{"line":37,"column":1},"end":{"line":63,"column":2}},"25":{"start":{"line":38,"column":19},"end":{"line":38,"column":35}},"26":{"start":{"line":39,"column":2},"end":{"line":39,"column":24}},"27":{"start":{"line":41,"column":18},"end":{"line":41,"column":41}},"28":{"start":{"line":42,"column":2},"end":{"line":42,"column":null}},"29":{"start":{"line":43,"column":2},"end":{"line":43,"column":null}},"30":{"start":{"line":44,"column":20},"end":{"line":44,"column":71}},"31":{"start":{"line":45,"column":2},"end":{"line":45,"column":25}},"32":{"start":{"line":48,"column":8},"end":{"line":57,"column":9}},"33":{"start":{"line":49,"column":30},"end":{"line":53,"column":14}},"34":{"start":{"line":54,"column":12},"end":{"line":54,"column":35}},"35":{"start":{"line":55,"column":12},"end":{"line":55,"column":51}},"36":{"start":{"line":60,"column":2},"end":{"line":60,"column":65}},"37":{"start":{"line":62,"column":2},"end":{"line":62,"column":78}},"38":{"start":{"line":34,"column":13},"end":{"line":34,"column":27}},"39":{"start":{"line":66,"column":25},"end":{"line":76,"column":1}},"40":{"start":{"line":67,"column":29},"end":{"line":67,"column":37}},"41":{"start":{"line":68,"column":1},"end":{"line":75,"column":2}},"42":{"start":{"line":69,"column":17},"end":{"line":69,"column":53}},"43":{"start":{"line":70,"column":2},"end":{"line":70,"column":22}},"44":{"start":{"line":72,"column":2},"end":{"line":72,"column":61}},"45":{"start":{"line":74,"column":2},"end":{"line":74,"column":78}},"46":{"start":{"line":66,"column":13},"end":{"line":66,"column":25}},"47":{"start":{"line":78,"column":31},"end":{"line":90,"column":1}},"48":{"start":{"line":79,"column":41},"end":{"line":79,"column":49}},"49":{"start":{"line":80,"column":1},"end":{"line":89,"column":2}},"50":{"start":{"line":81,"column":23},"end":{"line":84,"column":null}},"51":{"start":{"line":86,"column":2},"end":{"line":86,"column":73}},"52":{"start":{"line":88,"column":2},"end":{"line":88,"column":78}},"53":{"start":{"line":78,"column":13},"end":{"line":78,"column":31}},"54":{"start":{"line":93,"column":27},"end":{"line":105,"column":1}},"55":{"start":{"line":94,"column":21},"end":{"line":94,"column":31}},"56":{"start":{"line":95,"column":1},"end":{"line":104,"column":2}},"57":{"start":{"line":96,"column":23},"end":{"line":96,"column":61}},"58":{"start":{"line":97,"column":25},"end":{"line":97,"column":75}},"59":{"start":{"line":98,"column":2},"end":{"line":98,"column":49}},"60":{"start":{"line":99,"column":2},"end":{"line":101,"column":73}},"61":{"start":{"line":103,"column":2},"end":{"line":103,"column":75}},"62":{"start":{"line":93,"column":13},"end":{"line":93,"column":27}},"63":{"start":{"line":108,"column":33},"end":{"line":117,"column":1}},"64":{"start":{"line":109,"column":27},"end":{"line":109,"column":37}},"65":{"start":{"line":110,"column":1},"end":{"line":116,"column":2}},"66":{"start":{"line":111,"column":24},"end":{"line":111,"column":74}},"67":{"start":{"line":113,"column":2},"end":{"line":113,"column":75}},"68":{"start":{"line":115,"column":2},"end":{"line":115,"column":78}},"69":{"start":{"line":108,"column":13},"end":{"line":108,"column":33}}},"fnMap":{"0":{"name":"(anonymous_1)","decl":{"start":{"line":8,"column":27},"end":{"line":8,"column":32}},"loc":{"start":{"line":8,"column":65},"end":{"line":22,"column":1}}},"1":{"name":"(anonymous_2)","decl":{"start":{"line":12,"column":36},"end":{"line":12,"column":37}},"loc":{"start":{"line":12,"column":44},"end":{"line":12,"column":54}}},"2":{"name":"(anonymous_3)","decl":{"start":{"line":24,"column":28},"end":{"line":24,"column":33}},"loc":{"start":{"line":24,"column":66},"end":{"line":32,"column":1}}},"3":{"name":"(anonymous_4)","decl":{"start":{"line":34,"column":27},"end":{"line":34,"column":32}},"loc":{"start":{"line":34,"column":65},"end":{"line":64,"column":1}}},"4":{"name":"(anonymous_5)","decl":{"start":{"line":66,"column":25},"end":{"line":66,"column":30}},"loc":{"start":{"line":66,"column":63},"end":{"line":76,"column":1}}},"5":{"name":"(anonymous_6)","decl":{"start":{"line":78,"column":31},"end":{"line":78,"column":36}},"loc":{"start":{"line":78,"column":69},"end":{"line":90,"column":1}}},"6":{"name":"(anonymous_7)","decl":{"start":{"line":93,"column":27},"end":{"line":93,"column":32}},"loc":{"start":{"line":93,"column":65},"end":{"line":105,"column":1}}},"7":{"name":"(anonymous_8)","decl":{"start":{"line":108,"column":33},"end":{"line":108,"column":38}},"loc":{"start":{"line":108,"column":71},"end":{"line":117,"column":1}}}},"branchMap":{},"s":{"0":1,"1":1,"2":1,"3":1,"4":1,"5":3,"6":3,"7":3,"8":2,"9":2,"10":2,"11":2,"12":1,"13":1,"14":1,"15":3,"16":3,"17":3,"18":2,"19":1,"20":1,"21":1,"22":7,"23":7,"24":7,"25":7,"26":7,"27":5,"28":5,"29":5,"30":5,"31":5,"32":5,"33":6,"34":6,"35":6,"36":4,"37":3,"38":1,"39":1,"40":0,"41":0,"42":0,"43":0,"44":0,"45":0,"46":1,"47":1,"48":0,"49":0,"50":0,"51":0,"52":0,"53":1,"54":1,"55":0,"56":0,"57":0,"58":0,"59":0,"60":0,"61":0,"62":1,"63":1,"64":0,"65":0,"66":0,"67":0,"68":0,"69":1},"f":{"0":3,"1":2,"2":3,"3":7,"4":0,"5":0,"6":0,"7":0},"b":{}}
,"C:\\Users\\DehBarca\\Projects\\Orbit\\src\\app\\groups\\group.model.ts": {"path":"C:\\Users\\DehBarca\\Projects\\Orbit\\src\\app\\groups\\group.model.ts","statementMap":{"0":{"start":{"line":1,"column":0},"end":{"line":1,"column":53}},"1":{"start":{"line":3,"column":20},"end":{"line":27,"column":null}},"2":{"start":{"line":30,"column":14},"end":{"line":30,"column":41}},"3":{"start":{"line":31,"column":0},"end":{"line":31,"column":21}}},"fnMap":{},"branchMap":{},"s":{"0":0,"1":0,"2":0,"3":0},"f":{},"b":{}}
,"C:\\Users\\DehBarca\\Projects\\Orbit\\src\\app\\groups\\group.routes.ts": {"path":"C:\\Users\\DehBarca\\Projects\\Orbit\\src\\app\\groups\\group.routes.ts","statementMap":{"0":{"start":{"line":2,"column":0},"end":{"line":2,"column":33}},"1":{"start":{"line":3,"column":0},"end":{"line":3,"column":53}},"2":{"start":{"line":4,"column":0},"end":{"line":4,"column":54}},"3":{"start":{"line":6,"column":15},"end":{"line":6,"column":23}},"4":{"start":{"line":16,"column":0},"end":{"line":16,"column":70}},"5":{"start":{"line":33,"column":0},"end":{"line":33,"column":70}},"6":{"start":{"line":50,"column":0},"end":{"line":50,"column":62}},"7":{"start":{"line":72,"column":0},"end":{"line":72,"column":75}},"8":{"start":{"line":96,"column":0},"end":{"line":96,"column":82}},"9":{"start":{"line":113,"column":0},"end":{"line":113,"column":72}},"10":{"start":{"line":135,"column":0},"end":{"line":135,"column":100}},"11":{"start":{"line":137,"column":0},"end":{"line":137,"column":22}}},"fnMap":{},"branchMap":{},"s":{"0":0,"1":0,"2":0,"3":0,"4":0,"5":0,"6":0,"7":0,"8":0,"9":0,"10":0,"11":0},"f":{},"b":{}}
,"C:\\Users\\DehBarca\\Projects\\Orbit\\src\\app\\groups\\group.service.ts": {"path":"C:\\Users\\DehBarca\\Projects\\Orbit\\src\\app\\groups\\group.service.ts","statementMap":{"0":{"start":{"line":2,"column":0},"end":{"line":2,"column":46}},"1":{"start":{"line":5,"column":31},"end":{"line":7,"column":1}},"2":{"start":{"line":6,"column":4},"end":{"line":6,"column":50}},"3":{"start":{"line":5,"column":13},"end":{"line":5,"column":31}}},"fnMap":{"0":{"name":"(anonymous_1)","decl":{"start":{"line":5,"column":31},"end":{"line":5,"column":36}},"loc":{"start":{"line":5,"column":89},"end":{"line":7,"column":1}}}},"branchMap":{},"s":{"0":0,"1":0,"2":0,"3":0},"f":{"0":0},"b":{}}
,"C:\\Users\\DehBarca\\Projects\\Orbit\\src\\app\\groups\\groupMember.model.ts": {"path":"C:\\Users\\DehBarca\\Projects\\Orbit\\src\\app\\groups\\groupMember.model.ts","statementMap":{"0":{"start":{"line":1,"column":0},"end":{"line":1,"column":60}},"1":{"start":{"line":9,"column":26},"end":{"line":25,"column":null}},"2":{"start":{"line":28,"column":20},"end":{"line":28,"column":73}},"3":{"start":{"line":29,"column":0},"end":{"line":29,"column":27}}},"fnMap":{},"branchMap":{},"s":{"0":0,"1":0,"2":0,"3":0},"f":{},"b":{}}
,"C:\\Users\\DehBarca\\Projects\\Orbit\\src\\app\\interfaces\\Status.ts": {"path":"C:\\Users\\DehBarca\\Projects\\Orbit\\src\\app\\interfaces\\Status.ts","statementMap":{"0":{"start":{"line":1,"column":0},"end":{"line":1,"column":null}},"1":{"start":{"line":2,"column":1},"end":{"line":2,"column":null}},"2":{"start":{"line":3,"column":1},"end":{"line":3,"column":null}},"3":{"start":{"line":4,"column":1},"end":{"line":4,"column":null}},"4":{"start":{"line":5,"column":1},"end":{"line":5,"column":null}},"5":{"start":{"line":6,"column":1},"end":{"line":6,"column":null}},"6":{"start":{"line":7,"column":1},"end":{"line":7,"column":null}},"7":{"start":{"line":8,"column":1},"end":{"line":8,"column":null}},"8":{"start":{"line":9,"column":1},"end":{"line":9,"column":null}},"9":{"start":{"line":10,"column":1},"end":{"line":10,"column":null}},"10":{"start":{"line":12,"column":0},"end":{"line":12,"column":22}}},"fnMap":{"0":{"name":"(anonymous_0)","decl":{"start":{"line":1,"column":0},"end":{"line":1,"column":5}},"loc":{"start":{"line":1,"column":11},"end":{"line":11,"column":1}}}},"branchMap":{"0":{"loc":{"start":{"line":1,"column":5},"end":{"line":1,"column":null}},"type":"binary-expr","locations":[{"start":{"line":1,"column":5},"end":{"line":1,"column":11}},{"start":{"line":1,"column":5},"end":{"line":1,"column":null}}]}},"s":{"0":4,"1":4,"2":4,"3":4,"4":4,"5":4,"6":4,"7":4,"8":4,"9":4,"10":4},"f":{"0":4},"b":{"0":[4,4]}}
,"C:\\Users\\DehBarca\\Projects\\Orbit\\src\\app\\messages\\message.controller.ts": {"path":"C:\\Users\\DehBarca\\Projects\\Orbit\\src\\app\\messages\\message.controller.ts","statementMap":{"0":{"start":{"line":1,"column":0},"end":{"line":1,"column":38}},"1":{"start":{"line":2,"column":0},"end":{"line":2,"column":40}},"2":{"start":{"line":5,"column":0},"end":{"line":5,"column":42}},"3":{"start":{"line":6,"column":0},"end":{"line":6,"column":68}},"4":{"start":{"line":7,"column":0},"end":{"line":7,"column":58}},"5":{"start":{"line":11,"column":32},"end":{"line":35,"column":1}},"6":{"start":{"line":12,"column":21},"end":{"line":12,"column":31}},"7":{"start":{"line":13,"column":22},"end":{"line":13,"column":65}},"8":{"start":{"line":14,"column":18},"end":{"line":14,"column":21}},"9":{"start":{"line":15,"column":1},"end":{"line":34,"column":2}},"10":{"start":{"line":16,"column":24},"end":{"line":19,"column":19}},"11":{"start":{"line":21,"column":32},"end":{"line":25,"column":null}},"12":{"start":{"line":23,"column":22},"end":{"line":23,"column":65}},"13":{"start":{"line":24,"column":4},"end":{"line":24,"column":44}},"14":{"start":{"line":28,"column":2},"end":{"line":31,"column":5}},"15":{"start":{"line":33,"column":2},"end":{"line":33,"column":78}},"16":{"start":{"line":11,"column":13},"end":{"line":11,"column":32}},"17":{"start":{"line":37,"column":30},"end":{"line":47,"column":1}},"18":{"start":{"line":38,"column":19},"end":{"line":38,"column":39}},"19":{"start":{"line":39,"column":1},"end":{"line":46,"column":2}},"20":{"start":{"line":40,"column":18},"end":{"line":40,"column":51}},"21":{"start":{"line":41,"column":2},"end":{"line":42,"column":76}},"22":{"start":{"line":42,"column":3},"end":{"line":42,"column":76}},"23":{"start":{"line":43,"column":2},"end":{"line":43,"column":63}},"24":{"start":{"line":45,"column":2},"end":{"line":45,"column":78}},"25":{"start":{"line":37,"column":13},"end":{"line":37,"column":30}},"26":{"start":{"line":49,"column":29},"end":{"line":71,"column":1}},"27":{"start":{"line":50,"column":16},"end":{"line":50,"column":27}},"28":{"start":{"line":51,"column":43},"end":{"line":51,"column":59}},"29":{"start":{"line":52,"column":12},"end":{"line":52,"column":29}},"30":{"start":{"line":53,"column":1},"end":{"line":70,"column":2}},"31":{"start":{"line":54,"column":21},"end":{"line":54,"column":75}},"32":{"start":{"line":55,"column":2},"end":{"line":55,"column":26}},"33":{"start":{"line":56,"column":20},"end":{"line":56,"column":34}},"34":{"start":{"line":59,"column":2},"end":{"line":59,"column":50}},"35":{"start":{"line":60,"column":36},"end":{"line":60,"column":123}},"36":{"start":{"line":60,"column":81},"end":{"line":60,"column":122}},"37":{"start":{"line":63,"column":2},"end":{"line":63,"column":55}},"38":{"start":{"line":65,"column":2},"end":{"line":67,"column":59}},"39":{"start":{"line":69,"column":2},"end":{"line":69,"column":80}},"40":{"start":{"line":49,"column":13},"end":{"line":49,"column":29}},"41":{"start":{"line":73,"column":34},"end":{"line":109,"column":1}},"42":{"start":{"line":74,"column":19},"end":{"line":74,"column":30}},"43":{"start":{"line":75,"column":40},"end":{"line":75,"column":48}},"44":{"start":{"line":76,"column":17},"end":{"line":76,"column":50}},"45":{"start":{"line":77,"column":15},"end":{"line":77,"column":32}},"46":{"start":{"line":79,"column":4},"end":{"line":81,"column":5}},"47":{"start":{"line":80,"column":8},"end":{"line":80,"column":83}},"48":{"start":{"line":83,"column":4},"end":{"line":108,"column":5}},"49":{"start":{"line":84,"column":27},"end":{"line":91,"column":10}},"50":{"start":{"line":93,"column":8},"end":{"line":93,"column":32}},"51":{"start":{"line":94,"column":26},"end":{"line":94,"column":40}},"52":{"start":{"line":97,"column":8},"end":{"line":97,"column":56}},"53":{"start":{"line":98,"column":42},"end":{"line":98,"column":129}},"54":{"start":{"line":98,"column":87},"end":{"line":98,"column":128}},"55":{"start":{"line":101,"column":8},"end":{"line":101,"column":61}},"56":{"start":{"line":103,"column":8},"end":{"line":105,"column":68}},"57":{"start":{"line":107,"column":8},"end":{"line":107,"column":87}},"58":{"start":{"line":73,"column":13},"end":{"line":73,"column":34}},"59":{"start":{"line":111,"column":30},"end":{"line":133,"column":1}},"60":{"start":{"line":112,"column":16},"end":{"line":112,"column":27}},"61":{"start":{"line":113,"column":34},"end":{"line":113,"column":42}},"62":{"start":{"line":114,"column":1},"end":{"line":132,"column":2}},"63":{"start":{"line":115,"column":25},"end":{"line":120,"column":null}},"64":{"start":{"line":122,"column":2},"end":{"line":123,"column":76}},"65":{"start":{"line":123,"column":3},"end":{"line":123,"column":76}},"66":{"start":{"line":124,"column":22},"end":{"line":124,"column":68}},"67":{"start":{"line":125,"column":2},"end":{"line":125,"column":27}},"68":{"start":{"line":127,"column":2},"end":{"line":129,"column":71}},"69":{"start":{"line":131,"column":2},"end":{"line":131,"column":78}},"70":{"start":{"line":111,"column":13},"end":{"line":111,"column":30}},"71":{"start":{"line":135,"column":29},"end":{"line":151,"column":1}},"72":{"start":{"line":136,"column":19},"end":{"line":136,"column":39}},"73":{"start":{"line":137,"column":1},"end":{"line":150,"column":2}},"74":{"start":{"line":138,"column":25},"end":{"line":143,"column":null}},"75":{"start":{"line":145,"column":2},"end":{"line":146,"column":76}},"76":{"start":{"line":146,"column":3},"end":{"line":146,"column":76}},"77":{"start":{"line":147,"column":2},"end":{"line":147,"column":77}},"78":{"start":{"line":149,"column":2},"end":{"line":149,"column":78}},"79":{"start":{"line":135,"column":13},"end":{"line":135,"column":29}},"80":{"start":{"line":153,"column":29},"end":{"line":163,"column":1}},"81":{"start":{"line":154,"column":19},"end":{"line":154,"column":39}},"82":{"start":{"line":155,"column":1},"end":{"line":162,"column":2}},"83":{"start":{"line":156,"column":25},"end":{"line":156,"column":67}},"84":{"start":{"line":157,"column":2},"end":{"line":158,"column":76}},"85":{"start":{"line":158,"column":3},"end":{"line":158,"column":76}},"86":{"start":{"line":159,"column":2},"end":{"line":159,"column":77}},"87":{"start":{"line":161,"column":2},"end":{"line":161,"column":78}},"88":{"start":{"line":153,"column":13},"end":{"line":153,"column":29}},"89":{"start":{"line":165,"column":30},"end":{"line":181,"column":1}},"90":{"start":{"line":166,"column":20},"end":{"line":166,"column":41}},"91":{"start":{"line":167,"column":1},"end":{"line":180,"column":15}},"92":{"start":{"line":168,"column":26},"end":{"line":168,"column":70}},"93":{"start":{"line":169,"column":2},"end":{"line":170,"column":77}},"94":{"start":{"line":170,"column":3},"end":{"line":170,"column":77}},"95":{"start":{"line":171,"column":25},"end":{"line":174,"column":null}},"96":{"start":{"line":176,"column":2},"end":{"line":179,"column":5}},"97":{"start":{"line":165,"column":13},"end":{"line":165,"column":30}}},"fnMap":{"0":{"name":"(anonymous_1)","decl":{"start":{"line":11,"column":32},"end":{"line":11,"column":37}},"loc":{"start":{"line":11,"column":70},"end":{"line":35,"column":1}}},"1":{"name":"(anonymous_2)","decl":{"start":{"line":22,"column":21},"end":{"line":22,"column":26}},"loc":{"start":{"line":22,"column":35},"end":{"line":25,"column":4}}},"2":{"name":"(anonymous_3)","decl":{"start":{"line":37,"column":30},"end":{"line":37,"column":35}},"loc":{"start":{"line":37,"column":68},"end":{"line":47,"column":1}}},"3":{"name":"(anonymous_4)","decl":{"start":{"line":49,"column":29},"end":{"line":49,"column":34}},"loc":{"start":{"line":49,"column":67},"end":{"line":71,"column":1}}},"4":{"name":"(anonymous_5)","decl":{"start":{"line":60,"column":76},"end":{"line":60,"column":77}},"loc":{"start":{"line":60,"column":81},"end":{"line":60,"column":122}}},"5":{"name":"(anonymous_6)","decl":{"start":{"line":73,"column":34},"end":{"line":73,"column":39}},"loc":{"start":{"line":73,"column":72},"end":{"line":109,"column":1}}},"6":{"name":"(anonymous_7)","decl":{"start":{"line":98,"column":82},"end":{"line":98,"column":83}},"loc":{"start":{"line":98,"column":87},"end":{"line":98,"column":128}}},"7":{"name":"(anonymous_8)","decl":{"start":{"line":111,"column":30},"end":{"line":111,"column":35}},"loc":{"start":{"line":111,"column":68},"end":{"line":133,"column":1}}},"8":{"name":"(anonymous_9)","decl":{"start":{"line":135,"column":29},"end":{"line":135,"column":34}},"loc":{"start":{"line":135,"column":67},"end":{"line":151,"column":1}}},"9":{"name":"(anonymous_10)","decl":{"start":{"line":153,"column":29},"end":{"line":153,"column":34}},"loc":{"start":{"line":153,"column":67},"end":{"line":163,"column":1}}},"10":{"name":"(anonymous_11)","decl":{"start":{"line":165,"column":30},"end":{"line":165,"column":35}},"loc":{"start":{"line":165,"column":68},"end":{"line":181,"column":1}}}},"branchMap":{"0":{"loc":{"start":{"line":13,"column":22},"end":{"line":13,"column":65}},"type":"binary-expr","locations":[{"start":{"line":13,"column":22},"end":{"line":13,"column":60}},{"start":{"line":13,"column":64},"end":{"line":13,"column":65}}]},"1":{"loc":{"start":{"line":41,"column":2},"end":{"line":42,"column":76}},"type":"if","locations":[{"start":{"line":41,"column":2},"end":{"line":42,"column":76}},{"start":{},"end":{}}]},"2":{"loc":{"start":{"line":79,"column":4},"end":{"line":81,"column":5}},"type":"if","locations":[{"start":{"line":79,"column":4},"end":{"line":81,"column":5}},{"start":{},"end":{}}]},"3":{"loc":{"start":{"line":86,"column":18},"end":{"line":86,"column":28}},"type":"binary-expr","locations":[{"start":{"line":86,"column":18},"end":{"line":86,"column":22}},{"start":{"line":86,"column":26},"end":{"line":86,"column":28}}]},"4":{"loc":{"start":{"line":122,"column":2},"end":{"line":123,"column":76}},"type":"if","locations":[{"start":{"line":122,"column":2},"end":{"line":123,"column":76}},{"start":{},"end":{}}]},"5":{"loc":{"start":{"line":145,"column":2},"end":{"line":146,"column":76}},"type":"if","locations":[{"start":{"line":145,"column":2},"end":{"line":146,"column":76}},{"start":{},"end":{}}]},"6":{"loc":{"start":{"line":157,"column":2},"end":{"line":158,"column":76}},"type":"if","locations":[{"start":{"line":157,"column":2},"end":{"line":158,"column":76}},{"start":{},"end":{}}]},"7":{"loc":{"start":{"line":169,"column":2},"end":{"line":170,"column":77}},"type":"if","locations":[{"start":{"line":169,"column":2},"end":{"line":170,"column":77}},{"start":{},"end":{}}]}},"s":{"0":1,"1":1,"2":1,"3":1,"4":1,"5":1,"6":3,"7":3,"8":3,"9":3,"10":3,"11":2,"12":2,"13":2,"14":2,"15":1,"16":1,"17":1,"18":3,"19":3,"20":3,"21":2,"22":1,"23":1,"24":1,"25":1,"26":1,"27":5,"28":5,"29":5,"30":5,"31":5,"32":5,"33":5,"34":5,"35":4,"36":8,"37":4,"38":4,"39":1,"40":1,"41":1,"42":0,"43":0,"44":0,"45":0,"46":0,"47":0,"48":0,"49":0,"50":0,"51":0,"52":0,"53":0,"54":0,"55":0,"56":0,"57":0,"58":1,"59":1,"60":0,"61":0,"62":0,"63":0,"64":0,"65":0,"66":0,"67":0,"68":0,"69":0,"70":1,"71":1,"72":0,"73":0,"74":0,"75":0,"76":0,"77":0,"78":0,"79":1,"80":1,"81":0,"82":0,"83":0,"84":0,"85":0,"86":0,"87":0,"88":1,"89":1,"90":0,"91":0,"92":0,"93":0,"94":0,"95":0,"96":0,"97":1},"f":{"0":3,"1":2,"2":3,"3":5,"4":8,"5":0,"6":0,"7":0,"8":0,"9":0,"10":0},"b":{"0":[3,2],"1":[1,1],"2":[0,0],"3":[0,0],"4":[0,0],"5":[0,0],"6":[0,0],"7":[0,0]}}
,"C:\\Users\\DehBarca\\Projects\\Orbit\\src\\app\\messages\\message.model.ts": {"path":"C:\\Users\\DehBarca\\Projects\\Orbit\\src\\app\\messages\\message.model.ts","statementMap":{"0":{"start":{"line":1,"column":0},"end":{"line":1,"column":54}},"1":{"start":{"line":2,"column":22},"end":{"line":37,"column":null}},"2":{"start":{"line":12,"column":16},"end":{"line":12,"column":69}},"3":{"start":{"line":18,"column":16},"end":{"line":18,"column":45}},"4":{"start":{"line":39,"column":16},"end":{"line":39,"column":47}},"5":{"start":{"line":40,"column":0},"end":{"line":40,"column":23}}},"fnMap":{"0":{"name":"(anonymous_0)","decl":{"start":{"line":11,"column":22},"end":{"line":11,"column":null}},"loc":{"start":{"line":11,"column":22},"end":{"line":13,"column":13}}},"1":{"name":"(anonymous_1)","decl":{"start":{"line":17,"column":22},"end":{"line":17,"column":null}},"loc":{"start":{"line":17,"column":22},"end":{"line":19,"column":13}}}},"branchMap":{"0":{"loc":{"start":{"line":12,"column":23},"end":{"line":12,"column":68}},"type":"binary-expr","locations":[{"start":{"line":12,"column":23},"end":{"line":12,"column":43}},{"start":{"line":12,"column":47},"end":{"line":12,"column":68}}]}},"s":{"0":0,"1":0,"2":0,"3":0,"4":0,"5":0},"f":{"0":0,"1":0},"b":{"0":[0,0]}}
,"C:\\Users\\DehBarca\\Projects\\Orbit\\src\\app\\messages\\message.routes.ts": {"path":"C:\\Users\\DehBarca\\Projects\\Orbit\\src\\app\\messages\\message.routes.ts","statementMap":{"0":{"start":{"line":1,"column":0},"end":{"line":1,"column":33}},"1":{"start":{"line":2,"column":0},"end":{"line":2,"column":53}},"2":{"start":{"line":3,"column":0},"end":{"line":3,"column":58}},"3":{"start":{"line":4,"column":0},"end":{"line":4,"column":45}},"4":{"start":{"line":6,"column":15},"end":{"line":6,"column":23}},"5":{"start":{"line":30,"column":0},"end":{"line":30,"column":90}},"6":{"start":{"line":48,"column":0},"end":{"line":48,"column":76}},"7":{"start":{"line":72,"column":0},"end":{"line":72,"column":66}},"8":{"start":{"line":99,"column":0},"end":{"line":99,"column":102}},"9":{"start":{"line":121,"column":0},"end":{"line":121,"column":75}},"10":{"start":{"line":150,"column":0},"end":{"line":150,"column":75}},"11":{"start":{"line":168,"column":0},"end":{"line":168,"column":78}},"12":{"start":{"line":186,"column":0},"end":{"line":186,"column":89}},"13":{"start":{"line":188,"column":0},"end":{"line":188,"column":22}}},"fnMap":{},"branchMap":{},"s":{"0":0,"1":0,"2":0,"3":0,"4":0,"5":0,"6":0,"7":0,"8":0,"9":0,"10":0,"11":0,"12":0,"13":0},"f":{},"b":{}}
,"C:\\Users\\DehBarca\\Projects\\Orbit\\src\\app\\messages\\reaction.model.ts": {"path":"C:\\Users\\DehBarca\\Projects\\Orbit\\src\\app\\messages\\reaction.model.ts","statementMap":{"0":{"start":{"line":1,"column":0},"end":{"line":1,"column":54}},"1":{"start":{"line":3,"column":23},"end":{"line":18,"column":2}},"2":{"start":{"line":20,"column":17},"end":{"line":20,"column":50}},"3":{"start":{"line":21,"column":0},"end":{"line":21,"column":24}}},"fnMap":{},"branchMap":{},"s":{"0":0,"1":0,"2":0,"3":0},"f":{},"b":{}}
,"C:\\Users\\DehBarca\\Projects\\Orbit\\src\\app\\middlewares\\auth.ts": {"path":"C:\\Users\\DehBarca\\Projects\\Orbit\\src\\app\\middlewares\\auth.ts","statementMap":{"0":{"start":{"line":14,"column":0},"end":{"line":14,"column":16}},"1":{"start":{"line":3,"column":0},"end":{"line":3,"column":31}},"2":{"start":{"line":4,"column":0},"end":{"line":4,"column":42}},"3":{"start":{"line":15,"column":23},"end":{"line":15,"column":48}},"4":{"start":{"line":16,"column":4},"end":{"line":18,"column":5}},"5":{"start":{"line":17,"column":8},"end":{"line":17,"column":73}},"6":{"start":{"line":19,"column":18},"end":{"line":19,"column":42}},"7":{"start":{"line":20,"column":4},"end":{"line":22,"column":5}},"8":{"start":{"line":21,"column":8},"end":{"line":21,"column":47}},"9":{"start":{"line":23,"column":4},"end":{"line":29,"column":5}},"10":{"start":{"line":24,"column":24},"end":{"line":24,"column":83}},"11":{"start":{"line":25,"column":8},"end":{"line":25,"column":27}},"12":{"start":{"line":26,"column":8},"end":{"line":26,"column":22}},"13":{"start":{"line":28,"column":8},"end":{"line":28,"column":75}}},"fnMap":{"0":{"name":"authMiddleware","decl":{"start":{"line":14,"column":16},"end":{"line":14,"column":30}},"loc":{"start":{"line":14,"column":78},"end":{"line":30,"column":1}}}},"branchMap":{"0":{"loc":{"start":{"line":16,"column":4},"end":{"line":18,"column":5}},"type":"if","locations":[{"start":{"line":16,"column":4},"end":{"line":18,"column":5}},{"start":{},"end":{}}]},"1":{"loc":{"start":{"line":20,"column":4},"end":{"line":22,"column":5}},"type":"if","locations":[{"start":{"line":20,"column":4},"end":{"line":22,"column":5}},{"start":{},"end":{}}]}},"s":{"0":0,"1":0,"2":0,"3":0,"4":0,"5":0,"6":0,"7":0,"8":0,"9":0,"10":0,"11":0,"12":0,"13":0},"f":{"0":0},"b":{"0":[0,0],"1":[0,0]}}
,"C:\\Users\\DehBarca\\Projects\\Orbit\\src\\app\\middlewares\\mail.ts": {"path":"C:\\Users\\DehBarca\\Projects\\Orbit\\src\\app\\middlewares\\mail.ts","statementMap":{"0":{"start":{"line":1,"column":0},"end":{"line":1,"column":36}},"1":{"start":{"line":5,"column":26},"end":{"line":15,"column":1}},"2":{"start":{"line":6,"column":2},"end":{"line":14,"column":5}},"3":{"start":{"line":34,"column":25},"end":{"line":53,"column":1}},"4":{"start":{"line":35,"column":2},"end":{"line":52,"column":3}},"5":{"start":{"line":36,"column":24},"end":{"line":36,"column":43}},"6":{"start":{"line":38,"column":24},"end":{"line":44,"column":6}},"7":{"start":{"line":46,"column":4},"end":{"line":46,"column":44}},"8":{"start":{"line":47,"column":4},"end":{"line":47,"column":65}},"9":{"start":{"line":48,"column":4},"end":{"line":48,"column":16}},"10":{"start":{"line":50,"column":4},"end":{"line":50,"column":52}},"11":{"start":{"line":51,"column":4},"end":{"line":51,"column":17}},"12":{"start":{"line":34,"column":13},"end":{"line":34,"column":25}},"13":{"start":{"line":56,"column":25},"end":{"line":143,"column":1}},"14":{"start":{"line":57,"column":53},"end":{"line":57,"column":57}},"15":{"start":{"line":59,"column":2},"end":{"line":142,"column":3}},"16":{"start":{"line":61,"column":6},"end":{"line":82,"column":8}},"17":{"start":{"line":85,"column":6},"end":{"line":109,"column":8}},"18":{"start":{"line":112,"column":6},"end":{"line":138,"column":8}},"19":{"start":{"line":141,"column":6},"end":{"line":141,"column":61}},"20":{"start":{"line":146,"column":29},"end":{"line":159,"column":1}},"21":{"start":{"line":147,"column":2},"end":{"line":158,"column":3}},"22":{"start":{"line":148,"column":21},"end":{"line":148,"column":43}},"23":{"start":{"line":150,"column":4},"end":{"line":154,"column":7}},"24":{"start":{"line":156,"column":4},"end":{"line":156,"column":69}},"25":{"start":{"line":157,"column":4},"end":{"line":157,"column":17}},"26":{"start":{"line":146,"column":13},"end":{"line":146,"column":29}},"27":{"start":{"line":162,"column":31},"end":{"line":171,"column":1}},"28":{"start":{"line":163,"column":2},"end":{"line":170,"column":4}},"29":{"start":{"line":165,"column":4},"end":{"line":167,"column":6}},"30":{"start":{"line":166,"column":6},"end":{"line":166,"column":63}},"31":{"start":{"line":169,"column":4},"end":{"line":169,"column":11}},"32":{"start":{"line":162,"column":13},"end":{"line":162,"column":31}},"33":{"start":{"line":183,"column":40},"end":{"line":185,"column":1}},"34":{"start":{"line":184,"column":2},"end":{"line":184,"column":64}},"35":{"start":{"line":183,"column":13},"end":{"line":183,"column":40}},"36":{"start":{"line":188,"column":34},"end":{"line":196,"column":1}},"37":{"start":{"line":189,"column":2},"end":{"line":195,"column":3}},"38":{"start":{"line":190,"column":19},"end":{"line":190,"column":36}},"39":{"start":{"line":191,"column":4},"end":{"line":191,"column":50}},"40":{"start":{"line":194,"column":4},"end":{"line":194,"column":101}},"41":{"start":{"line":188,"column":13},"end":{"line":188,"column":34}}},"fnMap":{"0":{"name":"(anonymous_1)","decl":{"start":{"line":5,"column":26},"end":{"line":5,"column":29}},"loc":{"start":{"line":5,"column":31},"end":{"line":15,"column":1}}},"1":{"name":"(anonymous_2)","decl":{"start":{"line":34,"column":25},"end":{"line":34,"column":30}},"loc":{"start":{"line":34,"column":75},"end":{"line":53,"column":1}}},"2":{"name":"(anonymous_3)","decl":{"start":{"line":56,"column":25},"end":{"line":56,"column":26}},"loc":{"start":{"line":56,"column":84},"end":{"line":143,"column":1}}},"3":{"name":"(anonymous_4)","decl":{"start":{"line":146,"column":29},"end":{"line":146,"column":34}},"loc":{"start":{"line":146,"column":77},"end":{"line":159,"column":1}}},"4":{"name":"(anonymous_5)","decl":{"start":{"line":162,"column":31},"end":{"line":162,"column":32}},"loc":{"start":{"line":162,"column":92},"end":{"line":171,"column":1}}},"5":{"name":"(anonymous_6)","decl":{"start":{"line":163,"column":9},"end":{"line":163,"column":14}},"loc":{"start":{"line":163,"column":67},"end":{"line":170,"column":3}}},"6":{"name":"(anonymous_7)","decl":{"start":{"line":165,"column":24},"end":{"line":165,"column":29}},"loc":{"start":{"line":165,"column":68},"end":{"line":167,"column":5}}},"7":{"name":"(anonymous_8)","decl":{"start":{"line":183,"column":40},"end":{"line":183,"column":51}},"loc":{"start":{"line":183,"column":53},"end":{"line":185,"column":1}}},"8":{"name":"(anonymous_9)","decl":{"start":{"line":188,"column":34},"end":{"line":188,"column":45}},"loc":{"start":{"line":188,"column":47},"end":{"line":196,"column":1}}}},"branchMap":{"0":{"loc":{"start":{"line":7,"column":10},"end":{"line":7,"column":51}},"type":"binary-expr","locations":[{"start":{"line":7,"column":10},"end":{"line":7,"column":31}},{"start":{"line":7,"column":35},"end":{"line":7,"column":51}}]},"1":{"loc":{"start":{"line":8,"column":19},"end":{"line":8,"column":49}},"type":"binary-expr","locations":[{"start":{"line":8,"column":19},"end":{"line":8,"column":40}},{"start":{"line":8,"column":44},"end":{"line":8,"column":49}}]},"2":{"loc":{"start":{"line":43,"column":12},"end":{"line":43,"column":64}},"type":"binary-expr","locations":[{"start":{"line":43,"column":12},"end":{"line":43,"column":24}},{"start":{"line":43,"column":28},"end":{"line":43,"column":64}}]},"3":{"loc":{"start":{"line":59,"column":2},"end":{"line":142,"column":3}},"type":"switch","locations":[{"start":{"line":60,"column":4},"end":{"line":82,"column":8}},{"start":{"line":84,"column":4},"end":{"line":109,"column":8}},{"start":{"line":111,"column":4},"end":{"line":138,"column":8}},{"start":{"line":140,"column":4},"end":{"line":141,"column":61}}]},"4":{"loc":{"start":{"line":71,"column":25},"end":{"line":71,"column":76}},"type":"binary-expr","locations":[{"start":{"line":71,"column":25},"end":{"line":71,"column":49}},{"start":{"line":71,"column":53},"end":{"line":71,"column":76}}]},"5":{"loc":{"start":{"line":76,"column":14},"end":{"line":76,"column":148}},"type":"cond-expr","locations":[{"start":{"line":76,"column":21},"end":{"line":76,"column":143}},{"start":{"line":76,"column":146},"end":{"line":76,"column":148}}]},"6":{"loc":{"start":{"line":95,"column":25},"end":{"line":95,"column":76}},"type":"binary-expr","locations":[{"start":{"line":95,"column":25},"end":{"line":95,"column":49}},{"start":{"line":95,"column":53},"end":{"line":95,"column":76}}]},"7":{"loc":{"start":{"line":100,"column":14},"end":{"line":100,"column":136}},"type":"cond-expr","locations":[{"start":{"line":100,"column":21},"end":{"line":100,"column":131}},{"start":{"line":100,"column":134},"end":{"line":100,"column":136}}]},"8":{"loc":{"start":{"line":128,"column":25},"end":{"line":128,"column":76}},"type":"binary-expr","locations":[{"start":{"line":128,"column":25},"end":{"line":128,"column":49}},{"start":{"line":128,"column":53},"end":{"line":128,"column":76}}]}},"s":{"0":1,"1":1,"2":0,"3":1,"4":0,"5":0,"6":0,"7":0,"8":0,"9":0,"10":0,"11":0,"12":1,"13":1,"14":0,"15":0,"16":0,"17":0,"18":0,"19":0,"20":1,"21":0,"22":0,"23":0,"24":0,"25":0,"26":1,"27":1,"28":0,"29":0,"30":0,"31":0,"32":1,"33":1,"34":13,"35":1,"36":1,"37":4,"38":4,"39":4,"40":0,"41":1},"f":{"0":0,"1":0,"2":0,"3":0,"4":0,"5":0,"6":0,"7":13,"8":4},"b":{"0":[0,0],"1":[0,0],"2":[0,0],"3":[0,0,0,0],"4":[0,0],"5":[0,0],"6":[0,0],"7":[0,0],"8":[0,0]}}
,"C:\\Users\\DehBarca\\Projects\\Orbit\\src\\app\\middlewares\\s3.ts": {"path":"C:\\Users\\DehBarca\\Projects\\Orbit\\src\\app\\middlewares\\s3.ts","statementMap":{"0":{"start":{"line":2,"column":0},"end":{"line":2,"column":52}},"1":{"start":{"line":3,"column":0},"end":{"line":3,"column":67}},"2":{"start":{"line":4,"column":0},"end":{"line":4,"column":33}},"3":{"start":{"line":6,"column":11},"end":{"line":12,"column":2}},"4":{"start":{"line":14,"column":18},"end":{"line":29,"column":2}},"5":{"start":{"line":18,"column":18},"end":{"line":18,"column":52}},"6":{"start":{"line":19,"column":2},"end":{"line":19,"column":54}},"7":{"start":{"line":20,"column":2},"end":{"line":20,"column":32}},"8":{"start":{"line":21,"column":2},"end":{"line":21,"column":24}},"9":{"start":{"line":25,"column":18},"end":{"line":25,"column":52}},"10":{"start":{"line":26,"column":2},"end":{"line":26,"column":54}},"11":{"start":{"line":27,"column":2},"end":{"line":27,"column":22}},"12":{"start":{"line":31,"column":19},"end":{"line":37,"column":1}},"13":{"start":{"line":36,"column":1},"end":{"line":36,"column":46}},"14":{"start":{"line":39,"column":13},"end":{"line":42,"column":3}},"15":{"start":{"line":44,"column":33},"end":{"line":50,"column":1}},"16":{"start":{"line":45,"column":16},"end":{"line":48,"column":3}},"17":{"start":{"line":49,"column":1},"end":{"line":49,"column":48}},"18":{"start":{"line":44,"column":13},"end":{"line":44,"column":33}}},"fnMap":{"0":{"name":"(anonymous_1)","decl":{"start":{"line":17,"column":11},"end":{"line":17,"column":12}},"loc":{"start":{"line":17,"column":29},"end":{"line":22,"column":2}}},"1":{"name":"(anonymous_2)","decl":{"start":{"line":24,"column":6},"end":{"line":24,"column":7}},"loc":{"start":{"line":24,"column":24},"end":{"line":28,"column":2}}},"2":{"name":"(anonymous_3)","decl":{"start":{"line":31,"column":19},"end":{"line":31,"column":null}},"loc":{"start":{"line":35,"column":4},"end":{"line":37,"column":1}}},"3":{"name":"(anonymous_4)","decl":{"start":{"line":44,"column":33},"end":{"line":44,"column":38}},"loc":{"start":{"line":44,"column":54},"end":{"line":50,"column":1}}}},"branchMap":{"0":{"loc":{"start":{"line":9,"column":15},"end":{"line":9,"column":46}},"type":"binary-expr","locations":[{"start":{"line":9,"column":15},"end":{"line":9,"column":40}},{"start":{"line":9,"column":44},"end":{"line":9,"column":46}}]},"1":{"loc":{"start":{"line":10,"column":19},"end":{"line":10,"column":50}},"type":"binary-expr","locations":[{"start":{"line":10,"column":19},"end":{"line":10,"column":44}},{"start":{"line":10,"column":48},"end":{"line":10,"column":50}}]}},"s":{"0":0,"1":0,"2":0,"3":0,"4":0,"5":0,"6":0,"7":0,"8":0,"9":0,"10":0,"11":0,"12":0,"13":0,"14":0,"15":0,"16":0,"17":0,"18":0},"f":{"0":0,"1":0,"2":0,"3":0},"b":{"0":[0,0],"1":[0,0]}}
,"C:\\Users\\DehBarca\\Projects\\Orbit\\src\\app\\notifications\\notification.controller.ts": {"path":"C:\\Users\\DehBarca\\Projects\\Orbit\\src\\app\\notifications\\notification.controller.ts","statementMap":{"0":{"start":{"line":1,"column":0},"end":{"line":1,"column":48}},"1":{"start":{"line":2,"column":0},"end":{"line":2,"column":42}},"2":{"start":{"line":6,"column":34},"end":{"line":22,"column":1}},"3":{"start":{"line":7,"column":35},"end":{"line":7,"column":43}},"4":{"start":{"line":8,"column":1},"end":{"line":21,"column":2}},"5":{"start":{"line":9,"column":26},"end":{"line":12,"column":4}},"6":{"start":{"line":13,"column":2},"end":{"line":13,"column":31}},"7":{"start":{"line":14,"column":2},"end":{"line":16,"column":47}},"8":{"start":{"line":18,"column":2},"end":{"line":20,"column":40}},"9":{"start":{"line":6,"column":13},"end":{"line":6,"column":34}},"10":{"start":{"line":24,"column":25},"end":{"line":43,"column":1}},"11":{"start":{"line":25,"column":16},"end":{"line":25,"column":27}},"12":{"start":{"line":26,"column":1},"end":{"line":42,"column":2}},"13":{"start":{"line":27,"column":32},"end":{"line":30,"column":4}},"14":{"start":{"line":31,"column":2},"end":{"line":34,"column":61}},"15":{"start":{"line":32,"column":3},"end":{"line":34,"column":61}},"16":{"start":{"line":35,"column":2},"end":{"line":37,"column":57}},"17":{"start":{"line":39,"column":2},"end":{"line":41,"column":40}},"18":{"start":{"line":24,"column":13},"end":{"line":24,"column":25}},"19":{"start":{"line":45,"column":37},"end":{"line":58,"column":1}},"20":{"start":{"line":46,"column":16},"end":{"line":46,"column":27}},"21":{"start":{"line":47,"column":1},"end":{"line":57,"column":2}},"22":{"start":{"line":48,"column":26},"end":{"line":48,"column":73}},"23":{"start":{"line":49,"column":2},"end":{"line":52,"column":55}},"24":{"start":{"line":50,"column":3},"end":{"line":52,"column":55}},"25":{"start":{"line":54,"column":2},"end":{"line":56,"column":40}},"26":{"start":{"line":45,"column":13},"end":{"line":45,"column":37}},"27":{"start":{"line":62,"column":28},"end":{"line":86,"column":1}},"28":{"start":{"line":63,"column":16},"end":{"line":63,"column":27}},"29":{"start":{"line":64,"column":24},"end":{"line":64,"column":37}},"30":{"start":{"line":65,"column":1},"end":{"line":85,"column":2}},"31":{"start":{"line":66,"column":23},"end":{"line":66,"column":66}},"32":{"start":{"line":67,"column":2},"end":{"line":70,"column":47}},"33":{"start":{"line":68,"column":3},"end":{"line":70,"column":47}},"34":{"start":{"line":71,"column":2},"end":{"line":72,"column":76}},"35":{"start":{"line":72,"column":3},"end":{"line":72,"column":76}},"36":{"start":{"line":73,"column":30},"end":{"line":76,"column":null}},"37":{"start":{"line":78,"column":2},"end":{"line":80,"column":55}},"38":{"start":{"line":82,"column":2},"end":{"line":84,"column":40}},"39":{"start":{"line":62,"column":13},"end":{"line":62,"column":28}},"40":{"start":{"line":88,"column":34},"end":{"line":97,"column":1}},"41":{"start":{"line":89,"column":24},"end":{"line":89,"column":49}},"42":{"start":{"line":90,"column":1},"end":{"line":96,"column":2}},"43":{"start":{"line":91,"column":30},"end":{"line":91,"column":82}},"44":{"start":{"line":92,"column":2},"end":{"line":92,"column":103}},"45":{"start":{"line":92,"column":27},"end":{"line":92,"column":103}},"46":{"start":{"line":93,"column":2},"end":{"line":93,"column":85}},"47":{"start":{"line":95,"column":2},"end":{"line":95,"column":77}},"48":{"start":{"line":88,"column":13},"end":{"line":88,"column":34}}},"fnMap":{"0":{"name":"(anonymous_1)","decl":{"start":{"line":6,"column":34},"end":{"line":6,"column":39}},"loc":{"start":{"line":6,"column":72},"end":{"line":22,"column":1}}},"1":{"name":"(anonymous_2)","decl":{"start":{"line":24,"column":25},"end":{"line":24,"column":30}},"loc":{"start":{"line":24,"column":63},"end":{"line":43,"column":1}}},"2":{"name":"(anonymous_3)","decl":{"start":{"line":45,"column":37},"end":{"line":45,"column":42}},"loc":{"start":{"line":45,"column":75},"end":{"line":58,"column":1}}},"3":{"name":"(anonymous_4)","decl":{"start":{"line":62,"column":28},"end":{"line":62,"column":33}},"loc":{"start":{"line":62,"column":66},"end":{"line":86,"column":1}}},"4":{"name":"(anonymous_5)","decl":{"start":{"line":88,"column":34},"end":{"line":88,"column":39}},"loc":{"start":{"line":88,"column":72},"end":{"line":97,"column":1}}}},"branchMap":{"0":{"loc":{"start":{"line":31,"column":2},"end":{"line":34,"column":61}},"type":"if","locations":[{"start":{"line":31,"column":2},"end":{"line":34,"column":61}},{"start":{},"end":{}}]},"1":{"loc":{"start":{"line":49,"column":2},"end":{"line":52,"column":55}},"type":"if","locations":[{"start":{"line":49,"column":2},"end":{"line":52,"column":55}},{"start":{},"end":{}}]},"2":{"loc":{"start":{"line":67,"column":2},"end":{"line":70,"column":47}},"type":"if","locations":[{"start":{"line":67,"column":2},"end":{"line":70,"column":47}},{"start":{},"end":{}}]},"3":{"loc":{"start":{"line":71,"column":2},"end":{"line":72,"column":76}},"type":"if","locations":[{"start":{"line":71,"column":2},"end":{"line":72,"column":76}},{"start":{},"end":{}}]},"4":{"loc":{"start":{"line":92,"column":2},"end":{"line":92,"column":103}},"type":"if","locations":[{"start":{"line":92,"column":2},"end":{"line":92,"column":103}},{"start":{},"end":{}}]}},"s":{"0":0,"1":0,"2":0,"3":0,"4":0,"5":0,"6":0,"7":0,"8":0,"9":0,"10":0,"11":0,"12":0,"13":0,"14":0,"15":0,"16":0,"17":0,"18":0,"19":0,"20":0,"21":0,"22":0,"23":0,"24":0,"25":0,"26":0,"27":0,"28":0,"29":0,"30":0,"31":0,"32":0,"33":0,"34":0,"35":0,"36":0,"37":0,"38":0,"39":0,"40":0,"41":0,"42":0,"43":0,"44":0,"45":0,"46":0,"47":0,"48":0},"f":{"0":0,"1":0,"2":0,"3":0,"4":0},"b":{"0":[0,0],"1":[0,0],"2":[0,0],"3":[0,0],"4":[0,0]}}
,"C:\\Users\\DehBarca\\Projects\\Orbit\\src\\app\\notifications\\notification.model.ts": {"path":"C:\\Users\\DehBarca\\Projects\\Orbit\\src\\app\\notifications\\notification.model.ts","statementMap":{"0":{"start":{"line":1,"column":0},"end":{"line":1,"column":54}},"1":{"start":{"line":2,"column":0},"end":{"line":2,"column":null}},"2":{"start":{"line":3,"column":1},"end":{"line":3,"column":null}},"3":{"start":{"line":4,"column":1},"end":{"line":4,"column":null}},"4":{"start":{"line":5,"column":1},"end":{"line":5,"column":null}},"5":{"start":{"line":6,"column":1},"end":{"line":6,"column":null}},"6":{"start":{"line":7,"column":1},"end":{"line":7,"column":null}},"7":{"start":{"line":8,"column":1},"end":{"line":8,"column":null}},"8":{"start":{"line":9,"column":1},"end":{"line":9,"column":null}},"9":{"start":{"line":11,"column":27},"end":{"line":39,"column":null}},"10":{"start":{"line":42,"column":21},"end":{"line":42,"column":62}},"11":{"start":{"line":43,"column":0},"end":{"line":43,"column":28}}},"fnMap":{"0":{"name":"(anonymous_0)","decl":{"start":{"line":2,"column":0},"end":{"line":2,"column":12}},"loc":{"start":{"line":2,"column":28},"end":{"line":10,"column":1}}}},"branchMap":{"0":{"loc":{"start":{"line":2,"column":12},"end":{"line":2,"column":null}},"type":"binary-expr","locations":[{"start":{"line":2,"column":12},"end":{"line":2,"column":28}},{"start":{"line":2,"column":28},"end":{"line":2,"column":null}}]}},"s":{"0":1,"1":1,"2":1,"3":1,"4":1,"5":1,"6":1,"7":1,"8":1,"9":1,"10":1,"11":1},"f":{"0":1},"b":{"0":[1,1]}}
,"C:\\Users\\DehBarca\\Projects\\Orbit\\src\\app\\notifications\\notification.routes.ts": {"path":"C:\\Users\\DehBarca\\Projects\\Orbit\\src\\app\\notifications\\notification.routes.ts","statementMap":{"0":{"start":{"line":1,"column":0},"end":{"line":1,"column":31}},"1":{"start":{"line":2,"column":0},"end":{"line":2,"column":68}},"2":{"start":{"line":3,"column":0},"end":{"line":3,"column":53}},"3":{"start":{"line":5,"column":15},"end":{"line":5,"column":23}},"4":{"start":{"line":34,"column":0},"end":{"line":34,"column":76}},"5":{"start":{"line":47,"column":0},"end":{"line":47,"column":75}},"6":{"start":{"line":60,"column":0},"end":{"line":60,"column":81}},"7":{"start":{"line":84,"column":0},"end":{"line":84,"column":73}},"8":{"start":{"line":106,"column":0},"end":{"line":106,"column":93}},"9":{"start":{"line":108,"column":0},"end":{"line":108,"column":22}}},"fnMap":{},"branchMap":{},"s":{"0":0,"1":0,"2":0,"3":0,"4":0,"5":0,"6":0,"7":0,"8":0,"9":0},"f":{},"b":{}}
,"C:\\Users\\DehBarca\\Projects\\Orbit\\src\\app\\notifications\\notification.service.ts": {"path":"C:\\Users\\DehBarca\\Projects\\Orbit\\src\\app\\notifications\\notification.service.ts","statementMap":{"0":{"start":{"line":2,"column":0},"end":{"line":2,"column":48}},"1":{"start":{"line":8,"column":27},"end":{"line":26,"column":1}},"2":{"start":{"line":13,"column":1},"end":{"line":25,"column":3}},"3":{"start":{"line":15,"column":24},"end":{"line":22,"column":5}},"4":{"start":{"line":23,"column":3},"end":{"line":23,"column":72}},"5":{"start":{"line":8,"column":13},"end":{"line":8,"column":27}},"6":{"start":{"line":28,"column":26},"end":{"line":41,"column":1}},"7":{"start":{"line":34,"column":22},"end":{"line":39,"column":3}},"8":{"start":{"line":40,"column":1},"end":{"line":40,"column":65}},"9":{"start":{"line":28,"column":13},"end":{"line":28,"column":26}}},"fnMap":{"0":{"name":"(anonymous_1)","decl":{"start":{"line":8,"column":27},"end":{"line":8,"column":32}},"loc":{"start":{"line":12,"column":4},"end":{"line":26,"column":1}}},"1":{"name":"(anonymous_2)","decl":{"start":{"line":14,"column":16},"end":{"line":14,"column":21}},"loc":{"start":{"line":14,"column":35},"end":{"line":24,"column":3}}},"2":{"name":"(anonymous_3)","decl":{"start":{"line":28,"column":26},"end":{"line":28,"column":31}},"loc":{"start":{"line":33,"column":4},"end":{"line":41,"column":1}}}},"branchMap":{"0":{"loc":{"start":{"line":31,"column":1},"end":{"line":31,"column":15}},"type":"default-arg","locations":[{"start":{"line":31,"column":13},"end":{"line":31,"column":15}}]}},"s":{"0":0,"1":0,"2":0,"3":0,"4":0,"5":0,"6":0,"7":0,"8":0,"9":0},"f":{"0":0,"1":0,"2":0},"b":{"0":[0]}}
,"C:\\Users\\DehBarca\\Projects\\Orbit\\src\\app\\tasks\\list.model.ts": {"path":"C:\\Users\\DehBarca\\Projects\\Orbit\\src\\app\\tasks\\list.model.ts","statementMap":{"0":{"start":{"line":2,"column":0},"end":{"line":2,"column":54}},"1":{"start":{"line":4,"column":19},"end":{"line":12,"column":2}},"2":{"start":{"line":13,"column":14},"end":{"line":13,"column":40}},"3":{"start":{"line":14,"column":0},"end":{"line":14,"column":21}}},"fnMap":{},"branchMap":{},"s":{"0":0,"1":0,"2":0,"3":0},"f":{},"b":{}}
,"C:\\Users\\DehBarca\\Projects\\Orbit\\src\\app\\tasks\\task.controller.ts": {"path":"C:\\Users\\DehBarca\\Projects\\Orbit\\src\\app\\tasks\\task.controller.ts","statementMap":{"0":{"start":{"line":1,"column":0},"end":{"line":1,"column":32}},"1":{"start":{"line":4,"column":0},"end":{"line":4,"column":42}},"2":{"start":{"line":6,"column":26},"end":{"line":16,"column":1}},"3":{"start":{"line":7,"column":54},"end":{"line":7,"column":62}},"4":{"start":{"line":8,"column":4},"end":{"line":15,"column":5}},"5":{"start":{"line":9,"column":24},"end":{"line":9,"column":74}},"6":{"start":{"line":10,"column":8},"end":{"line":10,"column":null}},"7":{"start":{"line":12,"column":8},"end":{"line":12,"column":68}},"8":{"start":{"line":14,"column":8},"end":{"line":14,"column":84}},"9":{"start":{"line":6,"column":13},"end":{"line":6,"column":26}},"10":{"start":{"line":18,"column":28},"end":{"line":26,"column":1}},"11":{"start":{"line":19,"column":19},"end":{"line":19,"column":32}},"12":{"start":{"line":20,"column":4},"end":{"line":25,"column":5}},"13":{"start":{"line":21,"column":21},"end":{"line":21,"column":48}},"14":{"start":{"line":22,"column":8},"end":{"line":22,"column":62}},"15":{"start":{"line":24,"column":8},"end":{"line":24,"column":84}},"16":{"start":{"line":18,"column":13},"end":{"line":18,"column":28}},"17":{"start":{"line":28,"column":26},"end":{"line":36,"column":1}},"18":{"start":{"line":29,"column":61},"end":{"line":29,"column":69}},"19":{"start":{"line":30,"column":4},"end":{"line":35,"column":5}},"20":{"start":{"line":31,"column":21},"end":{"line":31,"column":112}},"21":{"start":{"line":32,"column":8},"end":{"line":32,"column":69}},"22":{"start":{"line":34,"column":8},"end":{"line":34,"column":84}},"23":{"start":{"line":28,"column":13},"end":{"line":28,"column":26}},"24":{"start":{"line":38,"column":26},"end":{"line":46,"column":1}},"25":{"start":{"line":39,"column":19},"end":{"line":39,"column":32}},"26":{"start":{"line":40,"column":4},"end":{"line":45,"column":5}},"27":{"start":{"line":41,"column":28},"end":{"line":41,"column":64}},"28":{"start":{"line":42,"column":8},"end":{"line":42,"column":75}},"29":{"start":{"line":44,"column":8},"end":{"line":44,"column":84}},"30":{"start":{"line":38,"column":13},"end":{"line":38,"column":26}}},"fnMap":{"0":{"name":"(anonymous_1)","decl":{"start":{"line":6,"column":26},"end":{"line":6,"column":31}},"loc":{"start":{"line":6,"column":63},"end":{"line":16,"column":1}}},"1":{"name":"(anonymous_2)","decl":{"start":{"line":18,"column":28},"end":{"line":18,"column":33}},"loc":{"start":{"line":18,"column":65},"end":{"line":26,"column":1}}},"2":{"name":"(anonymous_3)","decl":{"start":{"line":28,"column":26},"end":{"line":28,"column":31}},"loc":{"start":{"line":28,"column":63},"end":{"line":36,"column":1}}},"3":{"name":"(anonymous_4)","decl":{"start":{"line":38,"column":26},"end":{"line":38,"column":31}},"loc":{"start":{"line":38,"column":63},"end":{"line":46,"column":1}}}},"branchMap":{},"s":{"0":0,"1":0,"2":0,"3":0,"4":0,"5":0,"6":0,"7":0,"8":0,"9":0,"10":0,"11":0,"12":0,"13":0,"14":0,"15":0,"16":0,"17":0,"18":0,"19":0,"20":0,"21":0,"22":0,"23":0,"24":0,"25":0,"26":0,"27":0,"28":0,"29":0,"30":0},"f":{"0":0,"1":0,"2":0,"3":0},"b":{}}
,"C:\\Users\\DehBarca\\Projects\\Orbit\\src\\app\\tasks\\task.model.ts": {"path":"C:\\Users\\DehBarca\\Projects\\Orbit\\src\\app\\tasks\\task.model.ts","statementMap":{"0":{"start":{"line":2,"column":0},"end":{"line":2,"column":52}},"1":{"start":{"line":4,"column":19},"end":{"line":28,"column":2}},"2":{"start":{"line":30,"column":13},"end":{"line":30,"column":38}},"3":{"start":{"line":32,"column":0},"end":{"line":32,"column":20}}},"fnMap":{},"branchMap":{},"s":{"0":0,"1":0,"2":0,"3":0},"f":{},"b":{}}
,"C:\\Users\\DehBarca\\Projects\\Orbit\\src\\app\\tasks\\task.routes.ts": {"path":"C:\\Users\\DehBarca\\Projects\\Orbit\\src\\app\\tasks\\task.routes.ts","statementMap":{"0":{"start":{"line":2,"column":0},"end":{"line":2,"column":33}},"1":{"start":{"line":3,"column":0},"end":{"line":3,"column":51}},"2":{"start":{"line":4,"column":0},"end":{"line":4,"column":53}},"3":{"start":{"line":5,"column":15},"end":{"line":5,"column":23}},"4":{"start":{"line":29,"column":0},"end":{"line":29,"column":60}},"5":{"start":{"line":49,"column":0},"end":{"line":49,"column":null}},"6":{"start":{"line":75,"column":0},"end":{"line":75,"column":69}},"7":{"start":{"line":95,"column":0},"end":{"line":95,"column":69}},"8":{"start":{"line":97,"column":0},"end":{"line":97,"column":22}}},"fnMap":{},"branchMap":{},"s":{"0":0,"1":0,"2":0,"3":0,"4":0,"5":0,"6":0,"7":0,"8":0},"f":{},"b":{}}
,"C:\\Users\\DehBarca\\Projects\\Orbit\\src\\app\\users\\friendship.model.ts": {"path":"C:\\Users\\DehBarca\\Projects\\Orbit\\src\\app\\users\\friendship.model.ts","statementMap":{"0":{"start":{"line":2,"column":0},"end":{"line":2,"column":54}},"1":{"start":{"line":4,"column":25},"end":{"line":20,"column":2}},"2":{"start":{"line":21,"column":19},"end":{"line":21,"column":56}},"3":{"start":{"line":22,"column":0},"end":{"line":22,"column":26}}},"fnMap":{},"branchMap":{},"s":{"0":0,"1":0,"2":0,"3":0},"f":{},"b":{}}
,"C:\\Users\\DehBarca\\Projects\\Orbit\\src\\app\\users\\user.controller.ts": {"path":"C:\\Users\\DehBarca\\Projects\\Orbit\\src\\app\\users\\user.controller.ts","statementMap":{"0":{"start":{"line":1,"column":0},"end":{"line":1,"column":32}},"1":{"start":{"line":2,"column":0},"end":{"line":2,"column":44}},"2":{"start":{"line":4,"column":0},"end":{"line":4,"column":42}},"3":{"start":{"line":5,"column":0},"end":{"line":5,"column":67}},"4":{"start":{"line":6,"column":0},"end":{"line":6,"column":71}},"5":{"start":{"line":7,"column":0},"end":{"line":7,"column":54}},"6":{"start":{"line":9,"column":27},"end":{"line":16,"column":1}},"7":{"start":{"line":10,"column":1},"end":{"line":15,"column":2}},"8":{"start":{"line":11,"column":16},"end":{"line":11,"column":56}},"9":{"start":{"line":12,"column":2},"end":{"line":12,"column":59}},"10":{"start":{"line":14,"column":2},"end":{"line":14,"column":75}},"11":{"start":{"line":9,"column":13},"end":{"line":9,"column":27}},"12":{"start":{"line":18,"column":25},"end":{"line":28,"column":1}},"13":{"start":{"line":19,"column":1},"end":{"line":21,"column":2}},"14":{"start":{"line":20,"column":2},"end":{"line":20,"column":75}},"15":{"start":{"line":22,"column":1},"end":{"line":27,"column":2}},"16":{"start":{"line":23,"column":15},"end":{"line":23,"column":47}},"17":{"start":{"line":24,"column":2},"end":{"line":24,"column":47}},"18":{"start":{"line":26,"column":2},"end":{"line":26,"column":75}},"19":{"start":{"line":18,"column":13},"end":{"line":18,"column":25}},"20":{"start":{"line":30,"column":27},"end":{"line":38,"column":1}},"21":{"start":{"line":31,"column":16},"end":{"line":31,"column":33}},"22":{"start":{"line":32,"column":1},"end":{"line":37,"column":2}},"23":{"start":{"line":33,"column":15},"end":{"line":33,"column":42}},"24":{"start":{"line":34,"column":2},"end":{"line":34,"column":57}},"25":{"start":{"line":36,"column":2},"end":{"line":36,"column":75}},"26":{"start":{"line":30,"column":13},"end":{"line":30,"column":27}},"27":{"start":{"line":40,"column":27},"end":{"line":51,"column":1}},"28":{"start":{"line":41,"column":18},"end":{"line":41,"column":46}},"29":{"start":{"line":42,"column":1},"end":{"line":50,"column":2}},"30":{"start":{"line":43,"column":16},"end":{"line":45,"column":33}},"31":{"start":{"line":47,"column":2},"end":{"line":47,"column":48}},"32":{"start":{"line":49,"column":2},"end":{"line":49,"column":75}},"33":{"start":{"line":40,"column":13},"end":{"line":40,"column":27}},"34":{"start":{"line":53,"column":26},"end":{"line":67,"column":1}},"35":{"start":{"line":54,"column":62},"end":{"line":54,"column":70}},"36":{"start":{"line":55,"column":1},"end":{"line":66,"column":2}},"37":{"start":{"line":56,"column":15},"end":{"line":59,"column":null}},"38":{"start":{"line":61,"column":2},"end":{"line":62,"column":75}},"39":{"start":{"line":62,"column":3},"end":{"line":62,"column":75}},"40":{"start":{"line":63,"column":2},"end":{"line":63,"column":64}},"41":{"start":{"line":65,"column":2},"end":{"line":65,"column":75}},"42":{"start":{"line":53,"column":13},"end":{"line":53,"column":26}},"43":{"start":{"line":69,"column":28},"end":{"line":84,"column":1}},"44":{"start":{"line":70,"column":18},"end":{"line":70,"column":35}},"45":{"start":{"line":71,"column":16},"end":{"line":71,"column":27}},"46":{"start":{"line":72,"column":1},"end":{"line":83,"column":2}},"47":{"start":{"line":73,"column":15},"end":{"line":76,"column":null}},"48":{"start":{"line":78,"column":2},"end":{"line":79,"column":75}},"49":{"start":{"line":79,"column":3},"end":{"line":79,"column":75}},"50":{"start":{"line":80,"column":2},"end":{"line":80,"column":47}},"51":{"start":{"line":82,"column":2},"end":{"line":82,"column":75}},"52":{"start":{"line":69,"column":13},"end":{"line":69,"column":28}},"53":{"start":{"line":86,"column":26},"end":{"line":94,"column":1}},"54":{"start":{"line":87,"column":16},"end":{"line":87,"column":33}},"55":{"start":{"line":88,"column":1},"end":{"line":93,"column":2}},"56":{"start":{"line":89,"column":22},"end":{"line":89,"column":58}},"57":{"start":{"line":90,"column":2},"end":{"line":90,"column":71}},"58":{"start":{"line":92,"column":2},"end":{"line":92,"column":75}},"59":{"start":{"line":86,"column":13},"end":{"line":86,"column":26}},"60":{"start":{"line":96,"column":33},"end":{"line":116,"column":1}},"61":{"start":{"line":97,"column":16},"end":{"line":97,"column":27}},"62":{"start":{"line":98,"column":22},"end":{"line":98,"column":30}},"63":{"start":{"line":99,"column":12},"end":{"line":99,"column":29}},"64":{"start":{"line":100,"column":1},"end":{"line":115,"column":2}},"65":{"start":{"line":101,"column":17},"end":{"line":101,"column":63}},"66":{"start":{"line":102,"column":2},"end":{"line":105,"column":45}},"67":{"start":{"line":103,"column":3},"end":{"line":105,"column":45}},"68":{"start":{"line":106,"column":21},"end":{"line":106,"column":76}},"69":{"start":{"line":107,"column":2},"end":{"line":107,"column":26}},"70":{"start":{"line":110,"column":2},"end":{"line":110,"column":72}},"71":{"start":{"line":112,"column":2},"end":{"line":112,"column":57}},"72":{"start":{"line":114,"column":2},"end":{"line":114,"column":75}},"73":{"start":{"line":96,"column":13},"end":{"line":96,"column":33}},"74":{"start":{"line":118,"column":35},"end":{"line":153,"column":1}},"75":{"start":{"line":119,"column":16},"end":{"line":119,"column":27}},"76":{"start":{"line":120,"column":26},"end":{"line":120,"column":34}},"77":{"start":{"line":121,"column":12},"end":{"line":121,"column":29}},"78":{"start":{"line":122,"column":1},"end":{"line":152,"column":2}},"79":{"start":{"line":123,"column":21},"end":{"line":126,"column":null}},"80":{"start":{"line":128,"column":2},"end":{"line":129,"column":76}},"81":{"start":{"line":129,"column":3},"end":{"line":129,"column":76}},"82":{"start":{"line":130,"column":2},"end":{"line":130,"column":26}},"83":{"start":{"line":132,"column":28},"end":{"line":136,"column":4}},"84":{"start":{"line":137,"column":2},"end":{"line":137,"column":33}},"85":{"start":{"line":139,"column":2},"end":{"line":139,"column":33}},"86":{"start":{"line":140,"column":2},"end":{"line":145,"column":4}},"87":{"start":{"line":147,"column":2},"end":{"line":149,"column":73}},"88":{"start":{"line":151,"column":2},"end":{"line":151,"column":75}},"89":{"start":{"line":118,"column":13},"end":{"line":118,"column":35}},"90":{"start":{"line":155,"column":26},"end":{"line":170,"column":1}},"91":{"start":{"line":156,"column":16},"end":{"line":156,"column":27}},"92":{"start":{"line":157,"column":1},"end":{"line":169,"column":2}},"93":{"start":{"line":158,"column":22},"end":{"line":161,"column":25}},"94":{"start":{"line":162,"column":2},"end":{"line":165,"column":46}},"95":{"start":{"line":163,"column":3},"end":{"line":165,"column":46}},"96":{"start":{"line":166,"column":2},"end":{"line":166,"column":54}},"97":{"start":{"line":168,"column":2},"end":{"line":168,"column":75}},"98":{"start":{"line":155,"column":13},"end":{"line":155,"column":26}},"99":{"start":{"line":172,"column":35},"end":{"line":189,"column":1}},"100":{"start":{"line":173,"column":16},"end":{"line":173,"column":27}},"101":{"start":{"line":174,"column":1},"end":{"line":188,"column":2}},"102":{"start":{"line":175,"column":25},"end":{"line":178,"column":4}},"103":{"start":{"line":179,"column":2},"end":{"line":182,"column":57}},"104":{"start":{"line":180,"column":3},"end":{"line":182,"column":57}},"105":{"start":{"line":183,"column":2},"end":{"line":183,"column":57}},"106":{"start":{"line":185,"column":2},"end":{"line":187,"column":42}},"107":{"start":{"line":172,"column":13},"end":{"line":172,"column":35}},"108":{"start":{"line":191,"column":32},"end":{"line":208,"column":1}},"109":{"start":{"line":192,"column":26},"end":{"line":192,"column":34}},"110":{"start":{"line":193,"column":1},"end":{"line":207,"column":2}},"111":{"start":{"line":194,"column":18},"end":{"line":194,"column":66}},"112":{"start":{"line":195,"column":2},"end":{"line":198,"column":45}},"113":{"start":{"line":196,"column":3},"end":{"line":198,"column":45}},"114":{"start":{"line":200,"column":2},"end":{"line":203,"column":5}},"115":{"start":{"line":204,"column":2},"end":{"line":204,"column":54}},"116":{"start":{"line":206,"column":2},"end":{"line":206,"column":75}},"117":{"start":{"line":191,"column":13},"end":{"line":191,"column":32}},"118":{"start":{"line":209,"column":27},"end":{"line":226,"column":1}},"119":{"start":{"line":210,"column":16},"end":{"line":210,"column":27}},"120":{"start":{"line":211,"column":22},"end":{"line":211,"column":30}},"121":{"start":{"line":212,"column":1},"end":{"line":225,"column":2}},"122":{"start":{"line":213,"column":21},"end":{"line":216,"column":null}},"123":{"start":{"line":218,"column":2},"end":{"line":221,"column":45}},"124":{"start":{"line":219,"column":3},"end":{"line":221,"column":45}},"125":{"start":{"line":222,"column":2},"end":{"line":222,"column":69}},"126":{"start":{"line":224,"column":2},"end":{"line":224,"column":75}},"127":{"start":{"line":209,"column":13},"end":{"line":209,"column":27}},"128":{"start":{"line":227,"column":26},"end":{"line":244,"column":1}},"129":{"start":{"line":228,"column":16},"end":{"line":228,"column":27}},"130":{"start":{"line":229,"column":22},"end":{"line":229,"column":30}},"131":{"start":{"line":230,"column":1},"end":{"line":243,"column":2}},"132":{"start":{"line":231,"column":21},"end":{"line":234,"column":null}},"133":{"start":{"line":236,"column":2},"end":{"line":239,"column":45}},"134":{"start":{"line":237,"column":3},"end":{"line":239,"column":45}},"135":{"start":{"line":240,"column":2},"end":{"line":240,"column":69}},"136":{"start":{"line":242,"column":2},"end":{"line":242,"column":75}},"137":{"start":{"line":227,"column":13},"end":{"line":227,"column":26}},"138":{"start":{"line":245,"column":32},"end":{"line":258,"column":1}},"139":{"start":{"line":246,"column":16},"end":{"line":246,"column":27}},"140":{"start":{"line":247,"column":16},"end":{"line":247,"column":33}},"141":{"start":{"line":248,"column":1},"end":{"line":257,"column":2}},"142":{"start":{"line":249,"column":18},"end":{"line":252,"column":null}},"143":{"start":{"line":254,"column":2},"end":{"line":254,"column":50}},"144":{"start":{"line":256,"column":2},"end":{"line":256,"column":75}},"145":{"start":{"line":245,"column":13},"end":{"line":245,"column":32}},"146":{"start":{"line":259,"column":30},"end":{"line":278,"column":1}},"147":{"start":{"line":260,"column":16},"end":{"line":260,"column":27}},"148":{"start":{"line":261,"column":14},"end":{"line":261,"column":47}},"149":{"start":{"line":262,"column":1},"end":{"line":264,"column":2}},"150":{"start":{"line":263,"column":2},"end":{"line":263,"column":77}},"151":{"start":{"line":265,"column":1},"end":{"line":277,"column":2}},"152":{"start":{"line":266,"column":19},"end":{"line":269,"column":null}},"153":{"start":{"line":271,"column":2},"end":{"line":273,"column":3}},"154":{"start":{"line":272,"column":3},"end":{"line":272,"column":45}},"155":{"start":{"line":274,"column":2},"end":{"line":274,"column":56}},"156":{"start":{"line":276,"column":2},"end":{"line":276,"column":62}},"157":{"start":{"line":259,"column":13},"end":{"line":259,"column":30}}},"fnMap":{"0":{"name":"(anonymous_1)","decl":{"start":{"line":9,"column":27},"end":{"line":9,"column":32}},"loc":{"start":{"line":9,"column":65},"end":{"line":16,"column":1}}},"1":{"name":"(anonymous_2)","decl":{"start":{"line":18,"column":25},"end":{"line":18,"column":30}},"loc":{"start":{"line":18,"column":63},"end":{"line":28,"column":1}}},"2":{"name":"(anonymous_3)","decl":{"start":{"line":30,"column":27},"end":{"line":30,"column":32}},"loc":{"start":{"line":30,"column":65},"end":{"line":38,"column":1}}},"3":{"name":"(anonymous_4)","decl":{"start":{"line":40,"column":27},"end":{"line":40,"column":32}},"loc":{"start":{"line":40,"column":65},"end":{"line":51,"column":1}}},"4":{"name":"(anonymous_5)","decl":{"start":{"line":53,"column":26},"end":{"line":53,"column":31}},"loc":{"start":{"line":53,"column":64},"end":{"line":67,"column":1}}},"5":{"name":"(anonymous_6)","decl":{"start":{"line":69,"column":28},"end":{"line":69,"column":33}},"loc":{"start":{"line":69,"column":66},"end":{"line":84,"column":1}}},"6":{"name":"(anonymous_7)","decl":{"start":{"line":86,"column":26},"end":{"line":86,"column":31}},"loc":{"start":{"line":86,"column":64},"end":{"line":94,"column":1}}},"7":{"name":"(anonymous_8)","decl":{"start":{"line":96,"column":33},"end":{"line":96,"column":38}},"loc":{"start":{"line":96,"column":71},"end":{"line":116,"column":1}}},"8":{"name":"(anonymous_9)","decl":{"start":{"line":118,"column":35},"end":{"line":118,"column":40}},"loc":{"start":{"line":118,"column":73},"end":{"line":153,"column":1}}},"9":{"name":"(anonymous_10)","decl":{"start":{"line":155,"column":26},"end":{"line":155,"column":31}},"loc":{"start":{"line":155,"column":64},"end":{"line":170,"column":1}}},"10":{"name":"(anonymous_11)","decl":{"start":{"line":172,"column":35},"end":{"line":172,"column":40}},"loc":{"start":{"line":172,"column":73},"end":{"line":189,"column":1}}},"11":{"name":"(anonymous_12)","decl":{"start":{"line":191,"column":32},"end":{"line":191,"column":37}},"loc":{"start":{"line":191,"column":70},"end":{"line":208,"column":1}}},"12":{"name":"(anonymous_13)","decl":{"start":{"line":209,"column":27},"end":{"line":209,"column":32}},"loc":{"start":{"line":209,"column":65},"end":{"line":226,"column":1}}},"13":{"name":"(anonymous_14)","decl":{"start":{"line":227,"column":26},"end":{"line":227,"column":31}},"loc":{"start":{"line":227,"column":64},"end":{"line":244,"column":1}}},"14":{"name":"(anonymous_15)","decl":{"start":{"line":245,"column":32},"end":{"line":245,"column":37}},"loc":{"start":{"line":245,"column":70},"end":{"line":258,"column":1}}},"15":{"name":"(anonymous_16)","decl":{"start":{"line":259,"column":30},"end":{"line":259,"column":35}},"loc":{"start":{"line":259,"column":68},"end":{"line":278,"column":1}}}},"branchMap":{"0":{"loc":{"start":{"line":19,"column":1},"end":{"line":21,"column":2}},"type":"if","locations":[{"start":{"line":19,"column":1},"end":{"line":21,"column":2}},{"start":{},"end":{}}]},"1":{"loc":{"start":{"line":61,"column":2},"end":{"line":62,"column":75}},"type":"if","locations":[{"start":{"line":61,"column":2},"end":{"line":62,"column":75}},{"start":{},"end":{}}]},"2":{"loc":{"start":{"line":78,"column":2},"end":{"line":79,"column":75}},"type":"if","locations":[{"start":{"line":78,"column":2},"end":{"line":79,"column":75}},{"start":{},"end":{}}]},"3":{"loc":{"start":{"line":102,"column":2},"end":{"line":105,"column":45}},"type":"if","locations":[{"start":{"line":102,"column":2},"end":{"line":105,"column":45}},{"start":{},"end":{}}]},"4":{"loc":{"start":{"line":128,"column":2},"end":{"line":129,"column":76}},"type":"if","locations":[{"start":{"line":128,"column":2},"end":{"line":129,"column":76}},{"start":{},"end":{}}]},"5":{"loc":{"start":{"line":162,"column":2},"end":{"line":165,"column":46}},"type":"if","locations":[{"start":{"line":162,"column":2},"end":{"line":165,"column":46}},{"start":{},"end":{}}]},"6":{"loc":{"start":{"line":179,"column":2},"end":{"line":182,"column":57}},"type":"if","locations":[{"start":{"line":179,"column":2},"end":{"line":182,"column":57}},{"start":{},"end":{}}]},"7":{"loc":{"start":{"line":195,"column":2},"end":{"line":198,"column":45}},"type":"if","locations":[{"start":{"line":195,"column":2},"end":{"line":198,"column":45}},{"start":{},"end":{}}]},"8":{"loc":{"start":{"line":218,"column":2},"end":{"line":221,"column":45}},"type":"if","locations":[{"start":{"line":218,"column":2},"end":{"line":221,"column":45}},{"start":{},"end":{}}]},"9":{"loc":{"start":{"line":236,"column":2},"end":{"line":239,"column":45}},"type":"if","locations":[{"start":{"line":236,"column":2},"end":{"line":239,"column":45}},{"start":{},"end":{}}]},"10":{"loc":{"start":{"line":262,"column":1},"end":{"line":264,"column":2}},"type":"if","locations":[{"start":{"line":262,"column":1},"end":{"line":264,"column":2}},{"start":{},"end":{}}]},"11":{"loc":{"start":{"line":271,"column":2},"end":{"line":273,"column":3}},"type":"if","locations":[{"start":{"line":271,"column":2},"end":{"line":273,"column":3}},{"start":{},"end":{}}]}},"s":{"0":1,"1":1,"2":1,"3":1,"4":1,"5":1,"6":1,"7":3,"8":3,"9":2,"10":1,"11":1,"12":1,"13":3,"14":1,"15":2,"16":2,"17":1,"18":1,"19":1,"20":1,"21":4,"22":4,"23":4,"24":3,"25":1,"26":1,"27":1,"28":7,"29":7,"30":7,"31":6,"32":1,"33":1,"34":1,"35":0,"36":0,"37":0,"38":0,"39":0,"40":0,"41":0,"42":1,"43":1,"44":0,"45":0,"46":0,"47":0,"48":0,"49":0,"50":0,"51":0,"52":1,"53":1,"54":0,"55":0,"56":0,"57":0,"58":0,"59":1,"60":1,"61":0,"62":0,"63":0,"64":0,"65":0,"66":0,"67":0,"68":0,"69":0,"70":0,"71":0,"72":0,"73":1,"74":1,"75":0,"76":0,"77":0,"78":0,"79":0,"80":0,"81":0,"82":0,"83":0,"84":0,"85":0,"86":0,"87":0,"88":0,"89":1,"90":1,"91":0,"92":0,"93":0,"94":0,"95":0,"96":0,"97":0,"98":1,"99":1,"100":0,"101":0,"102":0,"103":0,"104":0,"105":0,"106":0,"107":1,"108":1,"109":0,"110":0,"111":0,"112":0,"113":0,"114":0,"115":0,"116":0,"117":1,"118":1,"119":0,"120":0,"121":0,"122":0,"123":0,"124":0,"125":0,"126":0,"127":1,"128":1,"129":0,"130":0,"131":0,"132":0,"133":0,"134":0,"135":0,"136":0,"137":1,"138":1,"139":0,"140":0,"141":0,"142":0,"143":0,"144":0,"145":1,"146":1,"147":0,"148":0,"149":0,"150":0,"151":0,"152":0,"153":0,"154":0,"155":0,"156":0,"157":1},"f":{"0":3,"1":3,"2":4,"3":7,"4":0,"5":0,"6":0,"7":0,"8":0,"9":0,"10":0,"11":0,"12":0,"13":0,"14":0,"15":0},"b":{"0":[1,2],"1":[0,0],"2":[0,0],"3":[0,0],"4":[0,0],"5":[0,0],"6":[0,0],"7":[0,0],"8":[0,0],"9":[0,0],"10":[0,0],"11":[0,0]}}
,"C:\\Users\\DehBarca\\Projects\\Orbit\\src\\app\\users\\user.model.ts": {"path":"C:\\Users\\DehBarca\\Projects\\Orbit\\src\\app\\users\\user.model.ts","statementMap":{"0":{"start":{"line":1,"column":0},"end":{"line":1,"column":53}},"1":{"start":{"line":3,"column":19},"end":{"line":39,"column":21}},"2":{"start":{"line":41,"column":13},"end":{"line":41,"column":38}},"3":{"start":{"line":42,"column":0},"end":{"line":42,"column":20}}},"fnMap":{},"branchMap":{},"s":{"0":0,"1":0,"2":0,"3":0},"f":{},"b":{}}
,"C:\\Users\\DehBarca\\Projects\\Orbit\\src\\app\\users\\user.routes.ts": {"path":"C:\\Users\\DehBarca\\Projects\\Orbit\\src\\app\\users\\user.routes.ts","statementMap":{"0":{"start":{"line":1,"column":0},"end":{"line":1,"column":33}},"1":{"start":{"line":2,"column":0},"end":{"line":2,"column":52}},"2":{"start":{"line":3,"column":0},"end":{"line":3,"column":55}},"3":{"start":{"line":4,"column":0},"end":{"line":4,"column":45}},"4":{"start":{"line":6,"column":15},"end":{"line":6,"column":23}},"5":{"start":{"line":18,"column":0},"end":{"line":18,"column":44}},"6":{"start":{"line":29,"column":0},"end":{"line":29,"column":65}},"7":{"start":{"line":40,"column":0},"end":{"line":40,"column":66}},"8":{"start":{"line":43,"column":0},"end":{"line":43,"column":66}},"9":{"start":{"line":56,"column":0},"end":{"line":56,"column":85}},"10":{"start":{"line":75,"column":0},"end":{"line":75,"column":67}},"11":{"start":{"line":77,"column":0},"end":{"line":77,"column":91}},"12":{"start":{"line":78,"column":0},"end":{"line":78,"column":74}},"13":{"start":{"line":106,"column":0},"end":{"line":106,"column":69}},"14":{"start":{"line":124,"column":0},"end":{"line":124,"column":80}},"15":{"start":{"line":147,"column":0},"end":{"line":147,"column":81}},"16":{"start":{"line":170,"column":0},"end":{"line":170,"column":81}},"17":{"start":{"line":193,"column":0},"end":{"line":193,"column":72}},"18":{"start":{"line":216,"column":0},"end":{"line":216,"column":70}},"19":{"start":{"line":218,"column":0},"end":{"line":218,"column":107}},"20":{"start":{"line":241,"column":0},"end":{"line":241,"column":85}},"21":{"start":{"line":245,"column":0},"end":{"line":245,"column":22}}},"fnMap":{},"branchMap":{},"s":{"0":0,"1":0,"2":0,"3":0,"4":0,"5":0,"6":0,"7":0,"8":0,"9":0,"10":0,"11":0,"12":0,"13":0,"14":0,"15":0,"16":0,"17":0,"18":0,"19":0,"20":0,"21":0},"f":{},"b":{}}
,"C:\\Users\\DehBarca\\Projects\\Orbit\\src\\database\\index.ts": {"path":"C:\\Users\\DehBarca\\Projects\\Orbit\\src\\database\\index.ts","statementMap":{"0":{"start":{"line":1,"column":0},"end":{"line":1,"column":35}},"1":{"start":{"line":3,"column":25},"end":{"line":11,"column":1}},"2":{"start":{"line":4,"column":4},"end":{"line":10,"column":5}},"3":{"start":{"line":5,"column":8},"end":{"line":5,"column":45}},"4":{"start":{"line":6,"column":8},"end":{"line":6,"column":51}},"5":{"start":{"line":8,"column":8},"end":{"line":8,"column":55}},"6":{"start":{"line":9,"column":8},"end":{"line":9,"column":24}},"7":{"start":{"line":3,"column":13},"end":{"line":3,"column":25}}},"fnMap":{"0":{"name":"(anonymous_0)","decl":{"start":{"line":3,"column":25},"end":{"line":3,"column":30}},"loc":{"start":{"line":3,"column":36},"end":{"line":11,"column":1}}}},"branchMap":{},"s":{"0":0,"1":0,"2":0,"3":0,"4":0,"5":0,"6":0,"7":0},"f":{"0":0},"b":{}}
}
