TN:
SF:src\app\routes.ts
FNF:0
FNH:0
DA:1,2
DA:2,2
DA:3,2
DA:4,2
DA:5,2
DA:6,2
DA:7,2
DA:8,2
DA:10,2
DA:12,2
DA:13,2
DA:14,2
DA:15,2
DA:16,2
DA:17,2
DA:18,2
DA:19,2
LF:17
LH:17
BRF:0
BRH:0
end_of_record
TN:
SF:src\app\auth\auth.controller.ts
FN:8,(anonymous_1)
FN:29,(anonymous_2)
FN:77,(anonymous_3)
FN:113,(anonymous_4)
FN:151,(anonymous_5)
FN:180,(anonymous_6)
FN:213,(anonymous_7)
FNF:7
FNH:4
FNDA:8,(anonymous_1)
FNDA:5,(anonymous_2)
FNDA:1,(anonymous_3)
FNDA:1,(anonymous_4)
FNDA:0,(anonymous_5)
FNDA:0,(anonymous_6)
FNDA:0,(anonymous_7)
DA:1,3
DA:3,3
DA:4,3
DA:5,3
DA:6,3
DA:8,3
DA:9,8
DA:10,8
DA:11,8
DA:12,8
DA:13,0
DA:14,0
DA:15,0
DA:17,0
DA:18,0
DA:22,0
DA:23,0
DA:25,8
DA:29,3
DA:30,5
DA:31,5
DA:32,5
DA:33,5
DA:34,0
DA:36,0
DA:37,0
DA:39,0
DA:47,0
DA:50,0
DA:57,0
DA:61,0
DA:72,5
DA:73,5
DA:77,3
DA:78,1
DA:80,1
DA:81,1
DA:82,1
DA:84,0
DA:85,0
DA:88,0
DA:89,0
DA:90,0
DA:93,0
DA:99,0
DA:109,1
DA:113,3
DA:114,1
DA:116,1
DA:117,1
DA:118,1
DA:120,0
DA:122,0
DA:127,0
DA:128,0
DA:130,0
DA:131,0
DA:132,0
DA:135,0
DA:142,0
DA:147,1
DA:151,3
DA:152,0
DA:154,0
DA:155,0
DA:156,0
DA:161,0
DA:162,0
DA:165,0
DA:166,0
DA:167,0
DA:168,0
DA:169,0
DA:171,0
DA:175,0
DA:180,3
DA:181,0
DA:183,0
DA:184,0
DA:187,0
DA:188,0
DA:189,0
DA:191,0
DA:192,0
DA:195,0
DA:196,0
DA:197,0
DA:200,0
DA:207,0
DA:209,0
DA:213,3
DA:214,0
DA:216,0
DA:217,0
DA:218,0
DA:220,0
DA:221,0
DA:224,0
DA:225,0
DA:229,0
DA:230,0
DA:231,0
DA:234,0
DA:241,0
DA:246,0
LF:105
LH:33
BRDA:13,0,0,0
BRDA:13,0,1,0
BRDA:15,1,0,0
BRDA:15,1,1,0
BRDA:17,2,0,0
BRDA:17,2,1,0
BRDA:34,3,0,0
BRDA:34,3,1,0
BRDA:57,4,0,0
BRDA:57,4,1,0
BRDA:84,5,0,0
BRDA:84,5,1,0
BRDA:120,6,0,0
BRDA:120,6,1,0
BRDA:161,7,0,0
BRDA:161,7,1,0
BRDA:183,8,0,0
BRDA:183,8,1,0
BRDA:183,9,0,0
BRDA:183,9,1,0
BRDA:191,10,0,0
BRDA:191,10,1,0
BRDA:207,11,0,0
BRDA:207,11,1,0
BRDA:209,12,0,0
BRDA:209,12,1,0
BRDA:220,13,0,0
BRDA:220,13,1,0
BRDA:224,14,0,0
BRDA:224,14,1,0
BRF:30
BRH:0
end_of_record
TN:
SF:src\app\auth\auth.routes.ts
FN:63,(anonymous_1)
FNF:1
FNH:0
FNDA:0,(anonymous_1)
DA:1,2
DA:2,2
DA:3,2
DA:4,2
DA:5,2
DA:6,2
DA:8,2
DA:9,2
DA:34,2
DA:61,2
DA:63,2
DA:64,0
DA:65,0
DA:66,0
DA:70,0
DA:72,0
DA:73,0
DA:74,0
DA:81,0
DA:86,0
DA:88,0
DA:113,2
DA:139,2
DA:163,2
DA:185,2
DA:211,2
DA:213,2
LF:27
LH:17
BRDA:73,0,0,0
BRDA:73,0,1,0
BRF:2
BRH:0
end_of_record
TN:
SF:src\app\communities\community.controller.ts
FN:6,(anonymous_1)
FN:10,(anonymous_2)
FN:17,(anonymous_3)
FN:27,(anonymous_4)
FN:37,(anonymous_5)
FN:68,(anonymous_6)
FN:72,(anonymous_7)
FN:83,(anonymous_8)
FN:100,(anonymous_9)
FN:116,(anonymous_10)
FNF:10
FNH:0
FNDA:0,(anonymous_1)
FNDA:0,(anonymous_2)
FNDA:0,(anonymous_3)
FNDA:0,(anonymous_4)
FNDA:0,(anonymous_5)
FNDA:0,(anonymous_6)
FNDA:0,(anonymous_7)
FNDA:0,(anonymous_8)
FNDA:0,(anonymous_9)
FNDA:0,(anonymous_10)
DA:2,2
DA:3,2
DA:4,2
DA:6,2
DA:7,0
DA:8,0
DA:9,0
DA:10,0
DA:11,0
DA:12,0
DA:14,0
DA:17,2
DA:18,0
DA:19,0
DA:20,0
DA:21,0
DA:22,0
DA:24,0
DA:27,2
DA:28,0
DA:29,0
DA:30,0
DA:31,0
DA:33,0
DA:37,2
DA:38,0
DA:39,0
DA:40,0
DA:41,0
DA:42,0
DA:44,0
DA:45,0
DA:50,0
DA:53,0
DA:54,0
DA:59,0
DA:62,0
DA:64,0
DA:68,2
DA:69,0
DA:70,0
DA:71,0
DA:72,0
DA:73,0
DA:74,0
DA:75,0
DA:77,0
DA:79,0
DA:83,2
DA:84,0
DA:86,0
DA:87,0
DA:92,0
DA:96,0
DA:100,2
DA:101,0
DA:102,0
DA:103,0
DA:104,0
DA:107,0
DA:112,0
DA:116,2
DA:117,0
DA:118,0
DA:119,0
DA:122,0
DA:126,0
LF:67
LH:11
BRF:0
BRH:0
end_of_record
TN:
SF:src\app\communities\community.model.ts
FNF:0
FNH:0
DA:2,2
DA:4,2
DA:17,2
DA:18,2
LF:4
LH:4
BRF:0
BRH:0
end_of_record
TN:
SF:src\app\communities\community.routes.ts
FNF:0
FNH:0
DA:2,2
DA:3,2
DA:4,2
DA:5,2
DA:16,2
DA:17,2
DA:33,2
DA:51,2
DA:73,2
DA:97,2
DA:114,2
DA:136,2
DA:138,2
LF:13
LH:13
BRF:0
BRH:0
end_of_record
TN:
SF:src\app\communities\communityMember.model.ts
FNF:0
FNH:0
DA:2,2
DA:4,2
DA:22,2
DA:23,2
LF:4
LH:4
BRF:0
BRH:0
end_of_record
TN:
SF:src\app\groups\group.controller.ts
FN:8,(anonymous_1)
FN:12,(anonymous_2)
FN:23,(anonymous_3)
FN:27,(anonymous_4)
FN:40,(anonymous_5)
FN:45,(anonymous_6)
FN:58,(anonymous_7)
FN:70,(anonymous_8)
FN:85,(anonymous_9)
FN:101,(anonymous_10)
FN:133,(anonymous_11)
FN:137,(anonymous_12)
FN:150,(anonymous_13)
FN:164,(anonymous_14)
FN:181,(anonymous_15)
FN:204,(anonymous_16)
FN:222,(anonymous_17)
FN:236,(anonymous_18)
FN:247,(anonymous_19)
FNF:19
FNH:4
FNDA:0,(anonymous_1)
FNDA:0,(anonymous_2)
FNDA:3,(anonymous_3)
FNDA:2,(anonymous_4)
FNDA:0,(anonymous_5)
FNDA:0,(anonymous_6)
FNDA:3,(anonymous_7)
FNDA:0,(anonymous_8)
FNDA:0,(anonymous_9)
FNDA:7,(anonymous_10)
FNDA:0,(anonymous_11)
FNDA:0,(anonymous_12)
FNDA:0,(anonymous_13)
FNDA:0,(anonymous_14)
FNDA:0,(anonymous_15)
FNDA:0,(anonymous_16)
FNDA:0,(anonymous_17)
FNDA:0,(anonymous_18)
FNDA:0,(anonymous_19)
DA:1,3
DA:2,3
DA:5,3
DA:6,3
DA:7,3
DA:8,3
DA:9,0
DA:10,0
DA:11,0
DA:12,0
DA:14,0
DA:16,0
DA:18,0
DA:23,3
DA:24,3
DA:25,3
DA:26,3
DA:27,2
DA:29,2
DA:34,2
DA:36,1
DA:40,3
DA:41,0
DA:42,0
DA:43,0
DA:44,0
DA:45,0
DA:47,0
DA:52,0
DA:54,0
DA:58,3
DA:59,3
DA:60,3
DA:61,3
DA:62,2
DA:63,1
DA:64,1
DA:66,1
DA:70,3
DA:71,0
DA:72,0
DA:73,0
DA:74,0
DA:75,0
DA:76,0
DA:79,0
DA:81,0
DA:85,3
DA:86,0
DA:87,0
DA:88,0
DA:91,0
DA:92,0
DA:95,0
DA:97,0
DA:101,3
DA:102,7
DA:103,7
DA:107,7
DA:108,7
DA:109,7
DA:111,5
DA:112,5
DA:113,5
DA:116,5
DA:117,6
DA:122,6
DA:127,4
DA:129,3
DA:133,3
DA:134,0
DA:135,0
DA:136,0
DA:137,0
DA:138,0
DA:139,0
DA:140,0
DA:144,0
DA:146,0
DA:150,3
DA:151,0
DA:152,0
DA:153,0
DA:158,0
DA:160,0
DA:164,3
DA:165,0
DA:166,0
DA:167,0
DA:168,0
DA:173,0
DA:174,0
DA:175,0
DA:177,0
DA:181,3
DA:182,0
DA:183,0
DA:184,0
DA:185,0
DA:187,0
DA:188,0
DA:193,0
DA:194,0
DA:195,0
DA:196,0
DA:198,0
DA:200,0
DA:204,3
DA:205,0
DA:206,0
DA:207,0
DA:212,0
DA:213,0
DA:216,0
DA:218,0
DA:222,3
DA:223,0
DA:224,0
DA:225,0
DA:226,0
DA:227,0
DA:228,0
DA:232,0
DA:236,3
DA:237,0
DA:238,0
DA:239,0
DA:241,0
DA:243,0
DA:247,3
DA:248,0
DA:249,0
DA:250,0
DA:251,0
DA:255,0
DA:257,0
LF:136
LH:47
BRDA:62,0,0,1
BRDA:62,0,1,1
BRDA:75,1,0,0
BRDA:75,1,1,0
BRDA:91,2,0,0
BRDA:91,2,1,0
BRDA:91,3,0,0
BRDA:91,3,1,0
BRDA:173,4,0,0
BRDA:173,4,1,0
BRDA:184,5,0,0
BRDA:184,5,1,0
BRDA:193,6,0,0
BRDA:193,6,1,0
BRDA:195,7,0,0
BRDA:195,7,1,0
BRDA:212,8,0,0
BRDA:212,8,1,0
BRF:18
BRH:2
end_of_record
TN:
SF:src\app\groups\group.model.ts
FNF:0
FNH:0
DA:1,2
DA:3,2
DA:30,2
DA:31,2
LF:4
LH:4
BRF:0
BRH:0
end_of_record
TN:
SF:src\app\groups\group.routes.ts
FNF:0
FNH:0
DA:2,2
DA:3,2
DA:4,2
DA:5,2
DA:6,2
DA:7,2
DA:9,2
DA:19,2
DA:20,2
DA:21,2
DA:22,2
DA:38,2
DA:55,2
DA:77,2
DA:101,2
DA:102,2
DA:103,2
DA:104,2
DA:120,2
DA:142,2
DA:144,2
DA:145,2
LF:22
LH:22
BRF:0
BRH:0
end_of_record
TN:
SF:src\app\groups\group.service.ts
FN:5,(anonymous_1)
FNF:1
FNH:0
FNDA:0,(anonymous_1)
DA:2,2
DA:5,2
DA:6,0
LF:3
LH:2
BRF:0
BRH:0
end_of_record
TN:
SF:src\app\groups\groupMember.model.ts
FNF:0
FNH:0
DA:1,2
DA:9,2
DA:30,2
DA:31,2
LF:4
LH:4
BRF:0
BRH:0
end_of_record
TN:
SF:src\app\interfaces\Status.ts
FN:1,(anonymous_0)
FNF:1
FNH:1
FNDA:6,(anonymous_0)
DA:1,6
DA:2,6
DA:3,6
DA:4,6
DA:5,6
DA:6,6
DA:7,6
DA:8,6
DA:9,6
DA:10,6
DA:12,6
LF:11
LH:11
BRDA:1,0,0,6
BRDA:1,0,1,6
BRF:2
BRH:2
end_of_record
TN:
SF:src\app\messages\message.controller.ts
FN:11,(anonymous_1)
FN:35,(anonymous_2)
FN:47,(anonymous_3)
FN:58,(anonymous_4)
FN:71,(anonymous_5)
FN:96,(anonymous_6)
FN:109,(anonymous_7)
FN:133,(anonymous_8)
FN:151,(anonymous_9)
FN:163,(anonymous_10)
FNF:10
FNH:4
FNDA:2,(anonymous_1)
FNDA:3,(anonymous_2)
FNDA:5,(anonymous_3)
FNDA:8,(anonymous_4)
FNDA:0,(anonymous_5)
FNDA:0,(anonymous_6)
FNDA:0,(anonymous_7)
FNDA:0,(anonymous_8)
FNDA:0,(anonymous_9)
FNDA:0,(anonymous_10)
DA:1,3
DA:2,3
DA:5,3
DA:6,3
DA:7,3
DA:11,3
DA:12,2
DA:13,2
DA:14,2
DA:15,2
DA:17,2
DA:29,2
DA:31,0
DA:35,3
DA:36,3
DA:37,3
DA:38,3
DA:39,2
DA:40,1
DA:41,1
DA:43,1
DA:47,3
DA:48,5
DA:49,5
DA:50,5
DA:51,5
DA:52,5
DA:53,5
DA:54,5
DA:57,5
DA:58,8
DA:61,4
DA:63,4
DA:67,1
DA:71,3
DA:72,0
DA:73,0
DA:74,0
DA:75,0
DA:77,0
DA:78,0
DA:81,0
DA:82,0
DA:91,0
DA:92,0
DA:95,0
DA:96,0
DA:99,0
DA:101,0
DA:105,0
DA:109,3
DA:110,0
DA:111,0
DA:112,0
DA:113,0
DA:120,0
DA:121,0
DA:122,0
DA:123,0
DA:125,0
DA:129,0
DA:133,3
DA:134,0
DA:135,0
DA:136,0
DA:143,0
DA:144,0
DA:145,0
DA:147,0
DA:151,3
DA:152,0
DA:153,0
DA:154,0
DA:155,0
DA:156,0
DA:157,0
DA:159,0
DA:163,3
DA:164,0
DA:165,0
DA:166,0
DA:167,0
DA:168,0
DA:169,0
DA:174,0
LF:85
LH:38
BRDA:13,0,0,2
BRDA:13,0,1,1
BRDA:39,1,0,1
BRDA:39,1,1,1
BRDA:77,2,0,0
BRDA:77,2,1,0
BRDA:84,3,0,0
BRDA:84,3,1,0
BRDA:120,4,0,0
BRDA:120,4,1,0
BRDA:143,5,0,0
BRDA:143,5,1,0
BRDA:155,6,0,0
BRDA:155,6,1,0
BRDA:167,7,0,0
BRDA:167,7,1,0
BRF:16
BRH:4
end_of_record
TN:
SF:src\app\messages\message.model.ts
FN:11,(anonymous_0)
FN:17,(anonymous_1)
FNF:2
FNH:0
FNDA:0,(anonymous_0)
FNDA:0,(anonymous_1)
DA:1,2
DA:2,2
DA:12,0
DA:18,0
DA:39,2
DA:40,2
LF:6
LH:4
BRDA:12,0,0,0
BRDA:12,0,1,0
BRF:2
BRH:0
end_of_record
TN:
SF:src\app\messages\message.routes.ts
FNF:0
FNH:0
DA:1,2
DA:2,2
DA:3,2
DA:4,2
DA:6,2
DA:30,2
DA:48,2
DA:73,2
DA:100,2
DA:122,2
DA:151,2
DA:169,2
DA:187,2
DA:189,2
LF:14
LH:14
BRF:0
BRH:0
end_of_record
TN:
SF:src\app\messages\reaction.model.ts
FNF:0
FNH:0
DA:1,2
DA:3,2
DA:20,2
DA:21,2
LF:4
LH:4
BRF:0
BRH:0
end_of_record
TN:
SF:src\app\middlewares\auth.ts
FN:13,authMiddleware
FNF:1
FNH:1
FNDA:1,authMiddleware
DA:3,2
DA:4,2
DA:13,2
DA:14,1
DA:15,1
DA:16,1
DA:18,0
DA:19,0
DA:20,0
DA:22,0
DA:23,0
DA:24,0
DA:25,0
DA:27,0
LF:14
LH:6
BRDA:15,0,0,1
BRDA:15,0,1,0
BRDA:19,1,0,0
BRDA:19,1,1,0
BRF:4
BRH:1
end_of_record
TN:
SF:src\app\middlewares\isGroupAdmin.ts
FN:5,(anonymous_1)
FNF:1
FNH:0
FNDA:0,(anonymous_1)
DA:1,2
DA:2,2
DA:5,2
DA:10,0
DA:11,0
DA:12,0
DA:13,0
DA:14,0
DA:16,0
DA:21,0
DA:22,0
DA:23,0
DA:24,0
DA:25,0
DA:28,0
DA:30,0
DA:34,0
DA:36,0
DA:40,2
LF:19
LH:4
BRDA:11,0,0,0
BRDA:11,0,1,0
BRDA:11,1,0,0
BRDA:11,1,1,0
BRDA:13,2,0,0
BRDA:13,2,1,0
BRDA:13,3,0,0
BRDA:13,3,1,0
BRDA:24,4,0,0
BRDA:24,4,1,0
BRDA:28,5,0,0
BRDA:28,5,1,0
BRF:12
BRH:0
end_of_record
TN:
SF:src\app\middlewares\mail.ts
FN:5,(anonymous_1)
FN:34,(anonymous_2)
FN:62,(anonymous_3)
FN:152,(anonymous_4)
FN:168,(anonymous_5)
FN:169,(anonymous_6)
FN:171,(anonymous_7)
FN:189,(anonymous_8)
FN:194,(anonymous_9)
FNF:9
FNH:2
FNDA:0,(anonymous_1)
FNDA:0,(anonymous_2)
FNDA:0,(anonymous_3)
FNDA:0,(anonymous_4)
FNDA:0,(anonymous_5)
FNDA:0,(anonymous_6)
FNDA:0,(anonymous_7)
FNDA:13,(anonymous_8)
FNDA:4,(anonymous_9)
DA:1,3
DA:5,3
DA:6,0
DA:34,3
DA:36,0
DA:37,0
DA:38,0
DA:41,0
DA:42,0
DA:44,0
DA:52,0
DA:54,0
DA:57,0
DA:62,3
DA:63,0
DA:65,0
DA:67,0
DA:91,0
DA:118,0
DA:147,0
DA:152,3
DA:153,0
DA:154,0
DA:156,0
DA:163,0
DA:168,3
DA:169,0
DA:171,0
DA:172,0
DA:175,0
DA:189,3
DA:190,13
DA:194,3
DA:195,4
DA:196,4
DA:197,4
DA:200,0
LF:37
LH:12
BRDA:7,0,0,0
BRDA:7,0,1,0
BRDA:8,1,0,0
BRDA:8,1,1,0
BRDA:36,2,0,0
BRDA:36,2,1,0
BRDA:49,3,0,0
BRDA:49,3,1,0
BRDA:65,4,0,0
BRDA:65,4,1,0
BRDA:65,4,2,0
BRDA:65,4,3,0
BRDA:77,5,0,0
BRDA:77,5,1,0
BRDA:82,6,0,0
BRDA:82,6,1,0
BRDA:101,7,0,0
BRDA:101,7,1,0
BRDA:106,8,0,0
BRDA:106,8,1,0
BRDA:134,9,0,0
BRDA:134,9,1,0
BRF:22
BRH:0
end_of_record
TN:
SF:src\app\middlewares\s3.ts
FN:17,(anonymous_1)
FN:26,(anonymous_2)
FN:35,(anonymous_3)
FN:48,(anonymous_4)
FNF:4
FNH:0
FNDA:0,(anonymous_1)
FNDA:0,(anonymous_2)
FNDA:0,(anonymous_3)
FNDA:0,(anonymous_4)
DA:2,3
DA:3,3
DA:4,3
DA:6,3
DA:14,3
DA:18,0
DA:19,0
DA:20,0
DA:21,0
DA:22,0
DA:23,0
DA:27,0
DA:28,0
DA:29,0
DA:30,0
DA:31,0
DA:35,3
DA:40,0
DA:43,3
DA:48,3
DA:49,0
DA:53,0
LF:22
LH:8
BRDA:9,0,0,3
BRDA:9,0,1,3
BRDA:10,1,0,3
BRDA:10,1,1,3
BRF:4
BRH:4
end_of_record
TN:
SF:src\app\notifications\notification.controller.ts
FN:6,(anonymous_1)
FN:24,(anonymous_2)
FN:45,(anonymous_3)
FN:62,(anonymous_4)
FN:88,(anonymous_5)
FNF:5
FNH:0
FNDA:0,(anonymous_1)
FNDA:0,(anonymous_2)
FNDA:0,(anonymous_3)
FNDA:0,(anonymous_4)
FNDA:0,(anonymous_5)
DA:1,2
DA:2,2
DA:6,2
DA:7,0
DA:8,0
DA:9,0
DA:13,0
DA:14,0
DA:18,0
DA:24,2
DA:25,0
DA:26,0
DA:27,0
DA:31,0
DA:32,0
DA:35,0
DA:39,0
DA:45,2
DA:46,0
DA:47,0
DA:48,0
DA:49,0
DA:50,0
DA:54,0
DA:62,2
DA:63,0
DA:64,0
DA:65,0
DA:66,0
DA:67,0
DA:68,0
DA:71,0
DA:72,0
DA:73,0
DA:78,0
DA:82,0
DA:88,2
DA:89,0
DA:90,0
DA:91,0
DA:92,0
DA:93,0
DA:95,0
LF:43
LH:7
BRDA:31,0,0,0
BRDA:31,0,1,0
BRDA:49,1,0,0
BRDA:49,1,1,0
BRDA:67,2,0,0
BRDA:67,2,1,0
BRDA:71,3,0,0
BRDA:71,3,1,0
BRDA:92,4,0,0
BRDA:92,4,1,0
BRF:10
BRH:0
end_of_record
TN:
SF:src\app\notifications\notification.model.ts
FN:2,(anonymous_0)
FNF:1
FNH:1
FNDA:3,(anonymous_0)
DA:1,3
DA:2,3
DA:3,3
DA:4,3
DA:5,3
DA:6,3
DA:7,3
DA:8,3
DA:9,3
DA:11,3
DA:42,3
DA:43,3
LF:12
LH:12
BRDA:2,0,0,3
BRDA:2,0,1,3
BRF:2
BRH:2
end_of_record
TN:
SF:src\app\notifications\notification.routes.ts
FNF:0
FNH:0
DA:1,2
DA:2,2
DA:3,2
DA:5,2
DA:34,2
DA:47,2
DA:60,2
DA:84,2
DA:106,2
DA:108,2
LF:10
LH:10
BRF:0
BRH:0
end_of_record
TN:
SF:src\app\notifications\notification.service.ts
FN:8,(anonymous_1)
FN:14,(anonymous_2)
FN:28,(anonymous_3)
FNF:3
FNH:0
FNDA:0,(anonymous_1)
FNDA:0,(anonymous_2)
FNDA:0,(anonymous_3)
DA:2,2
DA:8,2
DA:13,0
DA:15,0
DA:23,0
DA:28,2
DA:34,0
DA:40,0
LF:8
LH:3
BRDA:31,0,0,0
BRF:1
BRH:0
end_of_record
TN:
SF:src\app\tasks\list.model.ts
FNF:0
FNH:0
DA:2,2
DA:4,2
DA:13,2
DA:14,2
LF:4
LH:4
BRF:0
BRH:0
end_of_record
TN:
SF:src\app\tasks\task.controller.ts
FN:6,(anonymous_1)
FN:18,(anonymous_2)
FN:28,(anonymous_3)
FN:38,(anonymous_4)
FNF:4
FNH:0
FNDA:0,(anonymous_1)
FNDA:0,(anonymous_2)
FNDA:0,(anonymous_3)
FNDA:0,(anonymous_4)
DA:1,2
DA:4,2
DA:6,2
DA:7,0
DA:8,0
DA:9,0
DA:10,0
DA:12,0
DA:14,0
DA:18,2
DA:19,0
DA:20,0
DA:21,0
DA:22,0
DA:24,0
DA:28,2
DA:29,0
DA:30,0
DA:31,0
DA:32,0
DA:34,0
DA:38,2
DA:39,0
DA:40,0
DA:41,0
DA:42,0
DA:44,0
LF:27
LH:6
BRF:0
BRH:0
end_of_record
TN:
SF:src\app\tasks\task.model.ts
FNF:0
FNH:0
DA:2,2
DA:4,2
DA:30,2
DA:32,2
LF:4
LH:4
BRF:0
BRH:0
end_of_record
TN:
SF:src\app\tasks\task.routes.ts
FNF:0
FNH:0
DA:2,2
DA:3,2
DA:4,2
DA:5,2
DA:29,2
DA:49,2
DA:75,2
DA:95,2
DA:97,2
LF:9
LH:9
BRF:0
BRH:0
end_of_record
TN:
SF:src\app\users\friendship.model.ts
FNF:0
FNH:0
DA:2,2
DA:4,2
DA:21,2
DA:22,2
LF:4
LH:4
BRF:0
BRH:0
end_of_record
TN:
SF:src\app\users\user.controller.ts
FN:10,(anonymous_1)
FN:19,(anonymous_2)
FN:31,(anonymous_3)
FN:41,(anonymous_4)
FN:54,(anonymous_5)
FN:70,(anonymous_6)
FN:87,(anonymous_7)
FN:97,(anonymous_8)
FN:119,(anonymous_9)
FN:153,(anonymous_10)
FN:170,(anonymous_11)
FN:189,(anonymous_12)
FN:207,(anonymous_13)
FN:225,(anonymous_14)
FN:243,(anonymous_15)
FN:257,(anonymous_16)
FNF:16
FNH:4
FNDA:3,(anonymous_1)
FNDA:3,(anonymous_2)
FNDA:4,(anonymous_3)
FNDA:7,(anonymous_4)
FNDA:0,(anonymous_5)
FNDA:0,(anonymous_6)
FNDA:0,(anonymous_7)
FNDA:0,(anonymous_8)
FNDA:0,(anonymous_9)
FNDA:0,(anonymous_10)
FNDA:0,(anonymous_11)
FNDA:0,(anonymous_12)
FNDA:0,(anonymous_13)
FNDA:0,(anonymous_14)
FNDA:0,(anonymous_15)
FNDA:0,(anonymous_16)
DA:1,3
DA:2,3
DA:4,3
DA:5,3
DA:6,3
DA:7,3
DA:8,3
DA:10,3
DA:11,3
DA:12,3
DA:13,2
DA:15,1
DA:19,3
DA:20,3
DA:21,1
DA:23,2
DA:24,2
DA:25,1
DA:27,1
DA:31,3
DA:32,4
DA:33,4
DA:34,4
DA:35,3
DA:37,1
DA:41,3
DA:42,7
DA:43,7
DA:44,7
DA:48,6
DA:50,1
DA:54,3
DA:55,0
DA:56,0
DA:57,0
DA:62,0
DA:63,0
DA:64,0
DA:66,0
DA:70,3
DA:71,0
DA:72,0
DA:73,0
DA:74,0
DA:79,0
DA:80,0
DA:81,0
DA:83,0
DA:87,3
DA:88,0
DA:89,0
DA:90,0
DA:91,0
DA:93,0
DA:97,3
DA:98,0
DA:99,0
DA:100,0
DA:101,0
DA:102,0
DA:103,0
DA:104,0
DA:107,0
DA:108,0
DA:111,0
DA:113,0
DA:115,0
DA:119,3
DA:120,0
DA:121,0
DA:122,0
DA:123,0
DA:124,0
DA:129,0
DA:130,0
DA:132,0
DA:137,0
DA:138,0
DA:145,0
DA:149,0
DA:153,3
DA:154,0
DA:155,0
DA:156,0
DA:160,0
DA:161,0
DA:164,0
DA:166,0
DA:170,3
DA:171,0
DA:172,0
DA:173,0
DA:177,0
DA:178,0
DA:181,0
DA:183,0
DA:189,3
DA:190,0
DA:191,0
DA:192,0
DA:193,0
DA:194,0
DA:198,0
DA:202,0
DA:204,0
DA:207,3
DA:208,0
DA:209,0
DA:210,0
DA:211,0
DA:216,0
DA:217,0
DA:220,0
DA:222,0
DA:225,3
DA:226,0
DA:227,0
DA:228,0
DA:229,0
DA:234,0
DA:235,0
DA:238,0
DA:240,0
DA:243,3
DA:244,0
DA:245,0
DA:246,0
DA:247,0
DA:252,0
DA:254,0
DA:257,3
DA:258,0
DA:259,0
DA:260,0
DA:261,0
DA:263,0
DA:264,0
DA:269,0
DA:270,0
DA:272,0
DA:274,0
LF:141
LH:43
BRDA:20,0,0,1
BRDA:20,0,1,2
BRDA:62,1,0,0
BRDA:62,1,1,0
BRDA:79,2,0,0
BRDA:79,2,1,0
BRDA:103,3,0,0
BRDA:103,3,1,0
BRDA:129,4,0,0
BRDA:129,4,1,0
BRDA:160,5,0,0
BRDA:160,5,1,0
BRDA:177,6,0,0
BRDA:177,6,1,0
BRDA:193,7,0,0
BRDA:193,7,1,0
BRDA:216,8,0,0
BRDA:216,8,1,0
BRDA:234,9,0,0
BRDA:234,9,1,0
BRDA:260,10,0,0
BRDA:260,10,1,0
BRDA:269,11,0,0
BRDA:269,11,1,0
BRF:24
BRH:2
end_of_record
TN:
SF:src\app\users\user.model.ts
FNF:0
FNH:0
DA:1,3
DA:3,3
DA:41,3
DA:42,3
LF:4
LH:4
BRF:0
BRH:0
end_of_record
TN:
SF:src\app\users\user.routes.ts
FNF:0
FNH:0
DA:1,2
DA:2,2
DA:3,2
DA:4,2
DA:6,2
DA:18,2
DA:29,2
DA:40,2
DA:43,2
DA:56,2
DA:75,2
DA:77,2
DA:78,2
DA:79,2
DA:108,2
DA:126,2
DA:149,2
DA:172,2
DA:195,2
DA:218,2
DA:242,2
DA:246,2
LF:22
LH:22
BRF:0
BRH:0
end_of_record
TN:
SF:src\database\index.ts
FN:3,(anonymous_0)
FNF:1
FNH:0
FNDA:0,(anonymous_0)
DA:1,2
DA:3,2
DA:4,0
DA:5,0
DA:6,0
DA:10,0
DA:11,0
DA:13,0
LF:8
LH:2
BRDA:5,0,0,0
BRDA:5,0,1,0
BRDA:10,1,0,0
BRDA:10,1,1,0
BRF:4
BRH:0
end_of_record
